#
# A fatal error has been detected by the Java Runtime Environment:
#
#  EXCEPTION_ACCESS_VIOLATION (0xc0000005) at pc=0x00007ffd0bceb736, pid=10372, tid=1128
#
# JRE version: OpenJDK Runtime Environment Temurin-17.0.9+9 (17.0.9+9) (build 17.0.9+9)
# Java VM: OpenJDK 64-Bit Server VM Temurin-17.0.9+9 (17.0.9+9, mixed mode, tiered, compressed oops, compressed class ptrs, g1 gc, windows-amd64)
# Problematic frame:
# C  [awt.dll+0xdb736]
#
# No core dump will be written. Minidumps are not enabled by default on client versions of Windows
#
# If you would like to submit a bug report, please visit:
#   https://github.com/adoptium/adoptium-support/issues
# The crash happened outside the Java Virtual Machine in native code.
# See problematic frame for where to report the bug.
#

---------------  S U M M A R Y ------------

Command Line: -Dfile.encoding=windows-1252 -Dstdout.encoding=windows-1252 -Dstderr.encoding=windows-1252 -XX:+ShowCodeDetailsInExceptionMessages LockerManagement.LogoFadeIn

Host: AMD A12-9700P RADEON R7, 10 COMPUTE CORES 4C+6G, 4 cores, 7G,  Windows 10 , 64 bit Build 19041 (10.0.19041.3636)
Time: Mon Dec 25 00:20:51 2023 Pakistan Standard Time elapsed time: 5604.181555 seconds (0d 1h 33m 24s)

---------------  T H R E A D  ---------------

Current thread (0x00000201d60a6560):  JavaThread "AWT-EventQueue-0" [_thread_in_native, id=1128, stack(0x00000097b6500000,0x00000097b6600000)]

Stack: [0x00000097b6500000,0x00000097b6600000],  sp=0x00000097b65fee70,  free space=1019k
Native frames: (J=compiled Java code, j=interpreted, Vv=VM code, C=native code)
C  [awt.dll+0xdb736]

Java frames: (J=compiled Java code, j=interpreted, Vv=VM code)
j  sun.awt.Win32GraphicsDevice.initNativeScale(I)V+0 java.desktop@17.0.9
j  sun.awt.Win32GraphicsDevice.initScaleFactors()V+60 java.desktop@17.0.9
j  sun.awt.Win32GraphicsDevice.displayChanged()V+16 java.desktop@17.0.9
j  sun.java2d.d3d.D3DGraphicsDevice.displayChanged()V+1 java.desktop@17.0.9
j  sun.awt.Win32GraphicsEnvironment.displayChanged()V+271 java.desktop@17.0.9
j  sun.awt.windows.WToolkit.lambda$displayChanged$4()V+15 java.desktop@17.0.9
j  sun.awt.windows.WToolkit$$Lambda$129+0x0000000100189fd0.run()V+0 java.desktop@17.0.9
j  java.awt.event.InvocationEvent.dispatch()V+47 java.desktop@17.0.9
j  java.awt.EventQueue.dispatchEventImpl(Ljava/awt/AWTEvent;Ljava/lang/Object;)V+21 java.desktop@17.0.9
j  java.awt.EventQueue$4.run()Ljava/lang/Void;+32 java.desktop@17.0.9
j  java.awt.EventQueue$4.run()Ljava/lang/Object;+1 java.desktop@17.0.9
J 1041 c1 java.security.ProtectionDomain$JavaSecurityAccessImpl.doIntersectionPrivilege(Ljava/security/PrivilegedAction;Ljava/security/AccessControlContext;Ljava/security/AccessControlContext;)Ljava/lang/Object; java.base@17.0.9 (22 bytes) @ 0x00000201bb7a982c [0x00000201bb7a95a0+0x000000000000028c]
j  java.awt.EventQueue.dispatchEvent(Ljava/awt/AWTEvent;)V+46 java.desktop@17.0.9
j  java.awt.EventDispatchThread.pumpOneEventForFilters(I)V+78 java.desktop@17.0.9
j  java.awt.EventDispatchThread.pumpEventsForFilter(ILjava/awt/Conditional;Ljava/awt/EventFilter;)V+35 java.desktop@17.0.9
j  java.awt.EventDispatchThread.pumpEventsForHierarchy(ILjava/awt/Conditional;Ljava/awt/Component;)V+11 java.desktop@17.0.9
j  java.awt.EventDispatchThread.pumpEvents(ILjava/awt/Conditional;)V+4 java.desktop@17.0.9
j  java.awt.EventDispatchThread.pumpEvents(Ljava/awt/Conditional;)V+3 java.desktop@17.0.9
j  java.awt.EventDispatchThread.run()V+9 java.desktop@17.0.9
v  ~StubRoutines::call_stub

siginfo: EXCEPTION_ACCESS_VIOLATION (0xc0000005), reading address 0xffffffffffffffff


Registers:
RAX=0x616a4c3b676e6972, RBX=0x00000201d641d160, RCX=0x616a4c3b676e6972, RDX=0x0000000000000000
RSP=0x00000097b65fee70, RBP=0x00000097b65fef50, RSI=0x0000000000000000, RDI=0x0000000000000000
R8 =0x0000000000000001, R9 =0x00000000000000dd, R10=0x00000201c2b6d5d2, R11=0x0000000000000100
R12=0x0000000000000000, R13=0x00000201d2717cb8, R14=0x00000097b65fef78, R15=0x00000201d60a6560
RIP=0x00007ffd0bceb736, EFLAGS=0x0000000000010202


Register to memory mapping:

RIP=0x00007ffd0bceb736 awt.dll
RAX=0x616a4c3b676e6972 is an unknown value
RBX=0x00000201d641d160 points into unknown readable memory: 0x00000201d64a1c60 | 60 1c 4a d6 01 02 00 00
RCX=0x616a4c3b676e6972 is an unknown value
RDX=0x0 is NULL
RSP=0x00000097b65fee70 is pointing into the stack for thread: 0x00000201d60a6560
RBP=0x00000097b65fef50 is pointing into the stack for thread: 0x00000201d60a6560
RSI=0x0 is NULL
RDI=0x0 is NULL
R8 =0x0000000000000001 is an unknown value
R9 =0x00000000000000dd is an unknown value
R10=0x00000201c2b6d5d2 is at code_begin+946 in an Interpreter codelet
method entry point (kind = native)  [0x00000201c2b6d220, 0x00000201c2b6dba0]  2432 bytes
R11=0x0000000000000100 is an unknown value
R12=0x0 is NULL
R13={method} {0x00000201d2717cc0} 'initNativeScale' '(I)V' in 'sun/awt/Win32GraphicsDevice'
R14=0x00000097b65fef78 is pointing into the stack for thread: 0x00000201d60a6560
R15=0x00000201d60a6560 is a thread


Top of Stack: (sp=0x00000097b65fee70)
0x00000097b65fee70:   0000000000000000 0000000000000007
0x00000097b65fee80:   00000201d641d160 0000000000000000
0x00000097b65fee90:   00000201d641d160 00007ffd0bcecf82
0x00000097b65feea0:   00007ffd0bd4c848 00000201d2717cb8
0x00000097b65feeb0:   00000097b65fefc0 00007ffd215d687d
0x00000097b65feec0:   00000201c2b69645 00000201c2b6d601
0x00000097b65feed0:   00000201d2717cb8 00000201c2b69645
0x00000097b65feee0:   0000000000000000 00007ffd21883019
0x00000097b65feef0:   00000201d60a6560 00007ffd21882f67
0x00000097b65fef00:   00000201d2ca69b8 00000097b65fef08
0x00000097b65fef10:   0000000000000000 00000097b65fef78
0x00000097b65fef20:   00000201d271a698 0000000000000000
0x00000097b65fef30:   0000000089f91b88 00000201d2717cb8
0x00000097b65fef40:   0000000000000000 00000097b65fef70
0x00000097b65fef50:   00000097b65fefc8 00000201c2b694ec
0x00000097b65fef60:   0000000000000000 00000201c2b6af58
0x00000097b65fef70:   0000000000000000 0000000089eaba80
0x00000097b65fef80:   00000097b65fef80 00000201d27182c4
0x00000097b65fef90:   00000097b65fefd8 00000201d271a698
0x00000097b65fefa0:   0000000000000000 0000000089f91b88
0x00000097b65fefb0:   00000201d2718310 00000097b65fef70
0x00000097b65fefc0:   00000097b65fefd8 00000097b65ff028
0x00000097b65fefd0:   00000201c2b694ec 0000000089eaba80
0x00000097b65fefe0:   00000097b65fefe0 00000201d2719880
0x00000097b65feff0:   00000097b65ff038 00000201d271a698
0x00000097b65ff000:   0000000000000000 0000000089f91b88
0x00000097b65ff010:   00000201d27198a8 00000097b65fefd8
0x00000097b65ff020:   00000097b65ff038 00000097b65ff088
0x00000097b65ff030:   00000201c2b694ec 0000000089eaba80
0x00000097b65ff040:   00000097b65ff040 00000201d2716291
0x00000097b65ff050:   00000097b65ff098 00000201d271b3f8
0x00000097b65ff060:   0000000000000000 0000000089f91c00 

Instructions: (pc=0x00007ffd0bceb736)
0x00007ffd0bceb636:   00 68 00 00 00 0f 11 44 24 34 0f 11 44 24 44 0f
0x00007ffd0bceb646:   11 44 24 54 0f 11 44 24 64 0f 11 44 24 74 0f 11
0x00007ffd0bceb656:   84 24 84 00 00 00 89 84 24 94 00 00 00 c7 44 24
0x00007ffd0bceb666:   30 68 00 00 00 48 8d 94 24 a0 00 00 00 48 8b cd
0x00007ffd0bceb676:   ff 15 4c a7 06 00 85 c0 74 40 48 8d 54 24 30 48
0x00007ffd0bceb686:   8b ce ff 15 3a a7 06 00 85 c0 74 2e 48 8d 54 24
0x00007ffd0bceb696:   34 48 8d 8c 24 a4 00 00 00 ff 15 6b a2 06 00 85
0x00007ffd0bceb6a6:   c0 74 17 48 8d 54 24 44 48 8d 8c 24 b4 00 00 00
0x00007ffd0bceb6b6:   ff 15 54 a2 06 00 85 c0 75 11 ff c7 3b 7b 0c 0f
0x00007ffd0bceb6c6:   8c 15 ff ff ff 8b 3d df dc 06 00 48 8b cb e8 a7
0x00007ffd0bceb6d6:   cf f4 ff 90 8b c7 48 8b 8c 24 10 01 00 00 48 33
0x00007ffd0bceb6e6:   cc e8 b4 01 01 00 4c 8d 9c 24 20 01 00 00 49 8b
0x00007ffd0bceb6f6:   5b 18 49 8b 6b 20 49 8b 73 28 49 8b e3 5f c3 cc
0x00007ffd0bceb706:   cc cc cc cc cc cc cc cc cc cc 48 8b 41 08 48 8b
0x00007ffd0bceb716:   80 18 0c 00 00 c3 cc cc cc cc 48 8b 41 08 48 05
0x00007ffd0bceb726:   00 04 00 00 c3 cc cc cc cc cc 40 53 48 83 ec 20
0x00007ffd0bceb736:   83 79 50 00 48 8b d9 75 56 48 8b 49 28 4c 8d 44
0x00007ffd0bceb746:   24 38 48 8d 54 24 30 c7 44 24 30 00 00 80 bf c7
0x00007ffd0bceb756:   44 24 38 00 00 80 bf e8 1e e1 00 00 f3 0f 10 54
0x00007ffd0bceb766:   24 30 0f 57 c0 0f 2f d0 76 25 f3 0f 10 4c 24 38
0x00007ffd0bceb776:   0f 2f c8 76 1a f3 0f 5e 15 01 a5 02 00 f3 0f 5e
0x00007ffd0bceb786:   0d f9 a4 02 00 f3 0f 11 53 48 f3 0f 11 4b 4c 48
0x00007ffd0bceb796:   83 c4 20 5b c3 cc cc cc cc cc 48 89 5c 24 10 48
0x00007ffd0bceb7a6:   89 74 24 18 57 41 56 41 57 48 83 ec 40 48 8b d9
0x00007ffd0bceb7b6:   48 8b 41 18 48 85 c0 75 18 b9 28 04 00 00 e8 b7
0x00007ffd0bceb7c6:   96 00 00 48 89 43 18 c7 00 28 00 00 00 48 8b 43
0x00007ffd0bceb7d6:   18 33 ff 66 89 78 0e 48 8b 4b 28 e8 6a 03 00 00
0x00007ffd0bceb7e6:   48 8b f0 41 bf 01 00 00 00 45 8b c7 41 8b d7 48
0x00007ffd0bceb7f6:   8b c8 ff 15 32 9e 06 00 4c 8b f0 89 7c 24 30 48
0x00007ffd0bceb806:   8b 4b 18 48 89 4c 24 28 48 89 7c 24 20 45 8b cf
0x00007ffd0bceb816:   45 33 c0 48 8b d0 48 8b ce ff 15 f3 9e 06 00 48
0x00007ffd0bceb826:   8b 0b 48 8b 53 30 83 79 04 08 0f 8e 01 02 00 00 


Stack slot to memory mapping:
stack at sp + 0 slots: 0x0 is NULL
stack at sp + 1 slots: 0x0000000000000007 is an unknown value
stack at sp + 2 slots: 0x00000201d641d160 points into unknown readable memory: 0x00000201d64a1c60 | 60 1c 4a d6 01 02 00 00
stack at sp + 3 slots: 0x0 is NULL
stack at sp + 4 slots: 0x00000201d641d160 points into unknown readable memory: 0x00000201d64a1c60 | 60 1c 4a d6 01 02 00 00
stack at sp + 5 slots: 0x00007ffd0bcecf82 awt.dll
stack at sp + 6 slots: 0x00007ffd0bd4c848 awt.dll
stack at sp + 7 slots: {method} {0x00000201d2717cc0} 'initNativeScale' '(I)V' in 'sun/awt/Win32GraphicsDevice'


Compiled method (c1) 5604275 1041       3       java.security.ProtectionDomain$JavaSecurityAccessImpl::doIntersectionPrivilege (22 bytes)
 total in heap  [0x00000201bb7a9390,0x00000201bb7a9d30] = 2464
 relocation     [0x00000201bb7a94e8,0x00000201bb7a95a0] = 184
 main code      [0x00000201bb7a95a0,0x00000201bb7a9a80] = 1248
 stub code      [0x00000201bb7a9a80,0x00000201bb7a9b18] = 152
 metadata       [0x00000201bb7a9b18,0x00000201bb7a9b38] = 32
 scopes data    [0x00000201bb7a9b38,0x00000201bb7a9c18] = 224
 scopes pcs     [0x00000201bb7a9c18,0x00000201bb7a9d18] = 256
 dependencies   [0x00000201bb7a9d18,0x00000201bb7a9d20] = 8
 nul chk table  [0x00000201bb7a9d20,0x00000201bb7a9d30] = 16

[Constant Pool (empty)]

[MachCode]
[Entry Point]
  # {method} {0x00000201d22dfa58} 'doIntersectionPrivilege' '(Ljava/security/PrivilegedAction;Ljava/security/AccessControlContext;Ljava/security/AccessControlContext;)Ljava/lang/Object;' in 'java/security/ProtectionDomain$JavaSecurityAccessImpl'
  # this:     rdx:rdx   = 'java/security/ProtectionDomain$JavaSecurityAccessImpl'
  # parm0:    r8:r8     = 'java/security/PrivilegedAction'
  # parm1:    r9:r9     = 'java/security/AccessControlContext'
  # parm2:    rdi:rdi   = 'java/security/AccessControlContext'
  #           [sp+0xa0]  (sp of caller)
  0x00000201bb7a95a0: 448b 5208 | 49c1 e203 

  0x00000201bb7a95a8: ;   {runtime_call ic_miss_stub}
  0x00000201bb7a95a8: 4c3b d00f | 85cf 7a40 | 070f 1f84 | 0000 0000 | 000f 1f80 | 0000 0000 
[Verified Entry Point]
  0x00000201bb7a95c0: 8984 2400 | 90ff ff55 | 4881 ec90 

  0x00000201bb7a95cc: ;   {metadata(method data for {method} {0x00000201d22dfa58} 'doIntersectionPrivilege' '(Ljava/security/PrivilegedAction;Ljava/security/AccessControlContext;Ljava/security/AccessControlContext;)Ljava/lang/Object;' in 'java/security/ProtectionDomain$JavaSecurityAccessImpl')}
  0x00000201bb7a95cc: 0000 0048 | bee8 5cc9 | d201 0200 | 008b 9ecc | 0000 0083 | c302 899e | cc00 0000 | 81e3 fe07 
  0x00000201bb7a95ec: 0000 83fb | 000f 8462 | 0300 0049 

  0x00000201bb7a95f8: ;   {metadata(method data for {method} {0x00000201d22dfa58} 'doIntersectionPrivilege' '(Ljava/security/PrivilegedAction;Ljava/security/AccessControlContext;Ljava/security/AccessControlContext;)Ljava/lang/Object;' in 'java/security/ProtectionDomain$JavaSecurityAccessImpl')}
  0x00000201bb7a95f8: 83f8 0048 | bae8 5cc9 | d201 0200 | 0048 be20 | 0100 0000 | 0000 000f | 840a 0000 | 0048 be10 
  0x00000201bb7a9618: 0100 0000 | 0000 0048 | 8b1c 3248 | 8d5b 0148 | 891c 320f | 849a 0200 | 004c 8944 

  0x00000201bb7a9634: ;   {metadata(method data for {method} {0x00000201d22dfa58} 'doIntersectionPrivilege' '(Ljava/security/PrivilegedAction;Ljava/security/AccessControlContext;Ljava/security/AccessControlContext;)Ljava/lang/Object;' in 'java/security/ProtectionDomain$JavaSecurityAccessImpl')}
  0x00000201bb7a9634: 2460 48ba | e85c c9d2 | 0102 0000 | 4883 8240 | 0100 0001 | 488b d74d 

  0x00000201bb7a964c: ;   {static_call}
  0x00000201bb7a964c: 8bc1 90e8 

  0x00000201bb7a9650: ; ImmutableOopMap {[96]=Oop }
                      ;*invokestatic getCombinedACC {reexecute=0 rethrow=0 return_oop=0}
                      ; - java.security.ProtectionDomain$JavaSecurityAccessImpl::doIntersectionPrivilege@15 (line 88)
  0x00000201bb7a9650: 0c09 0000 

  0x00000201bb7a9654: ;   {metadata(method data for {method} {0x00000201d22dfa58} 'doIntersectionPrivilege' '(Ljava/security/PrivilegedAction;Ljava/security/AccessControlContext;Ljava/security/AccessControlContext;)Ljava/lang/Object;' in 'java/security/ProtectionDomain$JavaSecurityAccessImpl')}
  0x00000201bb7a9654: 48be e85c | c9d2 0102 | 0000 4883 | 8650 0100 

  0x00000201bb7a9664: ;   {metadata(method data for {method} {0x00000201d2039230} 'doPrivileged' '(Ljava/security/PrivilegedAction;Ljava/security/AccessControlContext;)Ljava/lang/Object;' in 'java/security/AccessController')}
  0x00000201bb7a9664: 0001 48be | 0097 bcd2 | 0102 0000 | 8bbe cc00 | 0000 83c7 | 0289 becc | 0000 0081 | e7fe ff1f 
  0x00000201bb7a9684: 0083 ff00 | 0f84 ec02 

  0x00000201bb7a968c: ;   {metadata(method data for {method} {0x00000201d2039230} 'doPrivileged' '(Ljava/security/PrivilegedAction;Ljava/security/AccessControlContext;)Ljava/lang/Object;' in 'java/security/AccessController')}
  0x00000201bb7a968c: 0000 48be | 0097 bcd2 | 0102 0000 | 4883 8610 | 0100 0001 | 4889 4424 

  0x00000201bb7a96a4: ;   {static_call}
  0x00000201bb7a96a4: 6866 90e8 

  0x00000201bb7a96a8: ; ImmutableOopMap {[96]=Oop [104]=Oop }
                      ;*invokestatic getCallerClass {reexecute=0 rethrow=0 return_oop=0}
                      ; - java.security.AccessController::doPrivileged@0 (line 397)
                      ; - java.security.ProtectionDomain$JavaSecurityAccessImpl::doIntersectionPrivilege@18 (line 86)
  0x00000201bb7a96a8: 8c22 9707 

  0x00000201bb7a96ac: ;   {metadata(method data for {method} {0x00000201d2039230} 'doPrivileged' '(Ljava/security/PrivilegedAction;Ljava/security/AccessControlContext;)Ljava/lang/Object;' in 'java/security/AccessController')}
  0x00000201bb7a96ac: 48ba 0097 | bcd2 0102 | 0000 4883 | 8220 0100 | 0001 488b | 5424 684c | 8bc0 4889 | 4424 700f 
  0x00000201bb7a96cc: ;   {static_call}
  0x00000201bb7a96cc: 1f40 00e8 

  0x00000201bb7a96d0: ; ImmutableOopMap {[96]=Oop [112]=Oop }
                      ;*invokestatic checkContext {reexecute=0 rethrow=0 return_oop=0}
                      ; - java.security.AccessController::doPrivileged@6 (line 398)
                      ; - java.security.ProtectionDomain$JavaSecurityAccessImpl::doIntersectionPrivilege@18 (line 86)
  0x00000201bb7a96d0: ac83 9907 | 4889 4424 

  0x00000201bb7a96d8: ;   {metadata(method data for {method} {0x00000201d2039230} 'doPrivileged' '(Ljava/security/PrivilegedAction;Ljava/security/AccessControlContext;)Ljava/lang/Object;' in 'java/security/AccessController')}
  0x00000201bb7a96d8: 7848 ba00 | 97bc d201 | 0200 0048 | 8382 3001 

  0x00000201bb7a96e8: ;   {metadata(method data for {method} {0x00000201d2039e50} 'executePrivileged' '(Ljava/security/PrivilegedAction;Ljava/security/AccessControlContext;Ljava/lang/Class;)Ljava/lang/Object;' in 'java/security/AccessController')}
  0x00000201bb7a96e8: 0000 0148 | ba58 fc61 | d201 0200 | 008b b2cc | 0000 0083 | c602 89b2 | cc00 0000 | 81e6 feff 
  0x00000201bb7a9708: 1f00 83fe | 000f 8488 | 0200 0048 

  0x00000201bb7a9714: ;   {metadata(method data for {method} {0x00000201d2039e50} 'executePrivileged' '(Ljava/security/PrivilegedAction;Ljava/security/AccessControlContext;Ljava/lang/Class;)Ljava/lang/Object;' in 'java/security/AccessController')}
  0x00000201bb7a9714: 83f8 0048 | ba58 fc61 | d201 0200 | 0048 be10 | 0100 0000 | 0000 000f | 840a 0000 | 0048 be20 
  0x00000201bb7a9734: 0100 0000 | 0000 0048 | 8b3c 3248 | 8d7f 0148 | 893c 320f | 841f 0000 

  0x00000201bb7a974c: ;   {metadata(method data for {method} {0x00000201d2039e50} 'executePrivileged' '(Ljava/security/PrivilegedAction;Ljava/security/AccessControlContext;Ljava/lang/Class;)Ljava/lang/Object;' in 'java/security/AccessController')}
  0x00000201bb7a974c: 0048 ba58 | fc61 d201 | 0200 0048 | 8382 3001 | 0000 0148 | 8bd0 0f1f 

  0x00000201bb7a9764: ;   {static_call}
  0x00000201bb7a9764: 4400 00e8 

  0x00000201bb7a9768: ; ImmutableOopMap {[96]=Oop [112]=Oop [120]=Oop }
                      ;*invokestatic ensureMaterializedForStackWalk {reexecute=0 rethrow=0 return_oop=0}
                      ; - java.security.AccessController::executePrivileged@5 (line 772)
                      ; - java.security.AccessController::doPrivileged@13 (line 399)
                      ; - java.security.ProtectionDomain$JavaSecurityAccessImpl::doIntersectionPrivilege@18 (line 86)
  0x00000201bb7a9768: 4c06 9807 

  0x00000201bb7a976c: ;   {metadata(method data for {method} {0x00000201d2039e50} 'executePrivileged' '(Ljava/security/PrivilegedAction;Ljava/security/AccessControlContext;Ljava/lang/Class;)Ljava/lang/Object;' in 'java/security/AccessController')}
  0x00000201bb7a976c: 48ba 58fc | 61d2 0102 | 0000 ff82 | 4001 0000 | 4c8b 4424 | 6049 3b00 

  0x00000201bb7a9784: ;   {metadata(method data for {method} {0x00000201d2039e50} 'executePrivileged' '(Ljava/security/PrivilegedAction;Ljava/security/AccessControlContext;Ljava/lang/Class;)Ljava/lang/Object;' in 'java/security/AccessController')}
  0x00000201bb7a9784: 498b d048 | be58 fc61 | d201 0200 | 008b 5208 | 48c1 e203 | 483b 96b0 | 0100 0075 | 0d48 8386 
  0x00000201bb7a97a4: b801 0000 | 01e9 6600 | 0000 483b | 96c0 0100 | 0075 0d48 | 8386 c801 | 0000 01e9 | 5000 0000 
  0x00000201bb7a97c4: 4881 beb0 | 0100 0000 | 0000 0075 | 1748 8996 | b001 0000 | 48c7 86b8 | 0100 0001 | 0000 00e9 
  0x00000201bb7a97e4: 2c00 0000 | 4881 bec0 | 0100 0000 | 0000 0075 | 1748 8996 | c001 0000 | 48c7 86c8 | 0100 0001 
  0x00000201bb7a9804: 0000 00e9 | 0800 0000 | 4883 86a0 | 0100 0001 | 498b d066 | 0f1f 4400 | 0048 b860 | 6412 db01 
  0x00000201bb7a9824: ;   {virtual_call}
  0x00000201bb7a9824: 0200 00e8 

  0x00000201bb7a9828: ; ImmutableOopMap {[112]=Oop [120]=Oop }
                      ;*invokeinterface run {reexecute=0 rethrow=0 return_oop=0}
                      ; - java.security.AccessController::executePrivileged@29 (line 776)
                      ; - java.security.AccessController::doPrivileged@13 (line 399)
                      ; - java.security.ProtectionDomain$JavaSecurityAccessImpl::doIntersectionPrivilege@18 (line 86)
  0x00000201bb7a9828: dc69 4b07 

  0x00000201bb7a982c: ;   {metadata(method data for {method} {0x00000201d2039e50} 'executePrivileged' '(Ljava/security/PrivilegedAction;Ljava/security/AccessControlContext;Ljava/lang/Class;)Ljava/lang/Object;' in 'java/security/AccessController')}
  0x00000201bb7a982c: 48ba 58fc | 61d2 0102 | 0000 ff82 | d801 0000 | 488b 5424 

  0x00000201bb7a9840: ;   {metadata(method data for {method} {0x00000201d2039e50} 'executePrivileged' '(Ljava/security/PrivilegedAction;Ljava/security/AccessControlContext;Ljava/lang/Class;)Ljava/lang/Object;' in 'java/security/AccessController')}
  0x00000201bb7a9840: 7048 be58 | fc61 d201 | 0200 0048 | 8386 3802 

  0x00000201bb7a9850: ;   {metadata(method data for {method} {0x00000201d203fa88} 'reachabilityFence' '(Ljava/lang/Object;)V' in 'java/lang/ref/Reference')}
  0x00000201bb7a9850: 0000 0148 | bee8 7c56 | d201 0200 | 008b becc | 0000 0083 | c702 89be | cc00 0000 | 81e7 feff 
  0x00000201bb7a9870: 1f00 83ff | 000f 8446 

  0x00000201bb7a9878: ;   {metadata(method data for {method} {0x00000201d2039e50} 'executePrivileged' '(Ljava/security/PrivilegedAction;Ljava/security/AccessControlContext;Ljava/lang/Class;)Ljava/lang/Object;' in 'java/security/AccessController')}
  0x00000201bb7a9878: 0100 0048 | ba58 fc61 | d201 0200 | 0048 8382 | 4802 0000 

  0x00000201bb7a988c: ;   {metadata(method data for {method} {0x00000201d203fa88} 'reachabilityFence' '(Ljava/lang/Object;)V' in 'java/lang/ref/Reference')}
  0x00000201bb7a988c: 0148 bae8 | 7c56 d201 | 0200 008b | b2cc 0000 | 0083 c602 | 89b2 cc00 | 0000 81e6 | feff 1f00 
  0x00000201bb7a98ac: 83fe 000f | 842d 0100 | 0048 81c4 | 9000 0000 

  0x00000201bb7a98bc: ;   {poll_return}
  0x00000201bb7a98bc: 5d49 3ba7 | 5003 0000 | 0f87 3901 | 0000 c30f | 1f44 0000 

  0x00000201bb7a98d0: ;   {no_reloc}
  0x00000201bb7a98d0: e953 0100 | 0000 0000 | 0000 498b | 8708 0100 | 0048 8d78 | 3049 3bbf | 1801 0000 | 0f87 4001 
  0x00000201bb7a98f0: 0000 4989 | bf08 0100 | 0048 c700 | 0100 0000 | 488b ca48 | c1e9 0389 | 4808 4833 | c989 480c 
  0x00000201bb7a9910: 4833 c948 | 8948 1048 | 8948 1848 | 8948 2048 | 8948 2848 

  0x00000201bb7a9924: ;   {metadata(method data for {method} {0x00000201d22dfa58} 'doIntersectionPrivilege' '(Ljava/security/PrivilegedAction;Ljava/security/AccessControlContext;Ljava/security/AccessControlContext;)Ljava/lang/Object;' in 'java/security/ProtectionDomain$JavaSecurityAccessImpl')}
  0x00000201bb7a9924: 8bd0 48be | e85c c9d2 | 0102 0000 | 4883 8630 | 0100 0001 | 488b d048 | 8984 2480 | 0000 000f 
  0x00000201bb7a9944: ;   {optimized virtual_call}
  0x00000201bb7a9944: 1f40 00e8 

  0x00000201bb7a9948: ; ImmutableOopMap {[128]=Oop }
                      ;*invokespecial <init> {reexecute=0 rethrow=0 return_oop=0}
                      ; - java.security.ProtectionDomain$JavaSecurityAccessImpl::doIntersectionPrivilege@8 (line 83)
  0x00000201bb7a9948: 347a 4007 | 488b 8424 | 8000 0000 | e905 0100 

  0x00000201bb7a9958: ;   {metadata({method} {0x00000201d22dfa58} 'doIntersectionPrivilege' '(Ljava/security/PrivilegedAction;Ljava/security/AccessControlContext;Ljava/security/AccessControlContext;)Ljava/lang/Object;' in 'java/security/ProtectionDomain$JavaSecurityAccessImpl')}
  0x00000201bb7a9958: 0049 ba50 | fa2d d201 | 0200 004c | 8954 2408 | 48c7 0424 | ffff ffff 

  0x00000201bb7a9970: ;   {runtime_call counter_overflow Runtime1 stub}
  0x00000201bb7a9970: e88b fc4a 

  0x00000201bb7a9974: ; ImmutableOopMap {rdx=Oop r8=Oop r9=Oop rdi=Oop }
                      ;*synchronization entry
                      ; - java.security.ProtectionDomain$JavaSecurityAccessImpl::doIntersectionPrivilege@-1 (line 82)
  0x00000201bb7a9974: 07e9 7dfc 

  0x00000201bb7a9978: ;   {metadata({method} {0x00000201d2039230} 'doPrivileged' '(Ljava/security/PrivilegedAction;Ljava/security/AccessControlContext;)Ljava/lang/Object;' in 'java/security/AccessController')}
  0x00000201bb7a9978: ffff 49ba | 2892 03d2 | 0102 0000 | 4c89 5424 | 0848 c704 | 24ff ffff 

  0x00000201bb7a9990: ;   {runtime_call counter_overflow Runtime1 stub}
  0x00000201bb7a9990: ffe8 6afc 

  0x00000201bb7a9994: ; ImmutableOopMap {[96]=Oop rax=Oop }
                      ;*synchronization entry
                      ; - java.security.AccessController::doPrivileged@-1 (line 397)
                      ; - java.security.ProtectionDomain$JavaSecurityAccessImpl::doIntersectionPrivilege@18 (line 86)
  0x00000201bb7a9994: 4a07 e9f3 

  0x00000201bb7a9998: ;   {metadata({method} {0x00000201d2039e50} 'executePrivileged' '(Ljava/security/PrivilegedAction;Ljava/security/AccessControlContext;Ljava/lang/Class;)Ljava/lang/Object;' in 'java/security/AccessController')}
  0x00000201bb7a9998: fcff ff49 | ba48 9e03 | d201 0200 | 004c 8954 | 2408 48c7 | 0424 ffff 

  0x00000201bb7a99b0: ;   {runtime_call counter_overflow Runtime1 stub}
  0x00000201bb7a99b0: ffff e849 

  0x00000201bb7a99b4: ; ImmutableOopMap {[96]=Oop [112]=Oop rax=Oop [120]=Oop }
                      ;*synchronization entry
                      ; - java.security.AccessController::executePrivileged@-1 (line 771)
                      ; - java.security.AccessController::doPrivileged@13 (line 399)
                      ; - java.security.ProtectionDomain$JavaSecurityAccessImpl::doIntersectionPrivilege@18 (line 86)
  0x00000201bb7a99b4: fc4a 07e9 | 57fd ffff 

  0x00000201bb7a99bc: ;   {runtime_call throw_null_pointer_exception Runtime1 stub}
  0x00000201bb7a99bc: e85f ab4a 

  0x00000201bb7a99c0: ; ImmutableOopMap {[112]=Oop r8=Oop [120]=Oop }
                      ;*invokeinterface run {reexecute=0 rethrow=0 return_oop=0}
                      ; - java.security.AccessController::executePrivileged@29 (line 776)
                      ; - java.security.AccessController::doPrivileged@13 (line 399)
                      ; - java.security.ProtectionDomain$JavaSecurityAccessImpl::doIntersectionPrivilege@18 (line 86)
                      ;   {metadata({method} {0x00000201d203fa88} 'reachabilityFence' '(Ljava/lang/Object;)V' in 'java/lang/ref/Reference')}
  0x00000201bb7a99c0: 0749 ba80 | fa03 d201 | 0200 004c | 8954 2408 | 48c7 0424 | ffff ffff 

  0x00000201bb7a99d8: ;   {runtime_call counter_overflow Runtime1 stub}
  0x00000201bb7a99d8: e823 fc4a 

  0x00000201bb7a99dc: ; ImmutableOopMap {rax=Oop rdx=Oop }
                      ;*synchronization entry
                      ; - java.lang.ref.Reference::reachabilityFence@-1 (line 621)
                      ; - java.security.AccessController::executePrivileged@56 (line 781)
                      ; - java.security.AccessController::doPrivileged@13 (line 399)
                      ; - java.security.ProtectionDomain$JavaSecurityAccessImpl::doIntersectionPrivilege@18 (line 86)
  0x00000201bb7a99dc: 07e9 99fe 

  0x00000201bb7a99e0: ;   {metadata({method} {0x00000201d203fa88} 'reachabilityFence' '(Ljava/lang/Object;)V' in 'java/lang/ref/Reference')}
  0x00000201bb7a99e0: ffff 49ba | 80fa 03d2 | 0102 0000 | 4c89 5424 | 0848 c704 | 24ff ffff 

  0x00000201bb7a99f8: ;   {runtime_call counter_overflow Runtime1 stub}
  0x00000201bb7a99f8: ffe8 02fc 

  0x00000201bb7a99fc: ; ImmutableOopMap {rax=Oop }
                      ;*synchronization entry
                      ; - java.lang.ref.Reference::reachabilityFence@-1 (line 621)
                      ; - java.security.AccessController::executePrivileged@60 (line 782)
                      ; - java.security.AccessController::doPrivileged@13 (line 399)
                      ; - java.security.ProtectionDomain$JavaSecurityAccessImpl::doIntersectionPrivilege@18 (line 86)
  0x00000201bb7a99fc: 4a07 e9b2 

  0x00000201bb7a9a00: ;   {internal_word}
  0x00000201bb7a9a00: feff ff49 | babd 987a | bb01 0200 | 004d 8997 | 6803 0000 

  0x00000201bb7a9a14: ;   {runtime_call SafepointBlob}
  0x00000201bb7a9a14: e967 db40 

  0x00000201bb7a9a18: ;   {metadata(NULL)}
  0x00000201bb7a9a18: 0748 ba00 | 0000 0000 | 0000 00b8 | 000f 050a 

  0x00000201bb7a9a28: ;   {runtime_call load_klass_patching Runtime1 stub}
  0x00000201bb7a9a28: e853 eb4a 

  0x00000201bb7a9a2c: ; ImmutableOopMap {}
                      ;*new {reexecute=1 rethrow=0 return_oop=0}
                      ; - (reexecute) java.security.ProtectionDomain$JavaSecurityAccessImpl::doIntersectionPrivilege@4 (line 83)
  0x00000201bb7a9a2c: 07e9 9efe | ffff 488b 

  0x00000201bb7a9a34: ;   {runtime_call fast_new_instance Runtime1 stub}
  0x00000201bb7a9a34: d2e8 c6b3 

  0x00000201bb7a9a38: ; ImmutableOopMap {}
                      ;*new {reexecute=0 rethrow=0 return_oop=0}
                      ; - java.security.ProtectionDomain$JavaSecurityAccessImpl::doIntersectionPrivilege@4 (line 83)
  0x00000201bb7a9a38: 4a07 e9e4 | feff ff90 | 9049 8b87 | e003 0000 | 49c7 87e0 | 0300 0000 | 0000 0049 | c787 e803 
  0x00000201bb7a9a58: 0000 0000 | 0000 4881 | c490 0000 

  0x00000201bb7a9a64: ;   {runtime_call unwind_exception Runtime1 stub}
  0x00000201bb7a9a64: 005d e915 | cb41 07f4 | f4f4 f4f4 | f4f4 f4f4 | f4f4 f4f4 | f4f4 f4f4 | f4f4 f4f4 
[Stub Code]
  0x00000201bb7a9a80: ;   {no_reloc}
  0x00000201bb7a9a80: 0f1f 4400 

  0x00000201bb7a9a84: ;   {static_stub}
  0x00000201bb7a9a84: 0048 bb00 | 0000 0000 

  0x00000201bb7a9a8c: ;   {runtime_call}
  0x00000201bb7a9a8c: 0000 00e9 | fbff ffff 

  0x00000201bb7a9a94: ;   {static_stub}
  0x00000201bb7a9a94: 9048 bb00 | 0000 0000 

  0x00000201bb7a9a9c: ;   {runtime_call}
  0x00000201bb7a9a9c: 0000 00e9 | fbff ffff 

  0x00000201bb7a9aa4: ;   {static_stub}
  0x00000201bb7a9aa4: 9048 bb00 | 0000 0000 

  0x00000201bb7a9aac: ;   {runtime_call}
  0x00000201bb7a9aac: 0000 00e9 | fbff ffff 

  0x00000201bb7a9ab4: ;   {static_stub}
  0x00000201bb7a9ab4: 9048 bb00 | 0000 0000 

  0x00000201bb7a9abc: ;   {runtime_call}
  0x00000201bb7a9abc: 0000 00e9 | fbff ffff 

  0x00000201bb7a9ac4: ;   {static_stub}
  0x00000201bb7a9ac4: 9048 bb00 | 0000 0000 

  0x00000201bb7a9acc: ;   {runtime_call}
  0x00000201bb7a9acc: 0000 00e9 | fbff ffff 

  0x00000201bb7a9ad4: ;   {static_stub}
  0x00000201bb7a9ad4: 9048 bb00 | 0000 0000 

  0x00000201bb7a9adc: ;   {runtime_call}
  0x00000201bb7a9adc: 0000 00e9 | fbff ffff 
[Exception Handler]
  0x00000201bb7a9ae4: ;   {runtime_call handle_exception_from_callee Runtime1 stub}
  0x00000201bb7a9ae4: e817 c84a 

  0x00000201bb7a9ae8: ;   {external_word}
  0x00000201bb7a9ae8: 0748 b940 | 9ab7 21fd | 7f00 0048 

  0x00000201bb7a9af4: ;   {runtime_call}
  0x00000201bb7a9af4: 83e4 f049 | ba60 2f80 | 21fd 7f00 | 0041 ffd2 

  0x00000201bb7a9b04: ;   {section_word}
  0x00000201bb7a9b04: f449 ba05 | 9b7a bb01 | 0200 0041 

  0x00000201bb7a9b10: ;   {runtime_call DeoptimizationBlob}
  0x00000201bb7a9b10: 52e9 8ad1 | 4007 f4f4 
[/MachCode]


---------------  P R O C E S S  ---------------

Threads class SMR info:
_java_thread_list=0x00000201db127300, length=18, elements={
0x00000201d1212eb0, 0x00000201d1214320, 0x00000201d1372720, 0x00000201d1374000,
0x00000201d13748d0, 0x00000201d1375a30, 0x00000201d1376720, 0x00000201d13b52d0,
0x00000201d13e0820, 0x00000201d14f6a30, 0x00000201d15070a0, 0x00000201d60a7a30,
0x00000201d175e170, 0x00000201d175e8d0, 0x00000201d60a6560, 0x00000201b5e5cfd0,
0x00000201d6440610, 0x00000201d648a0a0
}

Java Threads: ( => current thread )
  0x00000201d1212eb0 JavaThread "Reference Handler" daemon [_thread_blocked, id=11168, stack(0x00000097b5500000,0x00000097b5600000)]
  0x00000201d1214320 JavaThread "Finalizer" daemon [_thread_blocked, id=3564, stack(0x00000097b5600000,0x00000097b5700000)]
  0x00000201d1372720 JavaThread "Signal Dispatcher" daemon [_thread_blocked, id=10384, stack(0x00000097b5700000,0x00000097b5800000)]
  0x00000201d1374000 JavaThread "Attach Listener" daemon [_thread_blocked, id=10376, stack(0x00000097b5800000,0x00000097b5900000)]
  0x00000201d13748d0 JavaThread "Service Thread" daemon [_thread_blocked, id=7736, stack(0x00000097b5900000,0x00000097b5a00000)]
  0x00000201d1375a30 JavaThread "Monitor Deflation Thread" daemon [_thread_blocked, id=10292, stack(0x00000097b5a00000,0x00000097b5b00000)]
  0x00000201d1376720 JavaThread "C2 CompilerThread0" daemon [_thread_blocked, id=11880, stack(0x00000097b5b00000,0x00000097b5c00000)]
  0x00000201d13b52d0 JavaThread "C1 CompilerThread0" daemon [_thread_blocked, id=1564, stack(0x00000097b5c00000,0x00000097b5d00000)]
  0x00000201d13e0820 JavaThread "Sweeper thread" daemon [_thread_blocked, id=8740, stack(0x00000097b5d00000,0x00000097b5e00000)]
  0x00000201d14f6a30 JavaThread "Notification Thread" daemon [_thread_blocked, id=556, stack(0x00000097b5e00000,0x00000097b5f00000)]
  0x00000201d15070a0 JavaThread "Common-Cleaner" daemon [_thread_blocked, id=5472, stack(0x00000097b6000000,0x00000097b6100000)]
  0x00000201d60a7a30 JavaThread "Java2D Disposer" daemon [_thread_blocked, id=924, stack(0x00000097b6200000,0x00000097b6300000)]
  0x00000201d175e170 JavaThread "AWT-Shutdown" [_thread_blocked, id=11732, stack(0x00000097b6300000,0x00000097b6400000)]
  0x00000201d175e8d0 JavaThread "AWT-Windows" daemon [_thread_in_native, id=11776, stack(0x00000097b6400000,0x00000097b6500000)]
=>0x00000201d60a6560 JavaThread "AWT-EventQueue-0" [_thread_in_native, id=1128, stack(0x00000097b6500000,0x00000097b6600000)]
  0x00000201b5e5cfd0 JavaThread "DestroyJavaVM" [_thread_blocked, id=10988, stack(0x00000097b4e00000,0x00000097b4f00000)]
  0x00000201d6440610 JavaThread "TimerQueue" daemon [_thread_blocked, id=10380, stack(0x00000097b6f00000,0x00000097b7000000)]
  0x00000201d648a0a0 JavaThread "D3D Screen Updater" daemon [_thread_in_native, id=10948, stack(0x00000097b7000000,0x00000097b7100000)]

Other Threads:
  0x00000201d11b1bf0 VMThread "VM Thread" [stack: 0x00000097b5400000,0x00000097b5500000] [id=8000]
  0x00000201d14fd330 WatcherThread [stack: 0x00000097b5f00000,0x00000097b6000000] [id=11824]
  0x00000201b7fab540 GCTaskThread "GC Thread#0" [stack: 0x00000097b4f00000,0x00000097b5000000] [id=3268]
  0x00000201db052ab0 GCTaskThread "GC Thread#1" [stack: 0x00000097b7100000,0x00000097b7200000] [id=1064]
  0x00000201db052d70 GCTaskThread "GC Thread#2" [stack: 0x00000097b7200000,0x00000097b7300000] [id=12108]
  0x00000201d66908a0 GCTaskThread "GC Thread#3" [stack: 0x00000097b7300000,0x00000097b7400000] [id=11784]
  0x00000201b7fbb390 ConcurrentGCThread "G1 Main Marker" [stack: 0x00000097b5000000,0x00000097b5100000] [id=11844]
  0x00000201b7fbc690 ConcurrentGCThread "G1 Conc#0" [stack: 0x00000097b5100000,0x00000097b5200000] [id=3592]
  0x00000201b801dc30 ConcurrentGCThread "G1 Refine#0" [stack: 0x00000097b5200000,0x00000097b5300000] [id=8024]
  0x00000201d10640a0 ConcurrentGCThread "G1 Service" [stack: 0x00000097b5300000,0x00000097b5400000] [id=2396]

Threads with active compile tasks:

VM state: not at safepoint (normal execution)

VM Mutex/Monitor currently owned by a thread: None

Heap address: 0x0000000088800000, size: 1912 MB, Compressed Oops mode: 32-bit

CDS archive(s) not mapped
Compressed class space mapped at: 0x0000000100000000-0x0000000140000000, reserved size: 1073741824
Narrow klass base: 0x0000000000000000, Narrow klass shift: 3, Narrow klass range: 0x140000000

GC Precious Log:
 CPUs: 4 total, 4 available
 Memory: 7647M
 Large Page Support: Disabled
 NUMA Support: Disabled
 Compressed Oops: Enabled (32-bit)
 Heap Region Size: 1M
 Heap Min Capacity: 8M
 Heap Initial Capacity: 120M
 Heap Max Capacity: 1912M
 Pre-touch: Disabled
 Parallel Workers: 4
 Concurrent Workers: 1
 Concurrent Refinement Workers: 4
 Periodic GC: Disabled

Heap:
 garbage-first heap   total 122880K, used 64605K [0x0000000088800000, 0x0000000100000000)
  region size 1024K, 15 young (15360K), 1 survivors (1024K)
 Metaspace       used 14992K, committed 15232K, reserved 1114112K
  class space    used 1543K, committed 1664K, reserved 1048576K

Heap Regions: E=young(eden), S=young(survivor), O=old, HS=humongous(starts), HC=humongous(continues), CS=collection set, F=free, OA=open archive, CA=closed archive, TAMS=top-at-mark-start (previous, next)
|   0|0x0000000088800000, 0x0000000088900000, 0x0000000088900000|100%|HS|  |TAMS 0x0000000088800000, 0x0000000088900000| Complete 
|   1|0x0000000088900000, 0x0000000088a00000, 0x0000000088a00000|100%|HS|  |TAMS 0x0000000088900000, 0x0000000088a00000| Complete 
|   2|0x0000000088a00000, 0x0000000088b00000, 0x0000000088b00000|100%|HS|  |TAMS 0x0000000088a00000, 0x0000000088b00000| Complete 
|   3|0x0000000088b00000, 0x0000000088c00000, 0x0000000088c00000|100%|HS|  |TAMS 0x0000000088b00000, 0x0000000088c00000| Complete 
|   4|0x0000000088c00000, 0x0000000088d00000, 0x0000000088d00000|100%|HS|  |TAMS 0x0000000088c00000, 0x0000000088d00000| Complete 
|   5|0x0000000088d00000, 0x0000000088e00000, 0x0000000088e00000|100%|HS|  |TAMS 0x0000000088d00000, 0x0000000088e00000| Complete 
|   6|0x0000000088e00000, 0x0000000088f00000, 0x0000000088f00000|100%|HS|  |TAMS 0x0000000088e00000, 0x0000000088e00000| Complete 
|   7|0x0000000088f00000, 0x0000000089000000, 0x0000000089000000|100%|HS|  |TAMS 0x0000000088f00000, 0x0000000088f00000| Complete 
|   8|0x0000000089000000, 0x0000000089100000, 0x0000000089100000|100%|HS|  |TAMS 0x0000000089000000, 0x0000000089000000| Complete 
|   9|0x0000000089100000, 0x0000000089200000, 0x0000000089200000|100%|HS|  |TAMS 0x0000000089100000, 0x0000000089100000| Complete 
|  10|0x0000000089200000, 0x0000000089300000, 0x0000000089300000|100%|HS|  |TAMS 0x0000000089200000, 0x0000000089200000| Complete 
|  11|0x0000000089300000, 0x0000000089400000, 0x0000000089400000|100%|HS|  |TAMS 0x0000000089300000, 0x0000000089300000| Complete 
|  12|0x0000000089400000, 0x0000000089500000, 0x0000000089500000|100%|HS|  |TAMS 0x0000000089400000, 0x0000000089400000| Complete 
|  13|0x0000000089500000, 0x0000000089600000, 0x0000000089600000|100%|HS|  |TAMS 0x0000000089500000, 0x0000000089500000| Complete 
|  14|0x0000000089600000, 0x0000000089700000, 0x0000000089700000|100%|HS|  |TAMS 0x0000000089600000, 0x0000000089600000| Complete 
|  15|0x0000000089700000, 0x0000000089800000, 0x0000000089800000|100%|HS|  |TAMS 0x0000000089700000, 0x0000000089700000| Complete 
|  16|0x0000000089800000, 0x0000000089800000, 0x0000000089900000|  0%| F|  |TAMS 0x0000000089800000, 0x0000000089800000| Untracked 
|  17|0x0000000089900000, 0x0000000089900000, 0x0000000089a00000|  0%| F|  |TAMS 0x0000000089900000, 0x0000000089900000| Untracked 
|  18|0x0000000089a00000, 0x0000000089a00000, 0x0000000089b00000|  0%| F|  |TAMS 0x0000000089a00000, 0x0000000089a00000| Untracked 
|  19|0x0000000089b00000, 0x0000000089b00000, 0x0000000089c00000|  0%| F|  |TAMS 0x0000000089b00000, 0x0000000089b00000| Untracked 
|  20|0x0000000089c00000, 0x0000000089d00000, 0x0000000089d00000|100%|HS|  |TAMS 0x0000000089c00000, 0x0000000089d00000| Complete 
|  21|0x0000000089d00000, 0x0000000089e00000, 0x0000000089e00000|100%|HS|  |TAMS 0x0000000089d00000, 0x0000000089e00000| Complete 
|  22|0x0000000089e00000, 0x0000000089f00000, 0x0000000089f00000|100%| O|  |TAMS 0x0000000089e00000, 0x0000000089f00000| Untracked 
|  23|0x0000000089f00000, 0x0000000089ffca00, 0x000000008a000000| 98%| O|  |TAMS 0x0000000089f00000, 0x0000000089ffca00| Untracked 
|  24|0x000000008a000000, 0x000000008a100000, 0x000000008a100000|100%|HS|  |TAMS 0x000000008a000000, 0x000000008a100000| Complete 
|  25|0x000000008a100000, 0x000000008a200000, 0x000000008a200000|100%|HS|  |TAMS 0x000000008a100000, 0x000000008a200000| Complete 
|  26|0x000000008a200000, 0x000000008a300000, 0x000000008a300000|100%|HS|  |TAMS 0x000000008a200000, 0x000000008a300000| Complete 
|  27|0x000000008a300000, 0x000000008a400000, 0x000000008a400000|100%|HS|  |TAMS 0x000000008a300000, 0x000000008a400000| Complete 
|  28|0x000000008a400000, 0x000000008a500000, 0x000000008a500000|100%|HS|  |TAMS 0x000000008a400000, 0x000000008a500000| Complete 
|  29|0x000000008a500000, 0x000000008a600000, 0x000000008a600000|100%|HS|  |TAMS 0x000000008a500000, 0x000000008a600000| Complete 
|  30|0x000000008a600000, 0x000000008a700000, 0x000000008a700000|100%|HS|  |TAMS 0x000000008a600000, 0x000000008a700000| Complete 
|  31|0x000000008a700000, 0x000000008a800000, 0x000000008a800000|100%|HS|  |TAMS 0x000000008a700000, 0x000000008a800000| Complete 
|  32|0x000000008a800000, 0x000000008a900000, 0x000000008a900000|100%|HS|  |TAMS 0x000000008a800000, 0x000000008a900000| Complete 
|  33|0x000000008a900000, 0x000000008aa00000, 0x000000008aa00000|100%|HS|  |TAMS 0x000000008a900000, 0x000000008aa00000| Complete 
|  34|0x000000008aa00000, 0x000000008ab00000, 0x000000008ab00000|100%|HS|  |TAMS 0x000000008aa00000, 0x000000008ab00000| Complete 
|  35|0x000000008ab00000, 0x000000008ac00000, 0x000000008ac00000|100%|HS|  |TAMS 0x000000008ab00000, 0x000000008ac00000| Complete 
|  36|0x000000008ac00000, 0x000000008ad00000, 0x000000008ad00000|100%|HS|  |TAMS 0x000000008ac00000, 0x000000008ad00000| Complete 
|  37|0x000000008ad00000, 0x000000008ae00000, 0x000000008ae00000|100%|HS|  |TAMS 0x000000008ad00000, 0x000000008ae00000| Complete 
|  38|0x000000008ae00000, 0x000000008af00000, 0x000000008af00000|100%|HS|  |TAMS 0x000000008ae00000, 0x000000008af00000| Complete 
|  39|0x000000008af00000, 0x000000008b000000, 0x000000008b000000|100%|HS|  |TAMS 0x000000008af00000, 0x000000008b000000| Complete 
|  40|0x000000008b000000, 0x000000008b100000, 0x000000008b100000|100%|HS|  |TAMS 0x000000008b000000, 0x000000008b100000| Complete 
|  41|0x000000008b100000, 0x000000008b200000, 0x000000008b200000|100%|HS|  |TAMS 0x000000008b100000, 0x000000008b200000| Complete 
|  42|0x000000008b200000, 0x000000008b300000, 0x000000008b300000|100%|HS|  |TAMS 0x000000008b200000, 0x000000008b300000| Complete 
|  43|0x000000008b300000, 0x000000008b400000, 0x000000008b400000|100%|HS|  |TAMS 0x000000008b300000, 0x000000008b400000| Complete 
|  44|0x000000008b400000, 0x000000008b500000, 0x000000008b500000|100%|HS|  |TAMS 0x000000008b400000, 0x000000008b500000| Complete 
|  45|0x000000008b500000, 0x000000008b600000, 0x000000008b600000|100%|HS|  |TAMS 0x000000008b500000, 0x000000008b600000| Complete 
|  46|0x000000008b600000, 0x000000008b700000, 0x000000008b700000|100%|HS|  |TAMS 0x000000008b600000, 0x000000008b700000| Complete 
|  47|0x000000008b700000, 0x000000008b800000, 0x000000008b800000|100%|HS|  |TAMS 0x000000008b700000, 0x000000008b800000| Complete 
|  48|0x000000008b800000, 0x000000008b900000, 0x000000008b900000|100%|HS|  |TAMS 0x000000008b800000, 0x000000008b900000| Complete 
|  49|0x000000008b900000, 0x000000008ba00000, 0x000000008ba00000|100%|HS|  |TAMS 0x000000008b900000, 0x000000008ba00000| Complete 
|  50|0x000000008ba00000, 0x000000008bb00000, 0x000000008bb00000|100%|HS|  |TAMS 0x000000008ba00000, 0x000000008bb00000| Complete 
|  51|0x000000008bb00000, 0x000000008bc00000, 0x000000008bc00000|100%|HS|  |TAMS 0x000000008bb00000, 0x000000008bc00000| Complete 
|  52|0x000000008bc00000, 0x000000008bd00000, 0x000000008bd00000|100%|HS|  |TAMS 0x000000008bc00000, 0x000000008bd00000| Complete 
|  53|0x000000008bd00000, 0x000000008be00000, 0x000000008be00000|100%|HS|  |TAMS 0x000000008bd00000, 0x000000008be00000| Complete 
|  54|0x000000008be00000, 0x000000008be00000, 0x000000008bf00000|  0%| F|  |TAMS 0x000000008be00000, 0x000000008be00000| Untracked 
|  55|0x000000008bf00000, 0x000000008bf00000, 0x000000008c000000|  0%| F|  |TAMS 0x000000008bf00000, 0x000000008bf00000| Untracked 
|  56|0x000000008c000000, 0x000000008c000000, 0x000000008c100000|  0%| F|  |TAMS 0x000000008c000000, 0x000000008c000000| Untracked 
|  57|0x000000008c100000, 0x000000008c100000, 0x000000008c200000|  0%| F|  |TAMS 0x000000008c100000, 0x000000008c100000| Untracked 
|  58|0x000000008c200000, 0x000000008c200000, 0x000000008c300000|  0%| F|  |TAMS 0x000000008c200000, 0x000000008c200000| Untracked 
|  59|0x000000008c300000, 0x000000008c300000, 0x000000008c400000|  0%| F|  |TAMS 0x000000008c300000, 0x000000008c300000| Untracked 
|  60|0x000000008c400000, 0x000000008c400000, 0x000000008c500000|  0%| F|  |TAMS 0x000000008c400000, 0x000000008c400000| Untracked 
|  61|0x000000008c500000, 0x000000008c500000, 0x000000008c600000|  0%| F|  |TAMS 0x000000008c500000, 0x000000008c500000| Untracked 
|  62|0x000000008c600000, 0x000000008c600000, 0x000000008c700000|  0%| F|  |TAMS 0x000000008c600000, 0x000000008c600000| Untracked 
|  63|0x000000008c700000, 0x000000008c700000, 0x000000008c800000|  0%| F|  |TAMS 0x000000008c700000, 0x000000008c700000| Untracked 
|  64|0x000000008c800000, 0x000000008c800000, 0x000000008c900000|  0%| F|  |TAMS 0x000000008c800000, 0x000000008c800000| Untracked 
|  65|0x000000008c900000, 0x000000008c900000, 0x000000008ca00000|  0%| F|  |TAMS 0x000000008c900000, 0x000000008c900000| Untracked 
|  66|0x000000008ca00000, 0x000000008ca00000, 0x000000008cb00000|  0%| F|  |TAMS 0x000000008ca00000, 0x000000008ca00000| Untracked 
|  67|0x000000008cb00000, 0x000000008cb00000, 0x000000008cc00000|  0%| F|  |TAMS 0x000000008cb00000, 0x000000008cb00000| Untracked 
|  68|0x000000008cc00000, 0x000000008cc00000, 0x000000008cd00000|  0%| F|  |TAMS 0x000000008cc00000, 0x000000008cc00000| Untracked 
|  69|0x000000008cd00000, 0x000000008cd00000, 0x000000008ce00000|  0%| F|  |TAMS 0x000000008cd00000, 0x000000008cd00000| Untracked 
|  70|0x000000008ce00000, 0x000000008ce00000, 0x000000008cf00000|  0%| F|  |TAMS 0x000000008ce00000, 0x000000008ce00000| Untracked 
|  71|0x000000008cf00000, 0x000000008cf00000, 0x000000008d000000|  0%| F|  |TAMS 0x000000008cf00000, 0x000000008cf00000| Untracked 
|  72|0x000000008d000000, 0x000000008d000000, 0x000000008d100000|  0%| F|  |TAMS 0x000000008d000000, 0x000000008d000000| Untracked 
|  73|0x000000008d100000, 0x000000008d100000, 0x000000008d200000|  0%| F|  |TAMS 0x000000008d100000, 0x000000008d100000| Untracked 
|  74|0x000000008d200000, 0x000000008d200000, 0x000000008d300000|  0%| F|  |TAMS 0x000000008d200000, 0x000000008d200000| Untracked 
|  75|0x000000008d300000, 0x000000008d300000, 0x000000008d400000|  0%| F|  |TAMS 0x000000008d300000, 0x000000008d300000| Untracked 
|  76|0x000000008d400000, 0x000000008d400000, 0x000000008d500000|  0%| F|  |TAMS 0x000000008d400000, 0x000000008d400000| Untracked 
|  77|0x000000008d500000, 0x000000008d500000, 0x000000008d600000|  0%| F|  |TAMS 0x000000008d500000, 0x000000008d500000| Untracked 
|  78|0x000000008d600000, 0x000000008d600000, 0x000000008d700000|  0%| F|  |TAMS 0x000000008d600000, 0x000000008d600000| Untracked 
|  79|0x000000008d700000, 0x000000008d700000, 0x000000008d800000|  0%| F|  |TAMS 0x000000008d700000, 0x000000008d700000| Untracked 
|  80|0x000000008d800000, 0x000000008d800000, 0x000000008d900000|  0%| F|  |TAMS 0x000000008d800000, 0x000000008d800000| Untracked 
|  81|0x000000008d900000, 0x000000008d91ac80, 0x000000008da00000| 10%| S|CS|TAMS 0x000000008d900000, 0x000000008d900000| Complete 
|  82|0x000000008da00000, 0x000000008da00000, 0x000000008db00000|  0%| F|  |TAMS 0x000000008da00000, 0x000000008da00000| Untracked 
|  83|0x000000008db00000, 0x000000008db00000, 0x000000008dc00000|  0%| F|  |TAMS 0x000000008db00000, 0x000000008db00000| Untracked 
|  84|0x000000008dc00000, 0x000000008dc00000, 0x000000008dd00000|  0%| F|  |TAMS 0x000000008dc00000, 0x000000008dc00000| Untracked 
|  85|0x000000008dd00000, 0x000000008dd00000, 0x000000008de00000|  0%| F|  |TAMS 0x000000008dd00000, 0x000000008dd00000| Untracked 
|  86|0x000000008de00000, 0x000000008de00000, 0x000000008df00000|  0%| F|  |TAMS 0x000000008de00000, 0x000000008de00000| Untracked 
|  87|0x000000008df00000, 0x000000008df00000, 0x000000008e000000|  0%| F|  |TAMS 0x000000008df00000, 0x000000008df00000| Untracked 
|  88|0x000000008e000000, 0x000000008e000000, 0x000000008e100000|  0%| F|  |TAMS 0x000000008e000000, 0x000000008e000000| Untracked 
|  89|0x000000008e100000, 0x000000008e100000, 0x000000008e200000|  0%| F|  |TAMS 0x000000008e100000, 0x000000008e100000| Untracked 
|  90|0x000000008e200000, 0x000000008e200000, 0x000000008e300000|  0%| F|  |TAMS 0x000000008e200000, 0x000000008e200000| Untracked 
|  91|0x000000008e300000, 0x000000008e300000, 0x000000008e400000|  0%| F|  |TAMS 0x000000008e300000, 0x000000008e300000| Untracked 
|  92|0x000000008e400000, 0x000000008e400000, 0x000000008e500000|  0%| F|  |TAMS 0x000000008e400000, 0x000000008e400000| Untracked 
|  93|0x000000008e500000, 0x000000008e500000, 0x000000008e600000|  0%| F|  |TAMS 0x000000008e500000, 0x000000008e500000| Untracked 
|  94|0x000000008e600000, 0x000000008e600000, 0x000000008e700000|  0%| F|  |TAMS 0x000000008e600000, 0x000000008e600000| Untracked 
|  95|0x000000008e700000, 0x000000008e700000, 0x000000008e800000|  0%| F|  |TAMS 0x000000008e700000, 0x000000008e700000| Untracked 
|  96|0x000000008e800000, 0x000000008e800000, 0x000000008e900000|  0%| F|  |TAMS 0x000000008e800000, 0x000000008e800000| Untracked 
|  97|0x000000008e900000, 0x000000008e900000, 0x000000008ea00000|  0%| F|  |TAMS 0x000000008e900000, 0x000000008e900000| Untracked 
|  98|0x000000008ea00000, 0x000000008ea00000, 0x000000008eb00000|  0%| F|  |TAMS 0x000000008ea00000, 0x000000008ea00000| Untracked 
|  99|0x000000008eb00000, 0x000000008eb00000, 0x000000008ec00000|  0%| F|  |TAMS 0x000000008eb00000, 0x000000008eb00000| Untracked 
| 100|0x000000008ec00000, 0x000000008ec00000, 0x000000008ed00000|  0%| F|  |TAMS 0x000000008ec00000, 0x000000008ec00000| Untracked 
| 101|0x000000008ed00000, 0x000000008ed00000, 0x000000008ee00000|  0%| F|  |TAMS 0x000000008ed00000, 0x000000008ed00000| Untracked 
| 102|0x000000008ee00000, 0x000000008ee00000, 0x000000008ef00000|  0%| F|  |TAMS 0x000000008ee00000, 0x000000008ee00000| Untracked 
| 103|0x000000008ef00000, 0x000000008ef00000, 0x000000008f000000|  0%| F|  |TAMS 0x000000008ef00000, 0x000000008ef00000| Untracked 
| 104|0x000000008f000000, 0x000000008f000000, 0x000000008f100000|  0%| F|  |TAMS 0x000000008f000000, 0x000000008f000000| Untracked 
| 105|0x000000008f100000, 0x000000008f100000, 0x000000008f200000|  0%| F|  |TAMS 0x000000008f100000, 0x000000008f100000| Untracked 
| 106|0x000000008f200000, 0x000000008f288d48, 0x000000008f300000| 53%| E|  |TAMS 0x000000008f200000, 0x000000008f200000| Complete 
| 107|0x000000008f300000, 0x000000008f400000, 0x000000008f400000|100%| E|CS|TAMS 0x000000008f300000, 0x000000008f300000| Complete 
| 108|0x000000008f400000, 0x000000008f500000, 0x000000008f500000|100%| E|CS|TAMS 0x000000008f400000, 0x000000008f400000| Complete 
| 109|0x000000008f500000, 0x000000008f600000, 0x000000008f600000|100%| E|CS|TAMS 0x000000008f500000, 0x000000008f500000| Complete 
| 110|0x000000008f600000, 0x000000008f700000, 0x000000008f700000|100%| E|CS|TAMS 0x000000008f600000, 0x000000008f600000| Complete 
| 111|0x000000008f700000, 0x000000008f800000, 0x000000008f800000|100%| E|CS|TAMS 0x000000008f700000, 0x000000008f700000| Complete 
| 112|0x000000008f800000, 0x000000008f900000, 0x000000008f900000|100%| E|CS|TAMS 0x000000008f800000, 0x000000008f800000| Complete 
| 113|0x000000008f900000, 0x000000008fa00000, 0x000000008fa00000|100%| E|CS|TAMS 0x000000008f900000, 0x000000008f900000| Complete 
| 114|0x000000008fa00000, 0x000000008fb00000, 0x000000008fb00000|100%| E|CS|TAMS 0x000000008fa00000, 0x000000008fa00000| Complete 
| 115|0x000000008fb00000, 0x000000008fc00000, 0x000000008fc00000|100%| E|CS|TAMS 0x000000008fb00000, 0x000000008fb00000| Complete 
| 116|0x000000008fc00000, 0x000000008fd00000, 0x000000008fd00000|100%| E|CS|TAMS 0x000000008fc00000, 0x000000008fc00000| Complete 
| 117|0x000000008fd00000, 0x000000008fe00000, 0x000000008fe00000|100%| E|CS|TAMS 0x000000008fd00000, 0x000000008fd00000| Complete 
| 118|0x000000008fe00000, 0x000000008ff00000, 0x000000008ff00000|100%| E|CS|TAMS 0x000000008fe00000, 0x000000008fe00000| Complete 
| 119|0x000000008ff00000, 0x0000000090000000, 0x0000000090000000|100%| E|CS|TAMS 0x000000008ff00000, 0x000000008ff00000| Complete 

Card table byte_map: [0x00000201ca9f0000,0x00000201cadb0000] _byte_map_base: 0x00000201ca5ac000

Marking Bits (Prev, Next): (CMBitMap*) 0x00000201b7fabb60, (CMBitMap*) 0x00000201b7fabba0
 Prev Bits: [0x00000201cb170000, 0x00000201ccf50000)
 Next Bits: [0x00000201ccf50000, 0x00000201ced30000)

Polling page: 0x00000201b5d30000

Metaspace:

Usage:
  Non-class:     13.13 MB used.
      Class:      1.51 MB used.
       Both:     14.64 MB used.

Virtual space:
  Non-class space:       64.00 MB reserved,      13.25 MB ( 21%) committed,  1 nodes.
      Class space:        1.00 GB reserved,       1.62 MB ( <1%) committed,  1 nodes.
             Both:        1.06 GB reserved,      14.88 MB (  1%) committed. 

Chunk freelists:
   Non-Class:  2.48 MB
       Class:  14.25 MB
        Both:  16.72 MB

MaxMetaspaceSize: unlimited
CompressedClassSpaceSize: 1.00 GB
Initial GC threshold: 21.00 MB
Current GC threshold: 21.00 MB
CDS: off
MetaspaceReclaimPolicy: balanced
 - commit_granule_bytes: 65536.
 - commit_granule_words: 8192.
 - virtual_space_node_default_size: 8388608.
 - enlarge_chunks_in_place: 1.
 - new_chunks_are_fully_committed: 0.
 - uncommit_free_chunks: 1.
 - use_allocation_guard: 0.
 - handle_deallocations: 1.


Internal statistics:

num_allocs_failed_limit: 0.
num_arena_births: 122.
num_arena_deaths: 0.
num_vsnodes_births: 2.
num_vsnodes_deaths: 0.
num_space_committed: 238.
num_space_uncommitted: 0.
num_chunks_returned_to_freelist: 0.
num_chunks_taken_from_freelist: 193.
num_chunk_merges: 0.
num_chunk_splits: 102.
num_chunks_enlarged: 48.
num_inconsistent_stats: 0.

CodeHeap 'non-profiled nmethods': size=120000Kb used=389Kb max_used=389Kb free=119611Kb
 bounds [0x00000201c3100000, 0x00000201c3370000, 0x00000201ca630000]
CodeHeap 'profiled nmethods': size=120000Kb used=1619Kb max_used=1619Kb free=118380Kb
 bounds [0x00000201bb630000, 0x00000201bb8a0000, 0x00000201c2b60000]
CodeHeap 'non-nmethods': size=5760Kb used=1285Kb max_used=1302Kb free=4474Kb
 bounds [0x00000201c2b60000, 0x00000201c2dd0000, 0x00000201c3100000]
 total_blobs=1710 nmethods=1094 adapters=530
 compilation: enabled
              stopped_count=0, restarted_count=0
 full_count=0

Compilation events (20 events):
Event: 573.571 Thread 0x00000201d1376720 1086       4       java.util.ArrayList::toArray (57 bytes)
Event: 573.578 Thread 0x00000201d1376720 nmethod 1086 0x00000201c315ec10 code [0x00000201c315eda0, 0x00000201c315f0f8]
Event: 578.482 Thread 0x00000201d1376720 1087       4       sun.java2d.d3d.D3DSurfaceData$D3DWindowSurfaceData::isDirty (18 bytes)
Event: 578.484 Thread 0x00000201d1376720 nmethod 1087 0x00000201c315f290 code [0x00000201c315f420, 0x00000201c315f4f8]
Event: 587.716 Thread 0x00000201d1376720 1088       4       java.util.ArrayList::toArray (57 bytes)
Event: 587.723 Thread 0x00000201d1376720 nmethod 1088 0x00000201c315f610 code [0x00000201c315f7a0, 0x00000201c315fc18]
Event: 2283.651 Thread 0x00000201d13b52d0 1089   !   3       jdk.internal.ref.PhantomCleanable::isListEmpty (34 bytes)
Event: 2283.652 Thread 0x00000201d13b52d0 nmethod 1089 0x00000201bb7b8e90 code [0x00000201bb7b9020, 0x00000201bb7b9278]
Event: 2283.652 Thread 0x00000201d13b52d0 1090       3       jdk.internal.misc.InnocuousThread::eraseThreadLocals (23 bytes)
Event: 2283.652 Thread 0x00000201d13b52d0 nmethod 1090 0x00000201bb7b9390 code [0x00000201bb7b9520, 0x00000201bb7b9718]
Event: 3300.408 Thread 0x00000201d13b52d0 1091 % !   3       sun.java2d.d3d.D3DScreenUpdateManager::run @ 105 (267 bytes)
Event: 3300.434 Thread 0x00000201d13b52d0 nmethod 1091% 0x00000201bb7b9790 code [0x00000201bb7b9be0, 0x00000201bb7bc368]
Event: 3356.743 Thread 0x00000201d13b52d0 1092 % !   3       sun.java2d.d3d.D3DScreenUpdateManager::run @ 0 (267 bytes)
Event: 3356.750 Thread 0x00000201d13b52d0 nmethod 1092% 0x00000201bb7bd390 code [0x00000201bb7bd7e0, 0x00000201bb7bfee8]
Event: 3412.866 Thread 0x00000201d13b52d0 1093   !   3       sun.java2d.d3d.D3DScreenUpdateManager::run (267 bytes)
Event: 3412.872 Thread 0x00000201d13b52d0 nmethod 1093 0x00000201bb7c0e90 code [0x00000201bb7c12e0, 0x00000201bb7c3968]
Event: 5535.953 Thread 0x00000201d1376720 1094 % !   4       sun.java2d.d3d.D3DScreenUpdateManager::run @ 0 (267 bytes)
Event: 5535.986 Thread 0x00000201d1376720 nmethod 1094% 0x00000201c315fd90 code [0x00000201c315ff60, 0x00000201c3160cb8]
Event: 5604.099 Thread 0x00000201d13b52d0 1095       3       java.lang.invoke.ConstantCallSite::getTarget (20 bytes)
Event: 5604.100 Thread 0x00000201d13b52d0 nmethod 1095 0x00000201bb7c4910 code [0x00000201bb7c4ac0, 0x00000201bb7c4cc8]

GC Heap History (6 events):
Event: 1.949 GC heap before
{Heap before GC invocations=0 (full 0):
 garbage-first heap   total 122880K, used 20480K [0x0000000088800000, 0x0000000100000000)
  region size 1024K, 13 young (13312K), 0 survivors (0K)
 Metaspace       used 13280K, committed 13504K, reserved 1114112K
  class space    used 1305K, committed 1408K, reserved 1048576K
}
Event: 1.956 GC heap after
{Heap after GC invocations=1 (full 0):
 garbage-first heap   total 122880K, used 9216K [0x0000000088800000, 0x0000000100000000)
  region size 1024K, 2 young (2048K), 2 survivors (2048K)
 Metaspace       used 13280K, committed 13504K, reserved 1114112K
  class space    used 1305K, committed 1408K, reserved 1048576K
}
Event: 2.414 GC heap before
{Heap before GC invocations=1 (full 0):
 garbage-first heap   total 122880K, used 40960K [0x0000000088800000, 0x0000000100000000)
  region size 1024K, 18 young (18432K), 2 survivors (2048K)
 Metaspace       used 13304K, committed 13504K, reserved 1114112K
  class space    used 1305K, committed 1408K, reserved 1048576K
}
Event: 2.421 GC heap after
{Heap after GC invocations=2 (full 0):
 garbage-first heap   total 122880K, used 19673K [0x0000000088800000, 0x0000000100000000)
  region size 1024K, 1 young (1024K), 1 survivors (1024K)
 Metaspace       used 13304K, committed 13504K, reserved 1114112K
  class space    used 1305K, committed 1408K, reserved 1048576K
}
Event: 3.372 GC heap before
{Heap before GC invocations=2 (full 0):
 garbage-first heap   total 122880K, used 92377K [0x0000000088800000, 0x0000000100000000)
  region size 1024K, 38 young (38912K), 1 survivors (1024K)
 Metaspace       used 13380K, committed 13568K, reserved 1114112K
  class space    used 1305K, committed 1408K, reserved 1048576K
}
Event: 3.373 GC heap after
{Heap after GC invocations=3 (full 0):
 garbage-first heap   total 122880K, used 41053K [0x0000000088800000, 0x0000000100000000)
  region size 1024K, 1 young (1024K), 1 survivors (1024K)
 Metaspace       used 13380K, committed 13568K, reserved 1114112K
  class space    used 1305K, committed 1408K, reserved 1048576K
}

Dll operation events (9 events):
Event: 0.022 Loaded shared library C:\Users\ariza\.p2\pool\plugins\org.eclipse.justj.openjdk.hotspot.jre.full.win32.x86_64_17.0.9.v20231028-0858\jre\bin\java.dll
Event: 0.392 Loaded shared library C:\Users\ariza\.p2\pool\plugins\org.eclipse.justj.openjdk.hotspot.jre.full.win32.x86_64_17.0.9.v20231028-0858\jre\bin\verify.dll
Event: 0.449 Loaded shared library C:\Users\ariza\.p2\pool\plugins\org.eclipse.justj.openjdk.hotspot.jre.full.win32.x86_64_17.0.9.v20231028-0858\jre\bin\jimage.dll
Event: 0.477 Loaded shared library C:\Users\ariza\.p2\pool\plugins\org.eclipse.justj.openjdk.hotspot.jre.full.win32.x86_64_17.0.9.v20231028-0858\jre\bin\net.dll
Event: 0.481 Loaded shared library C:\Users\ariza\.p2\pool\plugins\org.eclipse.justj.openjdk.hotspot.jre.full.win32.x86_64_17.0.9.v20231028-0858\jre\bin\nio.dll
Event: 0.492 Loaded shared library C:\Users\ariza\.p2\pool\plugins\org.eclipse.justj.openjdk.hotspot.jre.full.win32.x86_64_17.0.9.v20231028-0858\jre\bin\zip.dll
Event: 0.577 Loaded shared library C:\Users\ariza\.p2\pool\plugins\org.eclipse.justj.openjdk.hotspot.jre.full.win32.x86_64_17.0.9.v20231028-0858\jre\bin\awt.dll
Event: 1.192 Loaded shared library C:\Users\ariza\.p2\pool\plugins\org.eclipse.justj.openjdk.hotspot.jre.full.win32.x86_64_17.0.9.v20231028-0858\jre\bin\freetype.dll
Event: 1.195 Loaded shared library C:\Users\ariza\.p2\pool\plugins\org.eclipse.justj.openjdk.hotspot.jre.full.win32.x86_64_17.0.9.v20231028-0858\jre\bin\fontmanager.dll

Deoptimization events (20 events):
Event: 1.911 Thread 0x00000201d6430010 DEOPT PACKING pc=0x00000201bb7369ab sp=0x00000097b6efeec0
Event: 1.911 Thread 0x00000201d6430010 DEOPT UNPACKING pc=0x00000201c2bb7143 sp=0x00000097b6efe360 mode 0
Event: 2.000 Thread 0x00000201d6430010 DEOPT PACKING pc=0x00000201bb645f51 sp=0x00000097b6eff0d0
Event: 2.000 Thread 0x00000201d6430010 DEOPT UNPACKING pc=0x00000201c2bb7143 sp=0x00000097b6efe548 mode 0
Event: 3.467 Thread 0x00000201d6430010 Uncommon trap: trap_request=0xffffffde fr.pc=0x00000201c31425b4 relative=0x00000000000001d4
Event: 3.467 Thread 0x00000201d6430010 Uncommon trap: reason=class_check action=maybe_recompile pc=0x00000201c31425b4 method=sun.awt.image.ImageWatched.newInfo(Ljava/awt/Image;IIIII)V @ 13 c2
Event: 3.467 Thread 0x00000201d6430010 DEOPT PACKING pc=0x00000201c31425b4 sp=0x00000097b6eff130
Event: 3.467 Thread 0x00000201d6430010 DEOPT UNPACKING pc=0x00000201c2bb69a3 sp=0x00000097b6eff100 mode 2
Event: 458.238 Thread 0x00000201d648a0a0 Uncommon trap: trap_request=0xffffffcc fr.pc=0x00000201c315dc44 relative=0x0000000000000224
Event: 458.238 Thread 0x00000201d648a0a0 Uncommon trap: reason=intrinsic_or_type_checked_inlining action=make_not_entrant pc=0x00000201c315dc44 method=java.util.Arrays.copyOf([Ljava/lang/Object;ILjava/lang/Class;)[Ljava/lang/Object; @ 35 c2
Event: 458.238 Thread 0x00000201d648a0a0 DEOPT PACKING pc=0x00000201c315dc44 sp=0x00000097b70fee90
Event: 458.238 Thread 0x00000201d648a0a0 DEOPT UNPACKING pc=0x00000201c2bb69a3 sp=0x00000097b70fee20 mode 2
Event: 573.679 Thread 0x00000201d648a0a0 Uncommon trap: trap_request=0xffffffdc fr.pc=0x00000201c315ef08 relative=0x0000000000000168
Event: 573.680 Thread 0x00000201d648a0a0 Uncommon trap: reason=class_check action=make_not_entrant pc=0x00000201c315ef08 method=java.util.ArrayList.toArray([Ljava/lang/Object;)[Ljava/lang/Object; @ 21 c2
Event: 573.680 Thread 0x00000201d648a0a0 DEOPT PACKING pc=0x00000201c315ef08 sp=0x00000097b70feef0
Event: 573.680 Thread 0x00000201d648a0a0 DEOPT UNPACKING pc=0x00000201c2bb69a3 sp=0x00000097b70feeb0 mode 2
Event: 5600.529 Thread 0x00000201d648a0a0 Uncommon trap: trap_request=0xffffff45 fr.pc=0x00000201c315eae8 relative=0x0000000000000068
Event: 5600.529 Thread 0x00000201d648a0a0 Uncommon trap: reason=unstable_if action=reinterpret pc=0x00000201c315eae8 method=sun.java2d.StateTrackableDelegate$1.isCurrent()Z @ 8 c2
Event: 5600.529 Thread 0x00000201d648a0a0 DEOPT PACKING pc=0x00000201c315eae8 sp=0x00000097b70fee80
Event: 5600.529 Thread 0x00000201d648a0a0 DEOPT UNPACKING pc=0x00000201c2bb69a3 sp=0x00000097b70fee10 mode 2

Classes unloaded (0 events):
No events

Classes redefined (0 events):
No events

Internal exceptions (16 events):
Event: 0.549 Thread 0x00000201b5e5cfd0 Exception <a 'java/lang/ClassNotFoundException'{0x000000008fe409b8}: sun/awt/resources/spi/awtProvider> (0x000000008fe409b8) 
thrown [s\src\hotspot\share\classfile\systemDictionary.cpp, line 256]
Event: 0.620 Thread 0x00000201b5e5cfd0 Exception <a 'java/io/FileNotFoundException'{0x000000008fe9a990}> (0x000000008fe9a990) 
thrown [s\src\hotspot\share\prims\jni.cpp, line 516]
Event: 0.636 Thread 0x00000201b5e5cfd0 Exception <a 'java/io/FileNotFoundException'{0x000000008fec7908}> (0x000000008fec7908) 
thrown [s\src\hotspot\share\prims\jni.cpp, line 516]
Event: 0.714 Thread 0x00000201b5e5cfd0 Exception <a 'java/lang/NoSuchMethodError'{0x000000008fefdf88}: 'java.lang.Object java.lang.invoke.DirectMethodHandle$Holder.invokeStaticInit(java.lang.Object)'> (0x000000008fefdf88) 
thrown [s\src\hotspot\share\interpreter\linkResolver.cpp, line 759]
Event: 0.929 Thread 0x00000201d60a6560 Exception <a 'java/lang/NoSuchMethodError'{0x000000008fc12ac8}: 'void java.lang.invoke.DirectMethodHandle$Holder.invokeSpecial(java.lang.Object, java.lang.Object, java.lang.Object)'> (0x000000008fc12ac8) 
thrown [s\src\hotspot\share\interpreter\linkResolver.cpp, line 759]
Event: 0.949 Thread 0x00000201d60a6560 Exception <a 'java/lang/NoSuchMethodError'{0x000000008fc3cd50}: 'java.lang.Object java.lang.invoke.DirectMethodHandle$Holder.newInvokeSpecial(java.lang.Object, java.lang.Object, java.lang.Object, java.lang.Object, java.lang.Object)'> (0x000000008fc3cd50) 
thrown [s\src\hotspot\share\interpreter\linkResolver.cpp, line 759]
Event: 0.952 Thread 0x00000201d60a6560 Exception <a 'java/lang/NoSuchMethodError'{0x000000008fc489a8}: 'java.lang.Object java.lang.invoke.DirectMethodHandle$Holder.invokeStatic(java.lang.Object, int, java.lang.Object, java.lang.Object, java.lang.Object, java.lang.Object)'> (0x000000008fc489a8) 
thrown [s\src\hotspot\share\interpreter\linkResolver.cpp, line 759]
Event: 0.965 Thread 0x00000201d60a6560 Exception <a 'java/lang/NoSuchMethodError'{0x000000008fc6e168}: 'java.lang.Object java.lang.invoke.DirectMethodHandle$Holder.invokeStatic(java.lang.Object, int, java.lang.Object)'> (0x000000008fc6e168) 
thrown [s\src\hotspot\share\interpreter\linkResolver.cpp, line 759]
Event: 1.025 Thread 0x00000201d60a6560 Exception <a 'java/lang/ClassNotFoundException'{0x000000008fb26710}: com/sun/swing/internal/plaf/metal/resources/spi/metalProvider> (0x000000008fb26710) 
thrown [s\src\hotspot\share\classfile\systemDictionary.cpp, line 256]
Event: 1.027 Thread 0x00000201d60a6560 Exception <a 'java/lang/ClassNotFoundException'{0x000000008fb2a5e8}: com/sun/swing/internal/plaf/basic/resources/spi/basicProvider> (0x000000008fb2a5e8) 
thrown [s\src\hotspot\share\classfile\systemDictionary.cpp, line 256]
Event: 1.065 Thread 0x00000201d6430010 Exception <a 'java/lang/NoSuchMethodError'{0x000000008fb968c0}: 'java.lang.Object java.lang.invoke.DirectMethodHandle$Holder.newInvokeSpecial(java.lang.Object, java.lang.Object, java.lang.Object, int, int, int, int, int)'> (0x000000008fb968c0) 
thrown [s\src\hotspot\share\interpreter\linkResolver.cpp, line 759]
Event: 1.180 Thread 0x00000201d60a6560 Exception <a 'java/lang/NoSuchMethodError'{0x000000008fb72fb0}: 'void java.lang.invoke.DirectMethodHandle$Holder.invokeStaticInit(java.lang.Object)'> (0x000000008fb72fb0) 
thrown [s\src\hotspot\share\interpreter\linkResolver.cpp, line 759]
Event: 1.287 Thread 0x00000201d175e8d0 Exception <a 'java/lang/NoSuchMethodError'{0x000000008fd52cb8}: 'void java.lang.invoke.DirectMethodHandle$Holder.invokeVirtual(java.lang.Object, java.lang.Object)'> (0x000000008fd52cb8) 
thrown [s\src\hotspot\share\interpreter\linkResolver.cpp, line 759]
Event: 1.701 Thread 0x00000201d6430010 Implicit null exception at 0x00000201c3131d7d to 0x00000201c3132238
Event: 3.635 Thread 0x00000201d60a6560 Exception <a 'java/lang/NoSuchMethodError'{0x000000008fed8fe8}: 'void java.lang.invoke.DirectMethodHandle$Holder.invokeStatic(java.lang.Object, java.lang.Object, java.lang.Object)'> (0x000000008fed8fe8) 
thrown [s\src\hotspot\share\interpreter\linkResolver.cpp, line 759]
Event: 3.638 Thread 0x00000201d60a6560 Exception <a 'java/lang/NoSuchMethodError'{0x000000008fedf7a8}: 'void java.lang.invoke.DirectMethodHandle$Holder.invokeStatic(java.lang.Object, java.lang.Object)'> (0x000000008fedf7a8) 
thrown [s\src\hotspot\share\interpreter\linkResolver.cpp, line 759]

VM Operations (20 events):
Event: 1.949 Executing VM operation: G1CollectForAllocation
Event: 1.956 Executing VM operation: G1CollectForAllocation done
Event: 2.414 Executing VM operation: G1CollectForAllocation
Event: 2.421 Executing VM operation: G1CollectForAllocation done
Event: 3.371 Executing VM operation: G1TryInitiateConcMark
Event: 3.373 Executing VM operation: G1TryInitiateConcMark done
Event: 3.661 Executing VM operation: HandshakeAllThreads
Event: 3.661 Executing VM operation: HandshakeAllThreads done
Event: 3.667 Executing VM operation: HandshakeAllThreads
Event: 3.667 Executing VM operation: HandshakeAllThreads done
Event: 3.677 Executing VM operation: HandshakeAllThreads
Event: 3.677 Executing VM operation: HandshakeAllThreads done
Event: 4.688 Executing VM operation: Cleanup
Event: 4.689 Executing VM operation: Cleanup done
Event: 5.704 Executing VM operation: Cleanup
Event: 5.706 Executing VM operation: Cleanup done
Event: 60.243 Executing VM operation: HandshakeAllThreads
Event: 60.244 Executing VM operation: HandshakeAllThreads done
Event: 571.861 Executing VM operation: Cleanup
Event: 571.861 Executing VM operation: Cleanup done

Events (20 events):
Event: 3.861 loading class javax/swing/text/JTextComponent$InputMethodRequestsHandler done
Event: 3.862 loading class java/awt/event/ContainerEvent
Event: 3.862 loading class java/awt/event/ContainerEvent done
Event: 4.814 loading class java/awt/event/MouseEvent$1
Event: 4.814 loading class sun/awt/AWTAccessor$MouseEventAccessor
Event: 4.814 loading class sun/awt/AWTAccessor$MouseEventAccessor done
Event: 4.814 loading class java/awt/event/MouseEvent$1 done
Event: 4.815 loading class java/awt/Cursor$CursorDisposer
Event: 4.815 loading class java/awt/Cursor$CursorDisposer done
Event: 4.816 loading class java/awt/Container$MouseEventTargetFilter
Event: 4.816 loading class java/awt/Container$EventTargetFilter
Event: 4.816 loading class java/awt/Container$EventTargetFilter done
Event: 4.816 loading class java/awt/Container$MouseEventTargetFilter done
Event: 4.816 loading class java/awt/LightweightDispatcher$1
Event: 4.816 loading class java/awt/LightweightDispatcher$1 done
Event: 4.816 loading class java/awt/Toolkit$SelectiveAWTEventListener
Event: 4.816 loading class java/awt/Toolkit$SelectiveAWTEventListener done
Event: 4.817 loading class java/awt/event/MouseWheelEvent
Event: 4.817 loading class java/awt/event/MouseWheelEvent done
Event: 8.624 Thread 0x00000201d6430010 Thread exited: 0x00000201d6430010


Dynamic libraries:
0x00007ff6ac890000 - 0x00007ff6ac89e000 	C:\Users\ariza\.p2\pool\plugins\org.eclipse.justj.openjdk.hotspot.jre.full.win32.x86_64_17.0.9.v20231028-0858\jre\bin\javaw.exe
0x00007ffd5cb90000 - 0x00007ffd5cd88000 	C:\Windows\SYSTEM32\ntdll.dll
0x00007ffd5abf0000 - 0x00007ffd5acad000 	C:\Windows\System32\KERNEL32.DLL
0x00007ffd5a4f0000 - 0x00007ffd5a7e6000 	C:\Windows\System32\KERNELBASE.dll
0x00007ffd5a940000 - 0x00007ffd5aa40000 	C:\Windows\System32\ucrtbase.dll
0x00007ffd44260000 - 0x00007ffd44277000 	C:\Users\ariza\.p2\pool\plugins\org.eclipse.justj.openjdk.hotspot.jre.full.win32.x86_64_17.0.9.v20231028-0858\jre\bin\jli.dll
0x00007ffd5b160000 - 0x00007ffd5b2fe000 	C:\Windows\System32\USER32.dll
0x00007ffd5a910000 - 0x00007ffd5a932000 	C:\Windows\System32\win32u.dll
0x00007ffd5c100000 - 0x00007ffd5c12c000 	C:\Windows\System32\GDI32.dll
0x00007ffd5a270000 - 0x00007ffd5a38a000 	C:\Windows\System32\gdi32full.dll
0x00007ffd5a870000 - 0x00007ffd5a90d000 	C:\Windows\System32\msvcp_win.dll
0x00007ffd441c0000 - 0x00007ffd441db000 	C:\Users\ariza\.p2\pool\plugins\org.eclipse.justj.openjdk.hotspot.jre.full.win32.x86_64_17.0.9.v20231028-0858\jre\bin\VCRUNTIME140.dll
0x00007ffd49c80000 - 0x00007ffd49f1a000 	C:\Windows\WinSxS\amd64_microsoft.windows.common-controls_6595b64144ccf1df_6.0.19041.3636_none_60b6a03d71f818d5\COMCTL32.dll
0x00007ffd5b7d0000 - 0x00007ffd5b86e000 	C:\Windows\System32\msvcrt.dll
0x00007ffd5c030000 - 0x00007ffd5c060000 	C:\Windows\System32\IMM32.DLL
0x00007ffd51040000 - 0x00007ffd5104c000 	C:\Users\ariza\.p2\pool\plugins\org.eclipse.justj.openjdk.hotspot.jre.full.win32.x86_64_17.0.9.v20231028-0858\jre\bin\vcruntime140_1.dll
0x00007ffd0bda0000 - 0x00007ffd0be2d000 	C:\Users\ariza\.p2\pool\plugins\org.eclipse.justj.openjdk.hotspot.jre.full.win32.x86_64_17.0.9.v20231028-0858\jre\bin\msvcp140.dll
0x00007ffd21250000 - 0x00007ffd21eb1000 	C:\Users\ariza\.p2\pool\plugins\org.eclipse.justj.openjdk.hotspot.jre.full.win32.x86_64_17.0.9.v20231028-0858\jre\bin\server\jvm.dll
0x00007ffd5acb0000 - 0x00007ffd5ad5f000 	C:\Windows\System32\ADVAPI32.dll
0x00007ffd5c1f0000 - 0x00007ffd5c28c000 	C:\Windows\System32\sechost.dll
0x00007ffd5ae80000 - 0x00007ffd5afa6000 	C:\Windows\System32\RPCRT4.dll
0x00007ffd5a020000 - 0x00007ffd5a06b000 	C:\Windows\SYSTEM32\POWRPROF.dll
0x00007ffd34780000 - 0x00007ffd34789000 	C:\Windows\SYSTEM32\WSOCK32.dll
0x00007ffd5bfc0000 - 0x00007ffd5c02b000 	C:\Windows\System32\WS2_32.dll
0x00007ffd51f60000 - 0x00007ffd51f87000 	C:\Windows\SYSTEM32\WINMM.dll
0x00007ffd51f50000 - 0x00007ffd51f5a000 	C:\Windows\SYSTEM32\VERSION.dll
0x00007ffd5a000000 - 0x00007ffd5a012000 	C:\Windows\SYSTEM32\UMPDC.dll
0x00007ffd58130000 - 0x00007ffd58142000 	C:\Windows\SYSTEM32\kernel.appcore.dll
0x00007ffd243c0000 - 0x00007ffd243ca000 	C:\Users\ariza\.p2\pool\plugins\org.eclipse.justj.openjdk.hotspot.jre.full.win32.x86_64_17.0.9.v20231028-0858\jre\bin\jimage.dll
0x00007ffd45970000 - 0x00007ffd45b54000 	C:\Windows\SYSTEM32\DBGHELP.DLL
0x00007ffd45930000 - 0x00007ffd45964000 	C:\Windows\SYSTEM32\dbgcore.DLL
0x00007ffd5ab60000 - 0x00007ffd5abe2000 	C:\Windows\System32\bcryptPrimitives.dll
0x00007ffd22510000 - 0x00007ffd22535000 	C:\Users\ariza\.p2\pool\plugins\org.eclipse.justj.openjdk.hotspot.jre.full.win32.x86_64_17.0.9.v20231028-0858\jre\bin\java.dll
0x00007ffd224f0000 - 0x00007ffd22508000 	C:\Users\ariza\.p2\pool\plugins\org.eclipse.justj.openjdk.hotspot.jre.full.win32.x86_64_17.0.9.v20231028-0858\jre\bin\zip.dll
0x00007ffd5b870000 - 0x00007ffd5bfb5000 	C:\Windows\System32\SHELL32.dll
0x00007ffd58330000 - 0x00007ffd58acb000 	C:\Windows\SYSTEM32\windows.storage.dll
0x00007ffd5c480000 - 0x00007ffd5c7d4000 	C:\Windows\System32\combase.dll
0x00007ffd59c40000 - 0x00007ffd59c6d000 	C:\Windows\SYSTEM32\Wldp.dll
0x00007ffd5c290000 - 0x00007ffd5c33d000 	C:\Windows\System32\SHCORE.dll
0x00007ffd5c130000 - 0x00007ffd5c185000 	C:\Windows\System32\shlwapi.dll
0x00007ffd5a1a0000 - 0x00007ffd5a1c5000 	C:\Windows\SYSTEM32\profapi.dll
0x00007ffd57760000 - 0x00007ffd57770000 	C:\Users\ariza\.p2\pool\plugins\org.eclipse.justj.openjdk.hotspot.jre.full.win32.x86_64_17.0.9.v20231028-0858\jre\bin\verify.dll
0x00007ffd220a0000 - 0x00007ffd220b9000 	C:\Users\ariza\.p2\pool\plugins\org.eclipse.justj.openjdk.hotspot.jre.full.win32.x86_64_17.0.9.v20231028-0858\jre\bin\net.dll
0x00007ffd51c30000 - 0x00007ffd51d3a000 	C:\Windows\SYSTEM32\WINHTTP.dll
0x00007ffd59940000 - 0x00007ffd599aa000 	C:\Windows\system32\mswsock.dll
0x00007ffd22080000 - 0x00007ffd22096000 	C:\Users\ariza\.p2\pool\plugins\org.eclipse.justj.openjdk.hotspot.jre.full.win32.x86_64_17.0.9.v20231028-0858\jre\bin\nio.dll
0x00007ffd0bc10000 - 0x00007ffd0bda0000 	C:\Users\ariza\.p2\pool\plugins\org.eclipse.justj.openjdk.hotspot.jre.full.win32.x86_64_17.0.9.v20231028-0858\jre\bin\awt.dll
0x00007ffd5b090000 - 0x00007ffd5b15d000 	C:\Windows\System32\OLEAUT32.dll
0x00007ffd57a90000 - 0x00007ffd57b20000 	C:\Windows\SYSTEM32\apphelp.dll
0x00007ffd57c60000 - 0x00007ffd57cfe000 	C:\Windows\system32\uxtheme.dll
0x00007ffd5ad60000 - 0x00007ffd5ae74000 	C:\Windows\System32\MSCTF.dll
0x00007ffd5c350000 - 0x00007ffd5c47b000 	C:\Windows\System32\ole32.dll
0x00007ffd57e40000 - 0x00007ffd57e6f000 	C:\Windows\system32\DWMAPI.DLL
0x00007ffd08970000 - 0x00007ffd08a95000 	C:\Windows\system32\opengl32.dll
0x00007ffd44080000 - 0x00007ffd440ac000 	C:\Windows\SYSTEM32\GLU32.dll
0x00007ffd52180000 - 0x00007ffd521bb000 	C:\Windows\SYSTEM32\dxcore.dll
0x00007ffd5a7f0000 - 0x00007ffd5a83e000 	C:\Windows\System32\cfgmgr32.dll
0x00007ffd0bb80000 - 0x00007ffd0bc08000 	C:\Users\ariza\.p2\pool\plugins\org.eclipse.justj.openjdk.hotspot.jre.full.win32.x86_64_17.0.9.v20231028-0858\jre\bin\freetype.dll
0x00007ffd07a20000 - 0x00007ffd07af3000 	C:\Users\ariza\.p2\pool\plugins\org.eclipse.justj.openjdk.hotspot.jre.full.win32.x86_64_17.0.9.v20231028-0858\jre\bin\fontmanager.dll
0x00007ffd4dd50000 - 0x00007ffd4de49000 	C:\Windows\SYSTEM32\textinputframework.dll
0x00007ffd57400000 - 0x00007ffd5775b000 	C:\Windows\System32\CoreUIComponents.dll
0x00007ffd57840000 - 0x00007ffd57932000 	C:\Windows\System32\CoreMessaging.dll
0x00007ffd593b0000 - 0x00007ffd593e3000 	C:\Windows\SYSTEM32\ntmarta.dll
0x00007ffd560a0000 - 0x00007ffd561f5000 	C:\Windows\SYSTEM32\wintypes.dll
0x00007ffd5ca20000 - 0x00007ffd5cac9000 	C:\Windows\System32\clbcatq.dll
0x00007ffd54ef0000 - 0x00007ffd550a4000 	C:\Windows\SYSTEM32\WindowsCodecs.dll
0x00007ffd5a840000 - 0x00007ffd5a867000 	C:\Windows\System32\bcrypt.dll
0x00007ffd3f560000 - 0x00007ffd3f59e000 	C:\Windows\system32\dataexchange.dll
0x00007ffd567c0000 - 0x00007ffd56a23000 	C:\Windows\system32\d3d11.dll
0x00007ffd56e90000 - 0x00007ffd57073000 	C:\Windows\system32\dcomp.dll
0x00007ffd58b30000 - 0x00007ffd58c23000 	C:\Windows\system32\dxgi.dll
0x00007ffd55330000 - 0x00007ffd55533000 	C:\Windows\system32\twinapi.appcore.dll
0x00007ffd087a0000 - 0x00007ffd0896d000 	C:\Windows\system32\d3d9.dll
0x00007ffd51f90000 - 0x00007ffd5216b000 	C:\Windows\System32\DriverStore\FileRepository\u0360470.inf_amd64_35c64671e7fac064\B360357\aticfx64.dll
0x00007ffd0ed40000 - 0x00007ffd0ed73000 	C:\Windows\System32\DriverStore\FileRepository\u0360470.inf_amd64_35c64671e7fac064\B360357\atiu9p64.dll
0x00007ffd07b00000 - 0x00007ffd08796000 	C:\Windows\System32\DriverStore\FileRepository\u0360470.inf_amd64_35c64671e7fac064\B360357\atiumd64.dll
0x000000006d920000 - 0x000000006e799000 	C:\Windows\System32\DriverStore\FileRepository\u0360470.inf_amd64_35c64671e7fac064\B360357\atiumd6a.dll
0x00007ffd51e40000 - 0x00007ffd51e6f000 	C:\Windows\SYSTEM32\amdihk64.dll

dbghelp: loaded successfully - version: 4.0.5 - missing functions: none
symbol engine: initialized successfully - sym options: 0x614 - pdb path: .;C:\Users\ariza\.p2\pool\plugins\org.eclipse.justj.openjdk.hotspot.jre.full.win32.x86_64_17.0.9.v20231028-0858\jre\bin;C:\Windows\SYSTEM32;C:\Windows\WinSxS\amd64_microsoft.windows.common-controls_6595b64144ccf1df_6.0.19041.3636_none_60b6a03d71f818d5;C:\Users\ariza\.p2\pool\plugins\org.eclipse.justj.openjdk.hotspot.jre.full.win32.x86_64_17.0.9.v20231028-0858\jre\bin\server;C:\Windows\System32\DriverStore\FileRepository\u0360470.inf_amd64_35c64671e7fac064\B360357

VM Arguments:
jvm_args: -Dfile.encoding=windows-1252 -Dstdout.encoding=windows-1252 -Dstderr.encoding=windows-1252 -XX:+ShowCodeDetailsInExceptionMessages 
java_command: LockerManagement.LogoFadeIn
java_class_path (initial): C:\Users\ariza\OneDrive\Documents\GitHub\R1-Locker-Management\LockerManagementProject\LockerManagement\bin;C:\Users\ariza\OneDrive\Documents\GitHub\R1-Locker-Management\LockerManagementProject\LockerManagement\miglayout-src.zip;C:\Users\ariza\OneDrive\Documents\GitHub\R1-Locker-Management\LockerManagementProject\LockerManagement\miglayout15-swing.jar
Launcher Type: SUN_STANDARD

[Global flags]
     intx CICompilerCount                          = 3                                         {product} {ergonomic}
     uint ConcGCThreads                            = 1                                         {product} {ergonomic}
     uint G1ConcRefinementThreads                  = 4                                         {product} {ergonomic}
   size_t G1HeapRegionSize                         = 1048576                                   {product} {ergonomic}
    uintx GCDrainStackTargetSize                   = 64                                        {product} {ergonomic}
   size_t InitialHeapSize                          = 125829120                                 {product} {ergonomic}
   size_t MarkStackSize                            = 4194304                                   {product} {ergonomic}
   size_t MaxHeapSize                              = 2004877312                                {product} {ergonomic}
   size_t MaxNewSize                               = 1202716672                                {product} {ergonomic}
   size_t MinHeapDeltaBytes                        = 1048576                                   {product} {ergonomic}
   size_t MinHeapSize                              = 8388608                                   {product} {ergonomic}
    uintx NonNMethodCodeHeapSize                   = 5832780                                {pd product} {ergonomic}
    uintx NonProfiledCodeHeapSize                  = 122912730                              {pd product} {ergonomic}
    uintx ProfiledCodeHeapSize                     = 122912730                              {pd product} {ergonomic}
    uintx ReservedCodeCacheSize                    = 251658240                              {pd product} {ergonomic}
     bool SegmentedCodeCache                       = true                                      {product} {ergonomic}
     bool ShowCodeDetailsInExceptionMessages       = true                                   {manageable} {command line}
   size_t SoftMaxHeapSize                          = 2004877312                             {manageable} {ergonomic}
     bool UseCompressedClassPointers               = true                           {product lp64_product} {ergonomic}
     bool UseCompressedOops                        = true                           {product lp64_product} {ergonomic}
     bool UseG1GC                                  = true                                      {product} {ergonomic}
     bool UseLargePagesIndividualAllocation        = false                                  {pd product} {ergonomic}

Logging:
Log output configuration:
 #0: stdout all=warning uptime,level,tags
 #1: stderr all=off uptime,level,tags

Environment Variables:
PATH=C:/Users/ariza/.p2/pool/plugins/org.eclipse.justj.openjdk.hotspot.jre.full.win32.x86_64_17.0.9.v20231028-0858/jre/bin/server;C:/Users/ariza/.p2/pool/plugins/org.eclipse.justj.openjdk.hotspot.jre.full.win32.x86_64_17.0.9.v20231028-0858/jre/bin;C:\Windows\system32;C:\Windows;C:\Windows\System32\Wbem;C:\Windows\System32\WindowsPowerShell\v1.0\;C:\Windows\System32\OpenSSH\;C:\Program Files\Microsoft SQL Server\150\Tools\Binn\;C:\Program Files\Microsoft SQL Server\Client SDK\ODBC\170\Tools\Binn\;C:\Program Files\dotnet\;C:\Users\ariza\AppData\Local\Microsoft\WindowsApps;C:\Users\ariza\.dotnet\tools;C:\Users\ariza\AppData\Local\GitHubDesktop\bin;C:\Users\ariza\OneDrive\Desktop;
USERNAME=ariza
OS=Windows_NT
PROCESSOR_IDENTIFIER=AMD64 Family 21 Model 101 Stepping 1, AuthenticAMD
TMP=C:\Users\ariza\AppData\Local\Temp
TEMP=C:\Users\ariza\AppData\Local\Temp



Periodic native trim disabled


---------------  S Y S T E M  ---------------

OS:
 Windows 10 , 64 bit Build 19041 (10.0.19041.3636)
OS uptime: 0 days 1:48 hours

CPU: total 4 (initial active 4) (4 cores per cpu, 1 threads per core) family 21 model 101 stepping 1 microcode 0x0, cx8, cmov, fxsr, mmx, 3dnowpref, sse, sse2, sse3, ssse3, sse4a, sse4.1, sse4.2, popcnt, lzcnt, tsc, tscinvbit, avx, avx2, aes, clmul, bmi1, bmi2, fma, vzeroupper, clflush
Processor Information for all 4 processors :
  Max Mhz: 2500, Current Mhz: 2500, Mhz Limit: 2500

Memory: 4k page, system-wide physical 7647M (1186M free)
TotalPageFile size 22909M (AvailPageFile size 1111M)
current process WorkingSet (physical memory assigned to process): 99M, peak: 183M
current process commit charge ("private bytes"): 244M, peak: 249M

vm_info: OpenJDK 64-Bit Server VM (17.0.9+9) for windows-amd64 JRE (17.0.9+9), built on Oct 26 2023 14:01:42 by "admin" with MS VC++ 16.10 / 16.11 (VS2019)

END.
