#
# A fatal error has been detected by the Java Runtime Environment:
#
#  EXCEPTION_ACCESS_VIOLATION (0xc0000005) at pc=0x00007ffd0bceb489, pid=1168, tid=8012
#
# JRE version: OpenJDK Runtime Environment Temurin-17.0.9+9 (17.0.9+9) (build 17.0.9+9)
# Java VM: OpenJDK 64-Bit Server VM Temurin-17.0.9+9 (17.0.9+9, mixed mode, tiered, compressed oops, compressed class ptrs, g1 gc, windows-amd64)
# Problematic frame:
# C  [awt.dll+0xdb489]
#
# No core dump will be written. Minidumps are not enabled by default on client versions of Windows
#
# If you would like to submit a bug report, please visit:
#   https://github.com/adoptium/adoptium-support/issues
# The crash happened outside the Java Virtual Machine in native code.
# See problematic frame for where to report the bug.
#

---------------  S U M M A R Y ------------

Command Line: -Dfile.encoding=windows-1252 -Dstdout.encoding=windows-1252 -Dstderr.encoding=windows-1252 -XX:+ShowCodeDetailsInExceptionMessages LockerManagement.LogoFadeIn

Host: AMD A12-9700P RADEON R7, 10 COMPUTE CORES 4C+6G, 4 cores, 7G,  Windows 10 , 64 bit Build 19041 (10.0.19041.3636)
Time: Mon Dec 25 00:20:51 2023 Pakistan Standard Time elapsed time: 5939.724247 seconds (0d 1h 38m 59s)

---------------  T H R E A D  ---------------

Current thread (0x000001939b0db5d0):  JavaThread "AWT-Windows" daemon [_thread_in_native, id=8012, stack(0x00000059ecb00000,0x00000059ecc00000)]

Stack: [0x00000059ecb00000,0x00000059ecc00000],  sp=0x00000059ecbfe2f0,  free space=1016k
Native frames: (J=compiled Java code, j=interpreted, Vv=VM code, C=native code)
C  [awt.dll+0xdb489]

Java frames: (J=compiled Java code, j=interpreted, Vv=VM code)
j  sun.java2d.d3d.D3DGraphicsDevice.getDeviceCapsNative(I)I+0 java.desktop@17.0.9
j  sun.java2d.d3d.D3DGraphicsDevice$1.run()V+8 java.desktop@17.0.9
v  ~StubRoutines::call_stub
j  sun.awt.windows.WToolkit.eventLoop()V+0 java.desktop@17.0.9
j  sun.awt.windows.WToolkit.run()V+50 java.desktop@17.0.9
j  java.lang.Thread.run()V+11 java.base@17.0.9
v  ~StubRoutines::call_stub

siginfo: EXCEPTION_ACCESS_VIOLATION (0xc0000005), reading address 0x0000000000000028


Registers:
RAX=0x0000000000000000, RBX=0x000001939b3b49c0, RCX=0x0000000000000000, RDX=0x0000000000000000
RSP=0x00000059ecbfe2f0, RBP=0x00000059ecbfe3f8, RSI=0x00000059ecbfe8b0, RDI=0x0000000000000000
R8 =0x0000000000000001, R9 =0x00000000000000dd, R10=0x000001938753d5d2, R11=0x000000008a1885c0
R12=0x0000000000000000, R13=0x0000019397718668, R14=0x00000059ecbfe418, R15=0x000001939b0db5d0
RIP=0x00007ffd0bceb489, EFLAGS=0x0000000000010246


Register to memory mapping:

RIP=0x00007ffd0bceb489 awt.dll
RAX=0x0 is NULL
RBX=0x000001939b3b49c0 points into unknown readable memory: 0x000001939b3d5020 | 20 50 3d 9b 93 01 00 00
RCX=0x0 is NULL
RDX=0x0 is NULL
RSP=0x00000059ecbfe2f0 is pointing into the stack for thread: 0x000001939b0db5d0
RBP=0x00000059ecbfe3f8 is pointing into the stack for thread: 0x000001939b0db5d0
RSI=0x00000059ecbfe8b0 is pointing into the stack for thread: 0x000001939b0db5d0
RDI=0x0 is NULL
R8 =0x0000000000000001 is an unknown value
R9 =0x00000000000000dd is an unknown value
R10=0x000001938753d5d2 is at code_begin+946 in an Interpreter codelet
method entry point (kind = native)  [0x000001938753d220, 0x000001938753dba0]  2432 bytes
R11=0x000000008a1885c0 is an oop: java.lang.Class 
{0x000000008a1885c0} - klass: 'java/lang/Class'
 - ---- fields (total size 15 words):
 - private volatile transient 'classRedefinedCount' 'I' @12  0
 - private volatile transient 'cachedConstructor' 'Ljava/lang/reflect/Constructor;' @40  NULL (0)
 - private transient 'name' 'Ljava/lang/String;' @44  "sun.java2d.d3d.D3DGraphicsDevice"{0x000000008a18b1f0} (8a18b1f0)
 - private transient 'module' 'Ljava/lang/Module;' @48  a 'java/lang/Module'{0x000000008a00c0d0} (8a00c0d0)
 - private final 'classLoader' 'Ljava/lang/ClassLoader;' @52  NULL (0)
 - private transient 'classData' 'Ljava/lang/Object;' @56  NULL (0)
 - private transient 'packageName' 'Ljava/lang/String;' @60  "sun.java2d.d3d"{0x000000008a02e4d8} (8a02e4d8)
 - private final 'componentType' 'Ljava/lang/Class;' @64  NULL (0)
 - private volatile transient 'reflectionData' 'Ljava/lang/ref/SoftReference;' @68  NULL (0)
 - private volatile transient 'genericInfo' 'Lsun/reflect/generics/repository/ClassRepository;' @72  NULL (0)
 - private volatile transient 'enumConstants' '[Ljava/lang/Object;' @76  NULL (0)
 - private volatile transient 'enumConstantDirectory' 'Ljava/util/Map;' @80  NULL (0)
 - private volatile transient 'annotationData' 'Ljava/lang/Class$AnnotationData;' @84  NULL (0)
 - private volatile transient 'annotationType' 'Lsun/reflect/annotation/AnnotationType;' @88  NULL (0)
 - transient 'classValueMap' 'Ljava/lang/ClassValue$ClassValueMap;' @92  NULL (0)
 - signature: Lsun/java2d/d3d/D3DGraphicsDevice;
 - fake entry for mirror: 'sun/java2d/d3d/D3DGraphicsDevice'
 - fake entry for array: NULL
 - fake entry for oop_size: 15
 - fake entry for static_oop_field_count: 0
 - private static 'd3dAvailable' 'Z' @112  true
R12=0x0 is NULL
R13={method} {0x0000019397718670} 'getDeviceCapsNative' '(I)I' in 'sun/java2d/d3d/D3DGraphicsDevice'
R14=0x00000059ecbfe418 is pointing into the stack for thread: 0x000001939b0db5d0
R15=0x000001939b0db5d0 is a thread


Top of Stack: (sp=0x00000059ecbfe2f0)
0x00000059ecbfe2f0:   00007ffd0bd4c848 000001939b08be00
0x00000059ecbfe300:   0000019396ee0000 000001939fd15d70
0x00000059ecbfe310:   0000000000000000 00007ffd0bc2f930
0x00000059ecbfe320:   000001939b08be00 000001939b3b49c0
0x00000059ecbfe330:   0000019396e67350 0000000000000000
0x00000059ecbfe340:   000001939b08be00 00007ffd0bc2cd28
0x00000059ecbfe350:   000001939fd15d70 00007ffd5cb9e3a9
0x00000059ecbfe360:   00007ffd0bd10638 00000000000000dd
0x00000059ecbfe370:   000001939b0db5d0 000001938753d601
0x00000059ecbfe380:   0000019397718668 0000000000000095
0x00000059ecbfe390:   0000000000000000 00007ffd5cbbdf4c
0x00000059ecbfe3a0:   00000000000004d0 0000000000000000
0x00000059ecbfe3b0:   00000059ecbfe3b0 0000000000000000
0x00000059ecbfe3c0:   00000059ecbfe418 000001939771f068
0x00000059ecbfe3d0:   0000000000000000 000000008a1885c0
0x00000059ecbfe3e0:   0000019397718668 0000000000000000
0x00000059ecbfe3f0:   00000059ecbfe418 00000059ecbfe470
0x00000059ecbfe400:   0000019387539600 000000008a1885c0
0x00000059ecbfe410:   000001938753af56 0000000000000000
0x00000059ecbfe420:   000000008e2b4b88 00000059ecbfe428
0x00000059ecbfe430:   0000019397802cc8 00000059ecbfe480
0x00000059ecbfe440:   0000019397802d70 0000000000000000
0x00000059ecbfe450:   000000008a1889c0 0000019397802cf8
0x00000059ecbfe460:   00000059ecbfe418 00000059ecbfe480
0x00000059ecbfe470:   00000059ecbfe660 0000019387531010
0x00000059ecbfe480:   000000008e2b4ba0 00000000000002f1
0x00000059ecbfe490:   0000019396e673d4 0000019396ee0150
0x00000059ecbfe4a0:   0000000000000000 00000000000002f7
0x00000059ecbfe4b0:   0000019396ee0150 00000000000002f7
0x00000059ecbfe4c0:   0000019396e673f4 00000000000002f1
0x00000059ecbfe4d0:   0000000200000002 00007ffd5cbbb86b
0x00000059ecbfe4e0:   00000000001d0009 00000000000000e7 

Instructions: (pc=0x00007ffd0bceb489)
0x00007ffd0bceb389:   cc cc cc cc cc cc cc 48 89 5c 24 08 48 89 6c 24
0x00007ffd0bceb399:   10 48 89 74 24 18 57 48 83 ec 20 41 8b f8 0f b6
0x00007ffd0bceb3a9:   f2 48 8b e9 e8 ce d1 f4 ff 48 8b d8 48 89 44 24
0x00007ffd0bceb3b9:   48 41 b8 01 00 00 00 8b d7 48 8b c8 e8 36 d1 f4
0x00007ffd0bceb3c9:   ff 48 8b c8 44 0f b6 c6 48 8b d5 e8 97 fa ff ff
0x00007ffd0bceb3d9:   48 8b f8 48 8b cb e8 9c d2 f4 ff 90 48 8b c7 48
0x00007ffd0bceb3e9:   8b 5c 24 30 48 8b 6c 24 38 48 8b 74 24 40 48 83
0x00007ffd0bceb3f9:   c4 20 5f c3 cc cc cc 48 8b 49 28 e9 47 07 00 00
0x00007ffd0bceb409:   cc cc cc cc cc cc cc 48 89 5c 24 08 57 48 83 ec
0x00007ffd0bceb419:   20 8b f9 e8 5f d1 f4 ff 48 8b d8 48 89 44 24 38
0x00007ffd0bceb429:   41 b8 01 00 00 00 8b d7 48 8b c8 e8 c7 d0 f4 ff
0x00007ffd0bceb439:   48 8b 08 8b 39 48 8b cb e8 3a d2 f4 ff 90 8b c7
0x00007ffd0bceb449:   48 8b 5c 24 30 48 83 c4 20 5f c3 cc cc cc cc cc
0x00007ffd0bceb459:   cc cc cc cc cc cc cc 48 89 5c 24 08 57 48 83 ec
0x00007ffd0bceb469:   20 8b f9 e8 0f d1 f4 ff 48 8b d8 48 89 44 24 38
0x00007ffd0bceb479:   41 b8 01 00 00 00 8b d7 48 8b c8 e8 77 d0 f4 ff
0x00007ffd0bceb489:   48 8b 78 28 48 8b cb e8 eb d1 f4 ff 90 48 8b c7
0x00007ffd0bceb499:   48 8b 5c 24 30 48 83 c4 20 5f c3 cc cc cc cc cc
0x00007ffd0bceb4a9:   cc cc cc cc cc cc cc 48 89 5c 24 08 57 48 83 ec
0x00007ffd0bceb4b9:   20 8b f9 e8 bf d0 f4 ff 48 8b d8 48 89 44 24 38
0x00007ffd0bceb4c9:   41 b8 01 00 00 00 8b d7 48 8b c8 e8 27 d0 f4 ff
0x00007ffd0bceb4d9:   48 8b 78 30 48 8b cb e8 9b d1 f4 ff 90 48 8b c7
0x00007ffd0bceb4e9:   48 8b 5c 24 30 48 83 c4 20 5f c3 cc cc cc cc cc
0x00007ffd0bceb4f9:   cc cc cc cc cc cc cc 48 89 5c 24 08 57 48 83 ec
0x00007ffd0bceb509:   20 8b f9 e8 6f d0 f4 ff 48 8b d8 48 89 44 24 38
0x00007ffd0bceb519:   41 b8 01 00 00 00 8b d7 48 8b c8 e8 d7 cf f4 ff
0x00007ffd0bceb529:   48 8b 78 08 48 85 ff 74 07 48 8b bf 08 0c 00 00
0x00007ffd0bceb539:   48 8b cb e8 3f d1 f4 ff 90 48 8b c7 48 8b 5c 24
0x00007ffd0bceb549:   30 48 83 c4 20 5f c3 f3 0f 10 41 48 c3 cc cc cc
0x00007ffd0bceb559:   cc cc cc cc cc cc cc f3 0f 10 41 4c c3 cc cc cc
0x00007ffd0bceb569:   cc cc cc cc cc cc cc 48 89 5c 24 10 48 89 6c 24
0x00007ffd0bceb579:   18 48 89 74 24 20 57 48 81 ec 20 01 00 00 48 8b 


Stack slot to memory mapping:
stack at sp + 0 slots: 0x00007ffd0bd4c848 awt.dll
stack at sp + 1 slots: 0x000001939b08be00 points into unknown readable memory: 0x63412f7900000001 | 01 00 00 00 79 2f 41 63
stack at sp + 2 slots: 0x0000019396ee0000 points into unknown readable memory: 0x0000000000000000 | 00 00 00 00 00 00 00 00
stack at sp + 3 slots: 0x000001939fd15d70 points into unknown readable memory: 0x0000000000000001 | 01 00 00 00 00 00 00 00
stack at sp + 4 slots: 0x0 is NULL
stack at sp + 5 slots: 0x00007ffd0bc2f930 awt.dll
stack at sp + 6 slots: 0x000001939b08be00 points into unknown readable memory: 0x63412f7900000001 | 01 00 00 00 79 2f 41 63
stack at sp + 7 slots: 0x000001939b3b49c0 points into unknown readable memory: 0x000001939b3d5020 | 20 50 3d 9b 93 01 00 00


---------------  P R O C E S S  ---------------

Threads class SMR info:
_java_thread_list=0x00000193a03bfb40, length=18, elements={
0x00000193963417e0, 0x0000019396343100, 0x000001939636e410, 0x000001939632af50,
0x000001939632bfc0, 0x000001939632e040, 0x0000019396489e90, 0x000001939648af40,
0x000001939648f860, 0x000001939660dab0, 0x0000019396636180, 0x000001939b0c7830,
0x000001939b0daf20, 0x000001939b0db5d0, 0x000001939b0d9010, 0x00000193fb00e000,
0x000001939b3d29d0, 0x000001939b086dd0
}

Java Threads: ( => current thread )
  0x00000193963417e0 JavaThread "Reference Handler" daemon [_thread_blocked, id=7120, stack(0x00000059ebd00000,0x00000059ebe00000)]
  0x0000019396343100 JavaThread "Finalizer" daemon [_thread_blocked, id=756, stack(0x00000059ebe00000,0x00000059ebf00000)]
  0x000001939636e410 JavaThread "Signal Dispatcher" daemon [_thread_blocked, id=7428, stack(0x00000059ebf00000,0x00000059ec000000)]
  0x000001939632af50 JavaThread "Attach Listener" daemon [_thread_blocked, id=2756, stack(0x00000059ec000000,0x00000059ec100000)]
  0x000001939632bfc0 JavaThread "Service Thread" daemon [_thread_blocked, id=3164, stack(0x00000059ec100000,0x00000059ec200000)]
  0x000001939632e040 JavaThread "Monitor Deflation Thread" daemon [_thread_blocked, id=7392, stack(0x00000059ec200000,0x00000059ec300000)]
  0x0000019396489e90 JavaThread "C2 CompilerThread0" daemon [_thread_blocked, id=9808, stack(0x00000059ec300000,0x00000059ec400000)]
  0x000001939648af40 JavaThread "C1 CompilerThread0" daemon [_thread_blocked, id=9920, stack(0x00000059ec400000,0x00000059ec500000)]
  0x000001939648f860 JavaThread "Sweeper thread" daemon [_thread_blocked, id=2664, stack(0x00000059ec500000,0x00000059ec600000)]
  0x000001939660dab0 JavaThread "Notification Thread" daemon [_thread_blocked, id=8016, stack(0x00000059ec600000,0x00000059ec700000)]
  0x0000019396636180 JavaThread "Common-Cleaner" daemon [_thread_blocked, id=9864, stack(0x00000059ec800000,0x00000059ec900000)]
  0x000001939b0c7830 JavaThread "Java2D Disposer" daemon [_thread_blocked, id=5792, stack(0x00000059ec900000,0x00000059eca00000)]
  0x000001939b0daf20 JavaThread "AWT-Shutdown" [_thread_blocked, id=5636, stack(0x00000059eca00000,0x00000059ecb00000)]
=>0x000001939b0db5d0 JavaThread "AWT-Windows" daemon [_thread_in_native, id=8012, stack(0x00000059ecb00000,0x00000059ecc00000)]
  0x000001939b0d9010 JavaThread "AWT-EventQueue-0" [_thread_in_native, id=1400, stack(0x00000059ecc00000,0x00000059ecd00000)]
  0x00000193fb00e000 JavaThread "DestroyJavaVM" [_thread_blocked, id=3300, stack(0x00000059eb600000,0x00000059eb700000)]
  0x000001939b3d29d0 JavaThread "TimerQueue" daemon [_thread_blocked, id=2632, stack(0x00000059ed600000,0x00000059ed700000)]
  0x000001939b086dd0 JavaThread "D3D Screen Updater" daemon [_thread_blocked, id=9836, stack(0x00000059ed700000,0x00000059ed800000)]

Other Threads:
  0x000001939631fa50 VMThread "VM Thread" [stack: 0x00000059ebc00000,0x00000059ebd00000] [id=8620]
  0x00000193962a75d0 WatcherThread [stack: 0x00000059ec700000,0x00000059ec800000] [id=2260]
  0x00000193fb10c8a0 GCTaskThread "GC Thread#0" [stack: 0x00000059eb700000,0x00000059eb800000] [id=5224]
  0x000001939b7122e0 GCTaskThread "GC Thread#1" [stack: 0x00000059ed800000,0x00000059ed900000] [id=10196]
  0x000001939b7125a0 GCTaskThread "GC Thread#2" [stack: 0x00000059ed900000,0x00000059eda00000] [id=3160]
  0x00000193a0250690 GCTaskThread "GC Thread#3" [stack: 0x00000059eda00000,0x00000059edb00000] [id=5612]
  0x00000193fb11c6f0 ConcurrentGCThread "G1 Main Marker" [stack: 0x00000059eb800000,0x00000059eb900000] [id=2832]
  0x00000193fb11f900 ConcurrentGCThread "G1 Conc#0" [stack: 0x00000059eb900000,0x00000059eba00000] [id=9088]
  0x0000019396180090 ConcurrentGCThread "G1 Refine#0" [stack: 0x00000059eba00000,0x00000059ebb00000] [id=908]
  0x00000193961812a0 ConcurrentGCThread "G1 Service" [stack: 0x00000059ebb00000,0x00000059ebc00000] [id=7376]

Threads with active compile tasks:

VM state: not at safepoint (normal execution)

VM Mutex/Monitor currently owned by a thread: None

Heap address: 0x0000000088800000, size: 1912 MB, Compressed Oops mode: 32-bit

CDS archive(s) not mapped
Compressed class space mapped at: 0x0000000100000000-0x0000000140000000, reserved size: 1073741824
Narrow klass base: 0x0000000000000000, Narrow klass shift: 3, Narrow klass range: 0x140000000

GC Precious Log:
 CPUs: 4 total, 4 available
 Memory: 7647M
 Large Page Support: Disabled
 NUMA Support: Disabled
 Compressed Oops: Enabled (32-bit)
 Heap Region Size: 1M
 Heap Min Capacity: 8M
 Heap Initial Capacity: 120M
 Heap Max Capacity: 1912M
 Pre-touch: Disabled
 Parallel Workers: 4
 Concurrent Workers: 1
 Concurrent Refinement Workers: 4
 Periodic GC: Disabled

Heap:
 garbage-first heap   total 122880K, used 79075K [0x0000000088800000, 0x0000000100000000)
  region size 1024K, 32 young (32768K), 1 survivors (1024K)
 Metaspace       used 14965K, committed 15232K, reserved 1114112K
  class space    used 1541K, committed 1664K, reserved 1048576K

Heap Regions: E=young(eden), S=young(survivor), O=old, HS=humongous(starts), HC=humongous(continues), CS=collection set, F=free, OA=open archive, CA=closed archive, TAMS=top-at-mark-start (previous, next)
|   0|0x0000000088800000, 0x0000000088900000, 0x0000000088900000|100%|HS|  |TAMS 0x0000000088800000, 0x0000000088800000| Complete 
|   1|0x0000000088900000, 0x0000000088a00000, 0x0000000088a00000|100%|HS|  |TAMS 0x0000000088900000, 0x0000000088900000| Complete 
|   2|0x0000000088a00000, 0x0000000088b00000, 0x0000000088b00000|100%|HS|  |TAMS 0x0000000088a00000, 0x0000000088a00000| Complete 
|   3|0x0000000088b00000, 0x0000000088c00000, 0x0000000088c00000|100%|HS|  |TAMS 0x0000000088b00000, 0x0000000088b00000| Complete 
|   4|0x0000000088c00000, 0x0000000088d00000, 0x0000000088d00000|100%|HS|  |TAMS 0x0000000088c00000, 0x0000000088c00000| Complete 
|   5|0x0000000088d00000, 0x0000000088e00000, 0x0000000088e00000|100%|HS|  |TAMS 0x0000000088d00000, 0x0000000088d00000| Complete 
|   6|0x0000000088e00000, 0x0000000088f00000, 0x0000000088f00000|100%|HS|  |TAMS 0x0000000088e00000, 0x0000000088e00000| Complete 
|   7|0x0000000088f00000, 0x0000000089000000, 0x0000000089000000|100%|HS|  |TAMS 0x0000000088f00000, 0x0000000088f00000| Complete 
|   8|0x0000000089000000, 0x0000000089100000, 0x0000000089100000|100%|HS|  |TAMS 0x0000000089000000, 0x0000000089000000| Complete 
|   9|0x0000000089100000, 0x0000000089200000, 0x0000000089200000|100%|HS|  |TAMS 0x0000000089100000, 0x0000000089100000| Complete 
|  10|0x0000000089200000, 0x0000000089300000, 0x0000000089300000|100%|HS|  |TAMS 0x0000000089200000, 0x0000000089200000| Complete 
|  11|0x0000000089300000, 0x0000000089400000, 0x0000000089400000|100%|HS|  |TAMS 0x0000000089300000, 0x0000000089300000| Complete 
|  12|0x0000000089400000, 0x0000000089500000, 0x0000000089500000|100%|HS|  |TAMS 0x0000000089400000, 0x0000000089400000| Complete 
|  13|0x0000000089500000, 0x0000000089600000, 0x0000000089600000|100%|HS|  |TAMS 0x0000000089500000, 0x0000000089500000| Complete 
|  14|0x0000000089600000, 0x0000000089700000, 0x0000000089700000|100%|HS|  |TAMS 0x0000000089600000, 0x0000000089600000| Complete 
|  15|0x0000000089700000, 0x0000000089800000, 0x0000000089800000|100%|HS|  |TAMS 0x0000000089700000, 0x0000000089700000| Complete 
|  16|0x0000000089800000, 0x0000000089900000, 0x0000000089900000|100%|HS|  |TAMS 0x0000000089800000, 0x0000000089800000| Complete 
|  17|0x0000000089900000, 0x0000000089a00000, 0x0000000089a00000|100%|HS|  |TAMS 0x0000000089900000, 0x0000000089900000| Complete 
|  18|0x0000000089a00000, 0x0000000089b00000, 0x0000000089b00000|100%|HS|  |TAMS 0x0000000089a00000, 0x0000000089a00000| Complete 
|  19|0x0000000089b00000, 0x0000000089c00000, 0x0000000089c00000|100%|HS|  |TAMS 0x0000000089b00000, 0x0000000089b00000| Complete 
|  20|0x0000000089c00000, 0x0000000089d00000, 0x0000000089d00000|100%|HS|  |TAMS 0x0000000089c00000, 0x0000000089c00000| Complete 
|  21|0x0000000089d00000, 0x0000000089e00000, 0x0000000089e00000|100%|HS|  |TAMS 0x0000000089d00000, 0x0000000089d00000| Complete 
|  22|0x0000000089e00000, 0x0000000089f00000, 0x0000000089f00000|100%|HS|  |TAMS 0x0000000089e00000, 0x0000000089e00000| Complete 
|  23|0x0000000089f00000, 0x000000008a000000, 0x000000008a000000|100%|HS|  |TAMS 0x0000000089f00000, 0x0000000089f00000| Complete 
|  24|0x000000008a000000, 0x000000008a100000, 0x000000008a100000|100%| O|  |TAMS 0x000000008a000000, 0x000000008a000000| Untracked 
|  25|0x000000008a100000, 0x000000008a1ea200, 0x000000008a200000| 91%| O|  |TAMS 0x000000008a100000, 0x000000008a100000| Untracked 
|  26|0x000000008a200000, 0x000000008a300000, 0x000000008a300000|100%|HS|  |TAMS 0x000000008a200000, 0x000000008a200000| Complete 
|  27|0x000000008a300000, 0x000000008a400000, 0x000000008a400000|100%|HS|  |TAMS 0x000000008a300000, 0x000000008a300000| Complete 
|  28|0x000000008a400000, 0x000000008a500000, 0x000000008a500000|100%|HS|  |TAMS 0x000000008a400000, 0x000000008a400000| Complete 
|  29|0x000000008a500000, 0x000000008a600000, 0x000000008a600000|100%|HS|  |TAMS 0x000000008a500000, 0x000000008a500000| Complete 
|  30|0x000000008a600000, 0x000000008a700000, 0x000000008a700000|100%|HS|  |TAMS 0x000000008a600000, 0x000000008a600000| Complete 
|  31|0x000000008a700000, 0x000000008a800000, 0x000000008a800000|100%|HS|  |TAMS 0x000000008a700000, 0x000000008a700000| Complete 
|  32|0x000000008a800000, 0x000000008a900000, 0x000000008a900000|100%|HS|  |TAMS 0x000000008a800000, 0x000000008a800000| Complete 
|  33|0x000000008a900000, 0x000000008aa00000, 0x000000008aa00000|100%|HS|  |TAMS 0x000000008a900000, 0x000000008a900000| Complete 
|  34|0x000000008aa00000, 0x000000008ab00000, 0x000000008ab00000|100%|HS|  |TAMS 0x000000008aa00000, 0x000000008aa00000| Complete 
|  35|0x000000008ab00000, 0x000000008ac00000, 0x000000008ac00000|100%|HS|  |TAMS 0x000000008ab00000, 0x000000008ab00000| Complete 
|  36|0x000000008ac00000, 0x000000008ad00000, 0x000000008ad00000|100%|HS|  |TAMS 0x000000008ac00000, 0x000000008ac00000| Complete 
|  37|0x000000008ad00000, 0x000000008ae00000, 0x000000008ae00000|100%|HS|  |TAMS 0x000000008ad00000, 0x000000008ad00000| Complete 
|  38|0x000000008ae00000, 0x000000008af00000, 0x000000008af00000|100%|HS|  |TAMS 0x000000008ae00000, 0x000000008ae00000| Complete 
|  39|0x000000008af00000, 0x000000008b000000, 0x000000008b000000|100%|HS|  |TAMS 0x000000008af00000, 0x000000008af00000| Complete 
|  40|0x000000008b000000, 0x000000008b100000, 0x000000008b100000|100%|HS|  |TAMS 0x000000008b000000, 0x000000008b000000| Complete 
|  41|0x000000008b100000, 0x000000008b200000, 0x000000008b200000|100%|HS|  |TAMS 0x000000008b100000, 0x000000008b100000| Complete 
|  42|0x000000008b200000, 0x000000008b300000, 0x000000008b300000|100%|HS|  |TAMS 0x000000008b200000, 0x000000008b200000| Complete 
|  43|0x000000008b300000, 0x000000008b400000, 0x000000008b400000|100%|HS|  |TAMS 0x000000008b300000, 0x000000008b300000| Complete 
|  44|0x000000008b400000, 0x000000008b500000, 0x000000008b500000|100%|HS|  |TAMS 0x000000008b400000, 0x000000008b400000| Complete 
|  45|0x000000008b500000, 0x000000008b600000, 0x000000008b600000|100%|HS|  |TAMS 0x000000008b500000, 0x000000008b500000| Complete 
|  46|0x000000008b600000, 0x000000008b700000, 0x000000008b700000|100%|HS|  |TAMS 0x000000008b600000, 0x000000008b600000| Complete 
|  47|0x000000008b700000, 0x000000008b700000, 0x000000008b800000|  0%| F|  |TAMS 0x000000008b700000, 0x000000008b700000| Untracked 
|  48|0x000000008b800000, 0x000000008b800000, 0x000000008b900000|  0%| F|  |TAMS 0x000000008b800000, 0x000000008b800000| Untracked 
|  49|0x000000008b900000, 0x000000008b900000, 0x000000008ba00000|  0%| F|  |TAMS 0x000000008b900000, 0x000000008b900000| Untracked 
|  50|0x000000008ba00000, 0x000000008ba00000, 0x000000008bb00000|  0%| F|  |TAMS 0x000000008ba00000, 0x000000008ba00000| Untracked 
|  51|0x000000008bb00000, 0x000000008bb00000, 0x000000008bc00000|  0%| F|  |TAMS 0x000000008bb00000, 0x000000008bb00000| Untracked 
|  52|0x000000008bc00000, 0x000000008bc00000, 0x000000008bd00000|  0%| F|  |TAMS 0x000000008bc00000, 0x000000008bc00000| Untracked 
|  53|0x000000008bd00000, 0x000000008bd00000, 0x000000008be00000|  0%| F|  |TAMS 0x000000008bd00000, 0x000000008bd00000| Untracked 
|  54|0x000000008be00000, 0x000000008be00000, 0x000000008bf00000|  0%| F|  |TAMS 0x000000008be00000, 0x000000008be00000| Untracked 
|  55|0x000000008bf00000, 0x000000008bf00000, 0x000000008c000000|  0%| F|  |TAMS 0x000000008bf00000, 0x000000008bf00000| Untracked 
|  56|0x000000008c000000, 0x000000008c000000, 0x000000008c100000|  0%| F|  |TAMS 0x000000008c000000, 0x000000008c000000| Untracked 
|  57|0x000000008c100000, 0x000000008c100000, 0x000000008c200000|  0%| F|  |TAMS 0x000000008c100000, 0x000000008c100000| Untracked 
|  58|0x000000008c200000, 0x000000008c200000, 0x000000008c300000|  0%| F|  |TAMS 0x000000008c200000, 0x000000008c200000| Untracked 
|  59|0x000000008c300000, 0x000000008c300000, 0x000000008c400000|  0%| F|  |TAMS 0x000000008c300000, 0x000000008c300000| Untracked 
|  60|0x000000008c400000, 0x000000008c400000, 0x000000008c500000|  0%| F|  |TAMS 0x000000008c400000, 0x000000008c400000| Untracked 
|  61|0x000000008c500000, 0x000000008c500000, 0x000000008c600000|  0%| F|  |TAMS 0x000000008c500000, 0x000000008c500000| Untracked 
|  62|0x000000008c600000, 0x000000008c600000, 0x000000008c700000|  0%| F|  |TAMS 0x000000008c600000, 0x000000008c600000| Untracked 
|  63|0x000000008c700000, 0x000000008c700000, 0x000000008c800000|  0%| F|  |TAMS 0x000000008c700000, 0x000000008c700000| Untracked 
|  64|0x000000008c800000, 0x000000008c800000, 0x000000008c900000|  0%| F|  |TAMS 0x000000008c800000, 0x000000008c800000| Untracked 
|  65|0x000000008c900000, 0x000000008c900000, 0x000000008ca00000|  0%| F|  |TAMS 0x000000008c900000, 0x000000008c900000| Untracked 
|  66|0x000000008ca00000, 0x000000008ca00000, 0x000000008cb00000|  0%| F|  |TAMS 0x000000008ca00000, 0x000000008ca00000| Untracked 
|  67|0x000000008cb00000, 0x000000008cb00000, 0x000000008cc00000|  0%| F|  |TAMS 0x000000008cb00000, 0x000000008cb00000| Untracked 
|  68|0x000000008cc00000, 0x000000008cc00000, 0x000000008cd00000|  0%| F|  |TAMS 0x000000008cc00000, 0x000000008cc00000| Untracked 
|  69|0x000000008cd00000, 0x000000008cd00000, 0x000000008ce00000|  0%| F|  |TAMS 0x000000008cd00000, 0x000000008cd00000| Untracked 
|  70|0x000000008ce00000, 0x000000008ce00000, 0x000000008cf00000|  0%| F|  |TAMS 0x000000008ce00000, 0x000000008ce00000| Untracked 
|  71|0x000000008cf00000, 0x000000008cf00000, 0x000000008d000000|  0%| F|  |TAMS 0x000000008cf00000, 0x000000008cf00000| Untracked 
|  72|0x000000008d000000, 0x000000008d000000, 0x000000008d100000|  0%| F|  |TAMS 0x000000008d000000, 0x000000008d000000| Untracked 
|  73|0x000000008d100000, 0x000000008d100000, 0x000000008d200000|  0%| F|  |TAMS 0x000000008d100000, 0x000000008d100000| Untracked 
|  74|0x000000008d200000, 0x000000008d200000, 0x000000008d300000|  0%| F|  |TAMS 0x000000008d200000, 0x000000008d200000| Untracked 
|  75|0x000000008d300000, 0x000000008d300000, 0x000000008d400000|  0%| F|  |TAMS 0x000000008d300000, 0x000000008d300000| Untracked 
|  76|0x000000008d400000, 0x000000008d400000, 0x000000008d500000|  0%| F|  |TAMS 0x000000008d400000, 0x000000008d400000| Untracked 
|  77|0x000000008d500000, 0x000000008d500000, 0x000000008d600000|  0%| F|  |TAMS 0x000000008d500000, 0x000000008d500000| Untracked 
|  78|0x000000008d600000, 0x000000008d600000, 0x000000008d700000|  0%| F|  |TAMS 0x000000008d600000, 0x000000008d600000| Untracked 
|  79|0x000000008d700000, 0x000000008d700000, 0x000000008d800000|  0%| F|  |TAMS 0x000000008d700000, 0x000000008d700000| Untracked 
|  80|0x000000008d800000, 0x000000008d800000, 0x000000008d900000|  0%| F|  |TAMS 0x000000008d800000, 0x000000008d800000| Untracked 
|  81|0x000000008d900000, 0x000000008d900000, 0x000000008da00000|  0%| F|  |TAMS 0x000000008d900000, 0x000000008d900000| Untracked 
|  82|0x000000008da00000, 0x000000008da00000, 0x000000008db00000|  0%| F|  |TAMS 0x000000008da00000, 0x000000008da00000| Untracked 
|  83|0x000000008db00000, 0x000000008db00000, 0x000000008dc00000|  0%| F|  |TAMS 0x000000008db00000, 0x000000008db00000| Untracked 
|  84|0x000000008dc00000, 0x000000008dc00000, 0x000000008dd00000|  0%| F|  |TAMS 0x000000008dc00000, 0x000000008dc00000| Untracked 
|  85|0x000000008dd00000, 0x000000008dd00000, 0x000000008de00000|  0%| F|  |TAMS 0x000000008dd00000, 0x000000008dd00000| Untracked 
|  86|0x000000008de00000, 0x000000008de00000, 0x000000008df00000|  0%| F|  |TAMS 0x000000008de00000, 0x000000008de00000| Untracked 
|  87|0x000000008df00000, 0x000000008df00000, 0x000000008e000000|  0%| F|  |TAMS 0x000000008df00000, 0x000000008df00000| Untracked 
|  88|0x000000008e000000, 0x000000008e0ecd38, 0x000000008e100000| 92%| E|  |TAMS 0x000000008e000000, 0x000000008e000000| Complete 
|  89|0x000000008e100000, 0x000000008e200000, 0x000000008e200000|100%| E|CS|TAMS 0x000000008e100000, 0x000000008e100000| Complete 
|  90|0x000000008e200000, 0x000000008e300000, 0x000000008e300000|100%| E|CS|TAMS 0x000000008e200000, 0x000000008e200000| Complete 
|  91|0x000000008e300000, 0x000000008e400000, 0x000000008e400000|100%| E|CS|TAMS 0x000000008e300000, 0x000000008e300000| Complete 
|  92|0x000000008e400000, 0x000000008e500000, 0x000000008e500000|100%| E|CS|TAMS 0x000000008e400000, 0x000000008e400000| Complete 
|  93|0x000000008e500000, 0x000000008e600000, 0x000000008e600000|100%| E|CS|TAMS 0x000000008e500000, 0x000000008e500000| Complete 
|  94|0x000000008e600000, 0x000000008e700000, 0x000000008e700000|100%| E|CS|TAMS 0x000000008e600000, 0x000000008e600000| Complete 
|  95|0x000000008e700000, 0x000000008e800000, 0x000000008e800000|100%| E|CS|TAMS 0x000000008e700000, 0x000000008e700000| Complete 
|  96|0x000000008e800000, 0x000000008e900000, 0x000000008e900000|100%| E|CS|TAMS 0x000000008e800000, 0x000000008e800000| Complete 
|  97|0x000000008e900000, 0x000000008ea00000, 0x000000008ea00000|100%| E|CS|TAMS 0x000000008e900000, 0x000000008e900000| Complete 
|  98|0x000000008ea00000, 0x000000008eb00000, 0x000000008eb00000|100%| E|CS|TAMS 0x000000008ea00000, 0x000000008ea00000| Complete 
|  99|0x000000008eb00000, 0x000000008ec00000, 0x000000008ec00000|100%| E|CS|TAMS 0x000000008eb00000, 0x000000008eb00000| Complete 
| 100|0x000000008ec00000, 0x000000008ec4ed40, 0x000000008ed00000| 30%| S|CS|TAMS 0x000000008ec00000, 0x000000008ec00000| Complete 
| 101|0x000000008ed00000, 0x000000008ee00000, 0x000000008ee00000|100%| E|CS|TAMS 0x000000008ed00000, 0x000000008ed00000| Complete 
| 102|0x000000008ee00000, 0x000000008ef00000, 0x000000008ef00000|100%| E|CS|TAMS 0x000000008ee00000, 0x000000008ee00000| Complete 
| 103|0x000000008ef00000, 0x000000008f000000, 0x000000008f000000|100%| E|CS|TAMS 0x000000008ef00000, 0x000000008ef00000| Complete 
| 104|0x000000008f000000, 0x000000008f100000, 0x000000008f100000|100%| E|CS|TAMS 0x000000008f000000, 0x000000008f000000| Complete 
| 105|0x000000008f100000, 0x000000008f200000, 0x000000008f200000|100%| E|CS|TAMS 0x000000008f100000, 0x000000008f100000| Complete 
| 106|0x000000008f200000, 0x000000008f300000, 0x000000008f300000|100%| E|CS|TAMS 0x000000008f200000, 0x000000008f200000| Complete 
| 107|0x000000008f300000, 0x000000008f400000, 0x000000008f400000|100%| E|CS|TAMS 0x000000008f300000, 0x000000008f300000| Complete 
| 108|0x000000008f400000, 0x000000008f500000, 0x000000008f500000|100%| E|CS|TAMS 0x000000008f400000, 0x000000008f400000| Complete 
| 109|0x000000008f500000, 0x000000008f600000, 0x000000008f600000|100%| E|CS|TAMS 0x000000008f500000, 0x000000008f500000| Complete 
| 110|0x000000008f600000, 0x000000008f700000, 0x000000008f700000|100%| E|CS|TAMS 0x000000008f600000, 0x000000008f600000| Complete 
| 111|0x000000008f700000, 0x000000008f800000, 0x000000008f800000|100%| E|CS|TAMS 0x000000008f700000, 0x000000008f700000| Complete 
| 112|0x000000008f800000, 0x000000008f900000, 0x000000008f900000|100%| E|CS|TAMS 0x000000008f800000, 0x000000008f800000| Complete 
| 113|0x000000008f900000, 0x000000008fa00000, 0x000000008fa00000|100%| E|CS|TAMS 0x000000008f900000, 0x000000008f900000| Complete 
| 114|0x000000008fa00000, 0x000000008fb00000, 0x000000008fb00000|100%| E|CS|TAMS 0x000000008fa00000, 0x000000008fa00000| Complete 
| 115|0x000000008fb00000, 0x000000008fc00000, 0x000000008fc00000|100%| E|CS|TAMS 0x000000008fb00000, 0x000000008fb00000| Complete 
| 116|0x000000008fc00000, 0x000000008fd00000, 0x000000008fd00000|100%| E|CS|TAMS 0x000000008fc00000, 0x000000008fc00000| Complete 
| 117|0x000000008fd00000, 0x000000008fe00000, 0x000000008fe00000|100%| E|CS|TAMS 0x000000008fd00000, 0x000000008fd00000| Complete 
| 118|0x000000008fe00000, 0x000000008ff00000, 0x000000008ff00000|100%| E|CS|TAMS 0x000000008fe00000, 0x000000008fe00000| Complete 
| 119|0x000000008ff00000, 0x0000000090000000, 0x0000000090000000|100%| E|CS|TAMS 0x000000008ff00000, 0x000000008ff00000| Complete 

Card table byte_map: [0x000001938f9f0000,0x000001938fdb0000] _byte_map_base: 0x000001938f5ac000

Marking Bits (Prev, Next): (CMBitMap*) 0x00000193fb10cec0, (CMBitMap*) 0x00000193fb10cf00
 Prev Bits: [0x0000019390170000, 0x0000019391f50000)
 Next Bits: [0x0000019391f50000, 0x0000019393d30000)

Polling page: 0x00000193fb180000

Metaspace:

Usage:
  Non-class:     13.11 MB used.
      Class:      1.51 MB used.
       Both:     14.61 MB used.

Virtual space:
  Non-class space:       64.00 MB reserved,      13.25 MB ( 21%) committed,  1 nodes.
      Class space:        1.00 GB reserved,       1.62 MB ( <1%) committed,  1 nodes.
             Both:        1.06 GB reserved,      14.88 MB (  1%) committed. 

Chunk freelists:
   Non-Class:  2.48 MB
       Class:  14.25 MB
        Both:  16.73 MB

MaxMetaspaceSize: unlimited
CompressedClassSpaceSize: 1.00 GB
Initial GC threshold: 21.00 MB
Current GC threshold: 21.00 MB
CDS: off
MetaspaceReclaimPolicy: balanced
 - commit_granule_bytes: 65536.
 - commit_granule_words: 8192.
 - virtual_space_node_default_size: 8388608.
 - enlarge_chunks_in_place: 1.
 - new_chunks_are_fully_committed: 0.
 - uncommit_free_chunks: 1.
 - use_allocation_guard: 0.
 - handle_deallocations: 1.


Internal statistics:

num_allocs_failed_limit: 0.
num_arena_births: 122.
num_arena_deaths: 0.
num_vsnodes_births: 2.
num_vsnodes_deaths: 0.
num_space_committed: 238.
num_space_uncommitted: 0.
num_chunks_returned_to_freelist: 0.
num_chunks_taken_from_freelist: 213.
num_chunk_merges: 0.
num_chunk_splits: 102.
num_chunks_enlarged: 30.
num_inconsistent_stats: 0.

CodeHeap 'non-profiled nmethods': size=120000Kb used=380Kb max_used=380Kb free=119619Kb
 bounds [0x0000019387ad0000, 0x0000019387d40000, 0x000001938f000000]
CodeHeap 'profiled nmethods': size=120000Kb used=1566Kb max_used=1566Kb free=118433Kb
 bounds [0x0000019380000000, 0x0000019380270000, 0x0000019387530000]
CodeHeap 'non-nmethods': size=5760Kb used=1282Kb max_used=1299Kb free=4477Kb
 bounds [0x0000019387530000, 0x00000193877a0000, 0x0000019387ad0000]
 total_blobs=1651 nmethods=1037 adapters=528
 compilation: enabled
              stopped_count=0, restarted_count=0
 full_count=0

Compilation events (20 events):
Event: 593.475 Thread 0x0000019396489e90 1028       4       java.util.ArrayList::toArray (57 bytes)
Event: 593.483 Thread 0x0000019396489e90 nmethod 1028 0x0000019387b2d490 code [0x0000019387b2d620, 0x0000019387b2da98]
Event: 2643.002 Thread 0x000001939648af40 1029   !   3       java.lang.ref.ReferenceQueue::remove (125 bytes)
Event: 2643.010 Thread 0x000001939648af40 nmethod 1029 0x000001938017a890 code [0x000001938017aaa0, 0x000001938017b258]
Event: 3305.935 Thread 0x000001939648af40 1030 % !   3       sun.java2d.d3d.D3DScreenUpdateManager::run @ 105 (267 bytes)
Event: 3305.956 Thread 0x000001939648af40 nmethod 1030% 0x000001938017b590 code [0x000001938017b9e0, 0x000001938017e168]
Event: 3361.842 Thread 0x000001939648af40 1031 % !   3       sun.java2d.d3d.D3DScreenUpdateManager::run @ 0 (267 bytes)
Event: 3361.848 Thread 0x000001939648af40 nmethod 1031% 0x000001938017f190 code [0x000001938017f5e0, 0x0000019380181ce8]
Event: 3417.836 Thread 0x000001939648af40 1032   !   3       sun.java2d.d3d.D3DScreenUpdateManager::run (267 bytes)
Event: 3417.843 Thread 0x000001939648af40 nmethod 1032 0x0000019380182c90 code [0x00000193801830e0, 0x0000019380185768]
Event: 4263.208 Thread 0x000001939648af40 1033   !   3       jdk.internal.ref.PhantomCleanable::isListEmpty (34 bytes)
Event: 4263.213 Thread 0x000001939648af40 nmethod 1033 0x0000019380186710 code [0x00000193801868a0, 0x0000019380186af8]
Event: 4263.213 Thread 0x000001939648af40 1034       3       jdk.internal.misc.InnocuousThread::eraseThreadLocals (23 bytes)
Event: 4263.221 Thread 0x000001939648af40 nmethod 1034 0x0000019380186c10 code [0x0000019380186da0, 0x0000019380186f98]
Event: 5544.804 Thread 0x0000019396489e90 1035 % !   4       sun.java2d.d3d.D3DScreenUpdateManager::run @ 0 (267 bytes)
Event: 5544.843 Thread 0x0000019396489e90 nmethod 1035% 0x0000019387b2dc10 code [0x0000019387b2dde0, 0x0000019387b2eb38]
Event: 5937.584 Thread 0x000001939648af40 1036       3       java.lang.String::<init> (14 bytes)
Event: 5937.586 Thread 0x000001939648af40 nmethod 1036 0x0000019380187010 code [0x00000193801871c0, 0x00000193801873d8]
Event: 5937.634 Thread 0x000001939648af40 1037       3       java.lang.invoke.ConstantCallSite::getTarget (20 bytes)
Event: 5937.635 Thread 0x000001939648af40 nmethod 1037 0x0000019380187510 code [0x00000193801876c0, 0x00000193801878c8]

GC Heap History (4 events):
Event: 1.845 GC heap before
{Heap before GC invocations=0 (full 0):
 garbage-first heap   total 122880K, used 20480K [0x0000000088800000, 0x0000000100000000)
  region size 1024K, 13 young (13312K), 0 survivors (0K)
 Metaspace       used 13278K, committed 13504K, reserved 1114112K
  class space    used 1305K, committed 1408K, reserved 1048576K
}
Event: 1.851 GC heap after
{Heap after GC invocations=1 (full 0):
 garbage-first heap   total 122880K, used 9112K [0x0000000088800000, 0x0000000100000000)
  region size 1024K, 2 young (2048K), 2 survivors (2048K)
 Metaspace       used 13278K, committed 13504K, reserved 1114112K
  class space    used 1305K, committed 1408K, reserved 1048576K
}
Event: 2.642 GC heap before
{Heap before GC invocations=1 (full 0):
 garbage-first heap   total 122880K, used 43928K [0x0000000088800000, 0x0000000100000000)
  region size 1024K, 19 young (19456K), 2 survivors (2048K)
 Metaspace       used 13309K, committed 13504K, reserved 1114112K
  class space    used 1305K, committed 1408K, reserved 1048576K
}
Event: 2.648 GC heap after
{Heap after GC invocations=2 (full 0):
 garbage-first heap   total 122880K, used 20707K [0x0000000088800000, 0x0000000100000000)
  region size 1024K, 1 young (1024K), 1 survivors (1024K)
 Metaspace       used 13309K, committed 13504K, reserved 1114112K
  class space    used 1305K, committed 1408K, reserved 1048576K
}

Dll operation events (9 events):
Event: 0.022 Loaded shared library C:\Users\ariza\.p2\pool\plugins\org.eclipse.justj.openjdk.hotspot.jre.full.win32.x86_64_17.0.9.v20231028-0858\jre\bin\java.dll
Event: 0.407 Loaded shared library C:\Users\ariza\.p2\pool\plugins\org.eclipse.justj.openjdk.hotspot.jre.full.win32.x86_64_17.0.9.v20231028-0858\jre\bin\verify.dll
Event: 0.452 Loaded shared library C:\Users\ariza\.p2\pool\plugins\org.eclipse.justj.openjdk.hotspot.jre.full.win32.x86_64_17.0.9.v20231028-0858\jre\bin\jimage.dll
Event: 0.483 Loaded shared library C:\Users\ariza\.p2\pool\plugins\org.eclipse.justj.openjdk.hotspot.jre.full.win32.x86_64_17.0.9.v20231028-0858\jre\bin\net.dll
Event: 0.488 Loaded shared library C:\Users\ariza\.p2\pool\plugins\org.eclipse.justj.openjdk.hotspot.jre.full.win32.x86_64_17.0.9.v20231028-0858\jre\bin\nio.dll
Event: 0.500 Loaded shared library C:\Users\ariza\.p2\pool\plugins\org.eclipse.justj.openjdk.hotspot.jre.full.win32.x86_64_17.0.9.v20231028-0858\jre\bin\zip.dll
Event: 0.596 Loaded shared library C:\Users\ariza\.p2\pool\plugins\org.eclipse.justj.openjdk.hotspot.jre.full.win32.x86_64_17.0.9.v20231028-0858\jre\bin\awt.dll
Event: 1.116 Loaded shared library C:\Users\ariza\.p2\pool\plugins\org.eclipse.justj.openjdk.hotspot.jre.full.win32.x86_64_17.0.9.v20231028-0858\jre\bin\freetype.dll
Event: 1.118 Loaded shared library C:\Users\ariza\.p2\pool\plugins\org.eclipse.justj.openjdk.hotspot.jre.full.win32.x86_64_17.0.9.v20231028-0858\jre\bin\fontmanager.dll

Deoptimization events (20 events):
Event: 1.828 Thread 0x000001939b40d010 DEOPT PACKING pc=0x00000193801071ab sp=0x00000059ed5ff0f0
Event: 1.828 Thread 0x000001939b40d010 DEOPT UNPACKING pc=0x0000019387587143 sp=0x00000059ed5fe590 mode 0
Event: 1.832 Thread 0x000001939b40d010 DEOPT PACKING pc=0x00000193800fad36 sp=0x00000059ed5ff290
Event: 1.832 Thread 0x000001939b40d010 DEOPT UNPACKING pc=0x0000019387587143 sp=0x00000059ed5fe7e0 mode 0
Event: 1.836 Thread 0x000001939b40d010 DEOPT PACKING pc=0x00000193801071ab sp=0x00000059ed5feef0
Event: 1.836 Thread 0x000001939b40d010 DEOPT UNPACKING pc=0x0000019387587143 sp=0x00000059ed5fe390 mode 0
Event: 1.839 Thread 0x000001939b40d010 DEOPT PACKING pc=0x00000193801071ab sp=0x00000059ed5feef0
Event: 1.839 Thread 0x000001939b40d010 DEOPT UNPACKING pc=0x0000019387587143 sp=0x00000059ed5fe390 mode 0
Event: 465.662 Thread 0x000001939b086dd0 Uncommon trap: trap_request=0xffffffcc fr.pc=0x0000019387b2bac4 relative=0x0000000000000224
Event: 465.662 Thread 0x000001939b086dd0 Uncommon trap: reason=intrinsic_or_type_checked_inlining action=make_not_entrant pc=0x0000019387b2bac4 method=java.util.Arrays.copyOf([Ljava/lang/Object;ILjava/lang/Class;)[Ljava/lang/Object; @ 35 c2
Event: 465.662 Thread 0x000001939b086dd0 DEOPT PACKING pc=0x0000019387b2bac4 sp=0x00000059ed7ff550
Event: 465.662 Thread 0x000001939b086dd0 DEOPT UNPACKING pc=0x00000193875869a3 sp=0x00000059ed7ff4e0 mode 2
Event: 579.521 Thread 0x000001939b086dd0 Uncommon trap: trap_request=0xffffffdc fr.pc=0x0000019387b2cd88 relative=0x0000000000000168
Event: 579.521 Thread 0x000001939b086dd0 Uncommon trap: reason=class_check action=make_not_entrant pc=0x0000019387b2cd88 method=java.util.ArrayList.toArray([Ljava/lang/Object;)[Ljava/lang/Object; @ 21 c2
Event: 579.521 Thread 0x000001939b086dd0 DEOPT PACKING pc=0x0000019387b2cd88 sp=0x00000059ed7ff5b0
Event: 579.521 Thread 0x000001939b086dd0 DEOPT UNPACKING pc=0x00000193875869a3 sp=0x00000059ed7ff570 mode 2
Event: 5936.654 Thread 0x000001939b086dd0 Uncommon trap: trap_request=0xffffff45 fr.pc=0x0000019387b2c968 relative=0x0000000000000068
Event: 5936.654 Thread 0x000001939b086dd0 Uncommon trap: reason=unstable_if action=reinterpret pc=0x0000019387b2c968 method=sun.java2d.StateTrackableDelegate$1.isCurrent()Z @ 8 c2
Event: 5936.654 Thread 0x000001939b086dd0 DEOPT PACKING pc=0x0000019387b2c968 sp=0x00000059ed7ff540
Event: 5936.654 Thread 0x000001939b086dd0 DEOPT UNPACKING pc=0x00000193875869a3 sp=0x00000059ed7ff4d0 mode 2

Classes unloaded (0 events):
No events

Classes redefined (0 events):
No events

Internal exceptions (15 events):
Event: 0.569 Thread 0x00000193fb00e000 Exception <a 'java/lang/ClassNotFoundException'{0x000000008fe409e0}: sun/awt/resources/spi/awtProvider> (0x000000008fe409e0) 
thrown [s\src\hotspot\share\classfile\systemDictionary.cpp, line 256]
Event: 0.640 Thread 0x00000193fb00e000 Exception <a 'java/io/FileNotFoundException'{0x000000008fe9a9e8}> (0x000000008fe9a9e8) 
thrown [s\src\hotspot\share\prims\jni.cpp, line 516]
Event: 0.656 Thread 0x00000193fb00e000 Exception <a 'java/io/FileNotFoundException'{0x000000008fec7960}> (0x000000008fec7960) 
thrown [s\src\hotspot\share\prims\jni.cpp, line 516]
Event: 0.722 Thread 0x00000193fb00e000 Exception <a 'java/lang/NoSuchMethodError'{0x000000008fefdf58}: 'java.lang.Object java.lang.invoke.DirectMethodHandle$Holder.invokeStaticInit(java.lang.Object)'> (0x000000008fefdf58) 
thrown [s\src\hotspot\share\interpreter\linkResolver.cpp, line 759]
Event: 0.904 Thread 0x000001939b0d9010 Exception <a 'java/lang/NoSuchMethodError'{0x000000008fc12b50}: 'void java.lang.invoke.DirectMethodHandle$Holder.invokeSpecial(java.lang.Object, java.lang.Object, java.lang.Object)'> (0x000000008fc12b50) 
thrown [s\src\hotspot\share\interpreter\linkResolver.cpp, line 759]
Event: 0.924 Thread 0x000001939b0d9010 Exception <a 'java/lang/NoSuchMethodError'{0x000000008fc3cdd8}: 'java.lang.Object java.lang.invoke.DirectMethodHandle$Holder.newInvokeSpecial(java.lang.Object, java.lang.Object, java.lang.Object, java.lang.Object, java.lang.Object)'> (0x000000008fc3cdd8) 
thrown [s\src\hotspot\share\interpreter\linkResolver.cpp, line 759]
Event: 0.928 Thread 0x000001939b0d9010 Exception <a 'java/lang/NoSuchMethodError'{0x000000008fc489f0}: 'java.lang.Object java.lang.invoke.DirectMethodHandle$Holder.invokeStatic(java.lang.Object, int, java.lang.Object, java.lang.Object, java.lang.Object, java.lang.Object)'> (0x000000008fc489f0) 
thrown [s\src\hotspot\share\interpreter\linkResolver.cpp, line 759]
Event: 0.938 Thread 0x000001939b0d9010 Exception <a 'java/lang/NoSuchMethodError'{0x000000008fc6e1b0}: 'java.lang.Object java.lang.invoke.DirectMethodHandle$Holder.invokeStatic(java.lang.Object, int, java.lang.Object)'> (0x000000008fc6e1b0) 
thrown [s\src\hotspot\share\interpreter\linkResolver.cpp, line 759]
Event: 0.987 Thread 0x000001939b0d9010 Exception <a 'java/lang/ClassNotFoundException'{0x000000008fb26428}: com/sun/swing/internal/plaf/metal/resources/spi/metalProvider> (0x000000008fb26428) 
thrown [s\src\hotspot\share\classfile\systemDictionary.cpp, line 256]
Event: 0.990 Thread 0x000001939b0d9010 Exception <a 'java/lang/ClassNotFoundException'{0x000000008fb2a300}: com/sun/swing/internal/plaf/basic/resources/spi/basicProvider> (0x000000008fb2a300) 
thrown [s\src\hotspot\share\classfile\systemDictionary.cpp, line 256]
Event: 1.023 Thread 0x000001939b40d010 Exception <a 'java/lang/NoSuchMethodError'{0x000000008fb964b0}: 'java.lang.Object java.lang.invoke.DirectMethodHandle$Holder.newInvokeSpecial(java.lang.Object, java.lang.Object, java.lang.Object, int, int, int, int, int)'> (0x000000008fb964b0) 
thrown [s\src\hotspot\share\interpreter\linkResolver.cpp, line 759]
Event: 1.106 Thread 0x000001939b0d9010 Exception <a 'java/lang/NoSuchMethodError'{0x000000008fb72f10}: 'void java.lang.invoke.DirectMethodHandle$Holder.invokeStaticInit(java.lang.Object)'> (0x000000008fb72f10) 
thrown [s\src\hotspot\share\interpreter\linkResolver.cpp, line 759]
Event: 1.208 Thread 0x000001939b0db5d0 Exception <a 'java/lang/NoSuchMethodError'{0x000000008fd52cb8}: 'void java.lang.invoke.DirectMethodHandle$Holder.invokeVirtual(java.lang.Object, java.lang.Object)'> (0x000000008fd52cb8) 
thrown [s\src\hotspot\share\interpreter\linkResolver.cpp, line 759]
Event: 3.983 Thread 0x000001939b0d9010 Exception <a 'java/lang/NoSuchMethodError'{0x000000008fe9f718}: 'void java.lang.invoke.DirectMethodHandle$Holder.invokeStatic(java.lang.Object, java.lang.Object, java.lang.Object)'> (0x000000008fe9f718) 
thrown [s\src\hotspot\share\interpreter\linkResolver.cpp, line 759]
Event: 3.985 Thread 0x000001939b0d9010 Exception <a 'java/lang/NoSuchMethodError'{0x000000008fea5ed8}: 'void java.lang.invoke.DirectMethodHandle$Holder.invokeStatic(java.lang.Object, java.lang.Object)'> (0x000000008fea5ed8) 
thrown [s\src\hotspot\share\interpreter\linkResolver.cpp, line 759]

VM Operations (20 events):
Event: 2.642 Executing VM operation: G1CollectForAllocation
Event: 2.648 Executing VM operation: G1CollectForAllocation done
Event: 3.659 Executing VM operation: Cleanup
Event: 3.659 Executing VM operation: Cleanup done
Event: 4.003 Executing VM operation: HandshakeAllThreads
Event: 4.003 Executing VM operation: HandshakeAllThreads done
Event: 4.010 Executing VM operation: HandshakeAllThreads
Event: 4.010 Executing VM operation: HandshakeAllThreads done
Event: 4.020 Executing VM operation: HandshakeAllThreads
Event: 4.020 Executing VM operation: HandshakeAllThreads done
Event: 5.030 Executing VM operation: Cleanup
Event: 5.030 Executing VM operation: Cleanup done
Event: 7.052 Executing VM operation: Cleanup
Event: 7.052 Executing VM operation: Cleanup done
Event: 60.077 Executing VM operation: HandshakeAllThreads
Event: 60.077 Executing VM operation: HandshakeAllThreads done
Event: 579.659 Executing VM operation: Cleanup
Event: 579.659 Executing VM operation: Cleanup done
Event: 5938.490 Executing VM operation: Cleanup
Event: 5938.490 Executing VM operation: Cleanup done

Events (20 events):
Event: 4.204 loading class javax/swing/text/SegmentCache done
Event: 4.204 loading class javax/swing/text/SegmentCache$CachedSegment
Event: 4.204 loading class javax/swing/text/SegmentCache$CachedSegment done
Event: 4.204 loading class javax/swing/text/Utilities
Event: 4.205 loading class javax/swing/text/Utilities done
Event: 4.208 loading class javax/swing/event/ChangeEvent
Event: 4.209 loading class javax/swing/event/ChangeEvent done
Event: 4.212 loading class sun/font/CMap$CMapFormat12
Event: 4.212 loading class sun/font/CMap$CMapFormat12 done
Event: 4.232 loading class javax/swing/text/JTextComponent$InputMethodRequestsHandler
Event: 4.232 loading class javax/swing/text/JTextComponent$InputMethodRequestsHandler done
Event: 4.233 loading class java/awt/event/ContainerEvent
Event: 4.234 loading class java/awt/event/ContainerEvent done
Event: 8.977 Thread 0x000001939b40d010 Thread exited: 0x000001939b40d010
Event: 5937.648 loading class java/util/Collections$SynchronizedSet
Event: 5937.655 loading class java/util/Collections$SynchronizedSet done
Event: 5937.655 loading class java/util/WeakHashMap$KeyIterator
Event: 5937.657 loading class java/util/WeakHashMap$HashIterator
Event: 5937.659 loading class java/util/WeakHashMap$HashIterator done
Event: 5937.659 loading class java/util/WeakHashMap$KeyIterator done


Dynamic libraries:
0x00007ff6ac890000 - 0x00007ff6ac89e000 	C:\Users\ariza\.p2\pool\plugins\org.eclipse.justj.openjdk.hotspot.jre.full.win32.x86_64_17.0.9.v20231028-0858\jre\bin\javaw.exe
0x00007ffd5cb90000 - 0x00007ffd5cd88000 	C:\Windows\SYSTEM32\ntdll.dll
0x00007ffd5abf0000 - 0x00007ffd5acad000 	C:\Windows\System32\KERNEL32.DLL
0x00007ffd5a4f0000 - 0x00007ffd5a7e6000 	C:\Windows\System32\KERNELBASE.dll
0x00007ffd5a940000 - 0x00007ffd5aa40000 	C:\Windows\System32\ucrtbase.dll
0x00007ffd44260000 - 0x00007ffd44277000 	C:\Users\ariza\.p2\pool\plugins\org.eclipse.justj.openjdk.hotspot.jre.full.win32.x86_64_17.0.9.v20231028-0858\jre\bin\jli.dll
0x00007ffd5b160000 - 0x00007ffd5b2fe000 	C:\Windows\System32\USER32.dll
0x00007ffd5a910000 - 0x00007ffd5a932000 	C:\Windows\System32\win32u.dll
0x00007ffd5c100000 - 0x00007ffd5c12c000 	C:\Windows\System32\GDI32.dll
0x00007ffd5a270000 - 0x00007ffd5a38a000 	C:\Windows\System32\gdi32full.dll
0x00007ffd5a870000 - 0x00007ffd5a90d000 	C:\Windows\System32\msvcp_win.dll
0x00007ffd441c0000 - 0x00007ffd441db000 	C:\Users\ariza\.p2\pool\plugins\org.eclipse.justj.openjdk.hotspot.jre.full.win32.x86_64_17.0.9.v20231028-0858\jre\bin\VCRUNTIME140.dll
0x00007ffd49c80000 - 0x00007ffd49f1a000 	C:\Windows\WinSxS\amd64_microsoft.windows.common-controls_6595b64144ccf1df_6.0.19041.3636_none_60b6a03d71f818d5\COMCTL32.dll
0x00007ffd5b7d0000 - 0x00007ffd5b86e000 	C:\Windows\System32\msvcrt.dll
0x00007ffd5c030000 - 0x00007ffd5c060000 	C:\Windows\System32\IMM32.DLL
0x00007ffd51040000 - 0x00007ffd5104c000 	C:\Users\ariza\.p2\pool\plugins\org.eclipse.justj.openjdk.hotspot.jre.full.win32.x86_64_17.0.9.v20231028-0858\jre\bin\vcruntime140_1.dll
0x00007ffd0bda0000 - 0x00007ffd0be2d000 	C:\Users\ariza\.p2\pool\plugins\org.eclipse.justj.openjdk.hotspot.jre.full.win32.x86_64_17.0.9.v20231028-0858\jre\bin\msvcp140.dll
0x00007ffd21250000 - 0x00007ffd21eb1000 	C:\Users\ariza\.p2\pool\plugins\org.eclipse.justj.openjdk.hotspot.jre.full.win32.x86_64_17.0.9.v20231028-0858\jre\bin\server\jvm.dll
0x00007ffd5acb0000 - 0x00007ffd5ad5f000 	C:\Windows\System32\ADVAPI32.dll
0x00007ffd5c1f0000 - 0x00007ffd5c28c000 	C:\Windows\System32\sechost.dll
0x00007ffd5ae80000 - 0x00007ffd5afa6000 	C:\Windows\System32\RPCRT4.dll
0x00007ffd5a020000 - 0x00007ffd5a06b000 	C:\Windows\SYSTEM32\POWRPROF.dll
0x00007ffd34780000 - 0x00007ffd34789000 	C:\Windows\SYSTEM32\WSOCK32.dll
0x00007ffd5bfc0000 - 0x00007ffd5c02b000 	C:\Windows\System32\WS2_32.dll
0x00007ffd51f60000 - 0x00007ffd51f87000 	C:\Windows\SYSTEM32\WINMM.dll
0x00007ffd51f50000 - 0x00007ffd51f5a000 	C:\Windows\SYSTEM32\VERSION.dll
0x00007ffd5a000000 - 0x00007ffd5a012000 	C:\Windows\SYSTEM32\UMPDC.dll
0x00007ffd58130000 - 0x00007ffd58142000 	C:\Windows\SYSTEM32\kernel.appcore.dll
0x00007ffd243c0000 - 0x00007ffd243ca000 	C:\Users\ariza\.p2\pool\plugins\org.eclipse.justj.openjdk.hotspot.jre.full.win32.x86_64_17.0.9.v20231028-0858\jre\bin\jimage.dll
0x00007ffd45970000 - 0x00007ffd45b54000 	C:\Windows\SYSTEM32\DBGHELP.DLL
0x00007ffd45930000 - 0x00007ffd45964000 	C:\Windows\SYSTEM32\dbgcore.DLL
0x00007ffd5ab60000 - 0x00007ffd5abe2000 	C:\Windows\System32\bcryptPrimitives.dll
0x00007ffd22510000 - 0x00007ffd22535000 	C:\Users\ariza\.p2\pool\plugins\org.eclipse.justj.openjdk.hotspot.jre.full.win32.x86_64_17.0.9.v20231028-0858\jre\bin\java.dll
0x00007ffd224f0000 - 0x00007ffd22508000 	C:\Users\ariza\.p2\pool\plugins\org.eclipse.justj.openjdk.hotspot.jre.full.win32.x86_64_17.0.9.v20231028-0858\jre\bin\zip.dll
0x00007ffd5b870000 - 0x00007ffd5bfb5000 	C:\Windows\System32\SHELL32.dll
0x00007ffd58330000 - 0x00007ffd58acb000 	C:\Windows\SYSTEM32\windows.storage.dll
0x00007ffd5c480000 - 0x00007ffd5c7d4000 	C:\Windows\System32\combase.dll
0x00007ffd59c40000 - 0x00007ffd59c6d000 	C:\Windows\SYSTEM32\Wldp.dll
0x00007ffd5c290000 - 0x00007ffd5c33d000 	C:\Windows\System32\SHCORE.dll
0x00007ffd5c130000 - 0x00007ffd5c185000 	C:\Windows\System32\shlwapi.dll
0x00007ffd5a1a0000 - 0x00007ffd5a1c5000 	C:\Windows\SYSTEM32\profapi.dll
0x00007ffd57760000 - 0x00007ffd57770000 	C:\Users\ariza\.p2\pool\plugins\org.eclipse.justj.openjdk.hotspot.jre.full.win32.x86_64_17.0.9.v20231028-0858\jre\bin\verify.dll
0x00007ffd220a0000 - 0x00007ffd220b9000 	C:\Users\ariza\.p2\pool\plugins\org.eclipse.justj.openjdk.hotspot.jre.full.win32.x86_64_17.0.9.v20231028-0858\jre\bin\net.dll
0x00007ffd51c30000 - 0x00007ffd51d3a000 	C:\Windows\SYSTEM32\WINHTTP.dll
0x00007ffd59940000 - 0x00007ffd599aa000 	C:\Windows\system32\mswsock.dll
0x00007ffd22080000 - 0x00007ffd22096000 	C:\Users\ariza\.p2\pool\plugins\org.eclipse.justj.openjdk.hotspot.jre.full.win32.x86_64_17.0.9.v20231028-0858\jre\bin\nio.dll
0x00007ffd0bc10000 - 0x00007ffd0bda0000 	C:\Users\ariza\.p2\pool\plugins\org.eclipse.justj.openjdk.hotspot.jre.full.win32.x86_64_17.0.9.v20231028-0858\jre\bin\awt.dll
0x00007ffd5b090000 - 0x00007ffd5b15d000 	C:\Windows\System32\OLEAUT32.dll
0x00007ffd57a90000 - 0x00007ffd57b20000 	C:\Windows\SYSTEM32\apphelp.dll
0x00007ffd57c60000 - 0x00007ffd57cfe000 	C:\Windows\system32\uxtheme.dll
0x00007ffd5ad60000 - 0x00007ffd5ae74000 	C:\Windows\System32\MSCTF.dll
0x00007ffd5c350000 - 0x00007ffd5c47b000 	C:\Windows\System32\ole32.dll
0x00007ffd57e40000 - 0x00007ffd57e6f000 	C:\Windows\system32\DWMAPI.DLL
0x00007ffd08970000 - 0x00007ffd08a95000 	C:\Windows\system32\opengl32.dll
0x00007ffd44080000 - 0x00007ffd440ac000 	C:\Windows\SYSTEM32\GLU32.dll
0x00007ffd52180000 - 0x00007ffd521bb000 	C:\Windows\SYSTEM32\dxcore.dll
0x00007ffd5a7f0000 - 0x00007ffd5a83e000 	C:\Windows\System32\cfgmgr32.dll
0x00007ffd0bb80000 - 0x00007ffd0bc08000 	C:\Users\ariza\.p2\pool\plugins\org.eclipse.justj.openjdk.hotspot.jre.full.win32.x86_64_17.0.9.v20231028-0858\jre\bin\freetype.dll
0x00007ffd07a20000 - 0x00007ffd07af3000 	C:\Users\ariza\.p2\pool\plugins\org.eclipse.justj.openjdk.hotspot.jre.full.win32.x86_64_17.0.9.v20231028-0858\jre\bin\fontmanager.dll
0x00007ffd4dd50000 - 0x00007ffd4de49000 	C:\Windows\SYSTEM32\textinputframework.dll
0x00007ffd57400000 - 0x00007ffd5775b000 	C:\Windows\System32\CoreUIComponents.dll
0x00007ffd57840000 - 0x00007ffd57932000 	C:\Windows\System32\CoreMessaging.dll
0x00007ffd560a0000 - 0x00007ffd561f5000 	C:\Windows\SYSTEM32\wintypes.dll
0x00007ffd593b0000 - 0x00007ffd593e3000 	C:\Windows\SYSTEM32\ntmarta.dll
0x00007ffd5ca20000 - 0x00007ffd5cac9000 	C:\Windows\System32\clbcatq.dll
0x00007ffd54ef0000 - 0x00007ffd550a4000 	C:\Windows\SYSTEM32\WindowsCodecs.dll
0x00007ffd5a840000 - 0x00007ffd5a867000 	C:\Windows\System32\bcrypt.dll
0x00007ffd3f560000 - 0x00007ffd3f59e000 	C:\Windows\system32\dataexchange.dll
0x00007ffd56e90000 - 0x00007ffd57073000 	C:\Windows\system32\dcomp.dll
0x00007ffd567c0000 - 0x00007ffd56a23000 	C:\Windows\system32\d3d11.dll
0x00007ffd58b30000 - 0x00007ffd58c23000 	C:\Windows\system32\dxgi.dll
0x00007ffd55330000 - 0x00007ffd55533000 	C:\Windows\system32\twinapi.appcore.dll
0x00007ffd087a0000 - 0x00007ffd0896d000 	C:\Windows\system32\d3d9.dll
0x00007ffd51f90000 - 0x00007ffd5216b000 	C:\Windows\System32\DriverStore\FileRepository\u0360470.inf_amd64_35c64671e7fac064\B360357\aticfx64.dll
0x00007ffd0ed40000 - 0x00007ffd0ed73000 	C:\Windows\System32\DriverStore\FileRepository\u0360470.inf_amd64_35c64671e7fac064\B360357\atiu9p64.dll
0x00007ffd07b00000 - 0x00007ffd08796000 	C:\Windows\System32\DriverStore\FileRepository\u0360470.inf_amd64_35c64671e7fac064\B360357\atiumd64.dll
0x000000006d920000 - 0x000000006e799000 	C:\Windows\System32\DriverStore\FileRepository\u0360470.inf_amd64_35c64671e7fac064\B360357\atiumd6a.dll
0x00007ffd51e40000 - 0x00007ffd51e6f000 	C:\Windows\SYSTEM32\amdihk64.dll
0x00007ffd4af00000 - 0x00007ffd4afac000 	C:\Windows\SYSTEM32\TextShaping.dll

dbghelp: loaded successfully - version: 4.0.5 - missing functions: none
symbol engine: initialized successfully - sym options: 0x614 - pdb path: .;C:\Users\ariza\.p2\pool\plugins\org.eclipse.justj.openjdk.hotspot.jre.full.win32.x86_64_17.0.9.v20231028-0858\jre\bin;C:\Windows\SYSTEM32;C:\Windows\WinSxS\amd64_microsoft.windows.common-controls_6595b64144ccf1df_6.0.19041.3636_none_60b6a03d71f818d5;C:\Users\ariza\.p2\pool\plugins\org.eclipse.justj.openjdk.hotspot.jre.full.win32.x86_64_17.0.9.v20231028-0858\jre\bin\server;C:\Windows\System32\DriverStore\FileRepository\u0360470.inf_amd64_35c64671e7fac064\B360357

VM Arguments:
jvm_args: -Dfile.encoding=windows-1252 -Dstdout.encoding=windows-1252 -Dstderr.encoding=windows-1252 -XX:+ShowCodeDetailsInExceptionMessages 
java_command: LockerManagement.LogoFadeIn
java_class_path (initial): C:\Users\ariza\OneDrive\Documents\GitHub\R1-Locker-Management\LockerManagementProject\LockerManagement\bin;C:\Users\ariza\OneDrive\Documents\GitHub\R1-Locker-Management\LockerManagementProject\LockerManagement\miglayout-src.zip;C:\Users\ariza\OneDrive\Documents\GitHub\R1-Locker-Management\LockerManagementProject\LockerManagement\miglayout15-swing.jar
Launcher Type: SUN_STANDARD

[Global flags]
     intx CICompilerCount                          = 3                                         {product} {ergonomic}
     uint ConcGCThreads                            = 1                                         {product} {ergonomic}
     uint G1ConcRefinementThreads                  = 4                                         {product} {ergonomic}
   size_t G1HeapRegionSize                         = 1048576                                   {product} {ergonomic}
    uintx GCDrainStackTargetSize                   = 64                                        {product} {ergonomic}
   size_t InitialHeapSize                          = 125829120                                 {product} {ergonomic}
   size_t MarkStackSize                            = 4194304                                   {product} {ergonomic}
   size_t MaxHeapSize                              = 2004877312                                {product} {ergonomic}
   size_t MaxNewSize                               = 1202716672                                {product} {ergonomic}
   size_t MinHeapDeltaBytes                        = 1048576                                   {product} {ergonomic}
   size_t MinHeapSize                              = 8388608                                   {product} {ergonomic}
    uintx NonNMethodCodeHeapSize                   = 5832780                                {pd product} {ergonomic}
    uintx NonProfiledCodeHeapSize                  = 122912730                              {pd product} {ergonomic}
    uintx ProfiledCodeHeapSize                     = 122912730                              {pd product} {ergonomic}
    uintx ReservedCodeCacheSize                    = 251658240                              {pd product} {ergonomic}
     bool SegmentedCodeCache                       = true                                      {product} {ergonomic}
     bool ShowCodeDetailsInExceptionMessages       = true                                   {manageable} {command line}
   size_t SoftMaxHeapSize                          = 2004877312                             {manageable} {ergonomic}
     bool UseCompressedClassPointers               = true                           {product lp64_product} {ergonomic}
     bool UseCompressedOops                        = true                           {product lp64_product} {ergonomic}
     bool UseG1GC                                  = true                                      {product} {ergonomic}
     bool UseLargePagesIndividualAllocation        = false                                  {pd product} {ergonomic}

Logging:
Log output configuration:
 #0: stdout all=warning uptime,level,tags
 #1: stderr all=off uptime,level,tags

Environment Variables:
PATH=C:/Users/ariza/.p2/pool/plugins/org.eclipse.justj.openjdk.hotspot.jre.full.win32.x86_64_17.0.9.v20231028-0858/jre/bin/server;C:/Users/ariza/.p2/pool/plugins/org.eclipse.justj.openjdk.hotspot.jre.full.win32.x86_64_17.0.9.v20231028-0858/jre/bin;C:\Windows\system32;C:\Windows;C:\Windows\System32\Wbem;C:\Windows\System32\WindowsPowerShell\v1.0\;C:\Windows\System32\OpenSSH\;C:\Program Files\Microsoft SQL Server\150\Tools\Binn\;C:\Program Files\Microsoft SQL Server\Client SDK\ODBC\170\Tools\Binn\;C:\Program Files\dotnet\;C:\Users\ariza\AppData\Local\Microsoft\WindowsApps;C:\Users\ariza\.dotnet\tools;C:\Users\ariza\AppData\Local\GitHubDesktop\bin;C:\Users\ariza\OneDrive\Desktop;
USERNAME=ariza
OS=Windows_NT
PROCESSOR_IDENTIFIER=AMD64 Family 21 Model 101 Stepping 1, AuthenticAMD
TMP=C:\Users\ariza\AppData\Local\Temp
TEMP=C:\Users\ariza\AppData\Local\Temp



Periodic native trim disabled


---------------  S Y S T E M  ---------------

OS:
 Windows 10 , 64 bit Build 19041 (10.0.19041.3636)
OS uptime: 0 days 1:48 hours

CPU: total 4 (initial active 4) (4 cores per cpu, 1 threads per core) family 21 model 101 stepping 1 microcode 0x0, cx8, cmov, fxsr, mmx, 3dnowpref, sse, sse2, sse3, ssse3, sse4a, sse4.1, sse4.2, popcnt, lzcnt, tsc, tscinvbit, avx, avx2, aes, clmul, bmi1, bmi2, fma, vzeroupper, clflush
Processor Information for all 4 processors :
  Max Mhz: 2500, Current Mhz: 2500, Mhz Limit: 2500

Memory: 4k page, system-wide physical 7647M (1088M free)
TotalPageFile size 22909M (AvailPageFile size 190M)
current process WorkingSet (physical memory assigned to process): 54M, peak: 170M
current process commit charge ("private bytes"): 245M, peak: 249M

vm_info: OpenJDK 64-Bit Server VM (17.0.9+9) for windows-amd64 JRE (17.0.9+9), built on Oct 26 2023 14:01:42 by "admin" with MS VC++ 16.10 / 16.11 (VS2019)

END.
