#
# A fatal error has been detected by the Java Runtime Environment:
#
#  EXCEPTION_ACCESS_VIOLATION (0xc0000005) at pc=0x00007ffd0bceb489, pid=12716, tid=7060
#
# JRE version: OpenJDK Runtime Environment Temurin-17.0.9+9 (17.0.9+9) (build 17.0.9+9)
# Java VM: OpenJDK 64-Bit Server VM Temurin-17.0.9+9 (17.0.9+9, mixed mode, tiered, compressed oops, compressed class ptrs, g1 gc, windows-amd64)
# Problematic frame:
# C  [awt.dll+0xdb489]
#
# No core dump will be written. Minidumps are not enabled by default on client versions of Windows
#
# If you would like to submit a bug report, please visit:
#   https://github.com/adoptium/adoptium-support/issues
# The crash happened outside the Java Virtual Machine in native code.
# See problematic frame for where to report the bug.
#

---------------  S U M M A R Y ------------

Command Line: -Dfile.encoding=windows-1252 -Dstdout.encoding=windows-1252 -Dstderr.encoding=windows-1252 -XX:+ShowCodeDetailsInExceptionMessages LockerManagement.newLogIn

Host: AMD A12-9700P RADEON R7, 10 COMPUTE CORES 4C+6G, 4 cores, 7G,  Windows 10 , 64 bit Build 19041 (10.0.19041.3636)
Time: Mon Dec 25 00:20:51 2023 Pakistan Standard Time elapsed time: 3302.415399 seconds (0d 0h 55m 2s)

---------------  T H R E A D  ---------------

Current thread (0x0000023b226e7fb0):  JavaThread "AWT-Windows" daemon [_thread_in_native, id=7060, stack(0x000000a2fc400000,0x000000a2fc500000)]

Stack: [0x000000a2fc400000,0x000000a2fc500000],  sp=0x000000a2fc4fe160,  free space=1016k
Native frames: (J=compiled Java code, j=interpreted, Vv=VM code, C=native code)
C  [awt.dll+0xdb489]

Java frames: (J=compiled Java code, j=interpreted, Vv=VM code)
j  sun.java2d.d3d.D3DGraphicsDevice.getDeviceCapsNative(I)I+0 java.desktop@17.0.9
j  sun.java2d.d3d.D3DGraphicsDevice$1.run()V+8 java.desktop@17.0.9
v  ~StubRoutines::call_stub
j  sun.awt.windows.WToolkit.eventLoop()V+0 java.desktop@17.0.9
j  sun.awt.windows.WToolkit.run()V+50 java.desktop@17.0.9
j  java.lang.Thread.run()V+11 java.base@17.0.9
v  ~StubRoutines::call_stub

siginfo: EXCEPTION_ACCESS_VIOLATION (0xc0000005), reading address 0x0000000000000028


Registers:
RAX=0x0000000000000000, RBX=0x0000023b22addea0, RCX=0x0000000000000000, RDX=0x0000000000000000
RSP=0x000000a2fc4fe160, RBP=0x000000a2fc4fe268, RSI=0x000000a2fc4fe720, RDI=0x0000000000000000
R8 =0x0000000000000001, R9 =0x00000000000000dd, R10=0x0000023b0f8ed5d2, R11=0x000000008fd184c8
R12=0x0000000000000000, R13=0x0000023b1e72bd90, R14=0x000000a2fc4fe288, R15=0x0000023b226e7fb0
RIP=0x00007ffd0bceb489, EFLAGS=0x0000000000010246


Register to memory mapping:

RIP=0x00007ffd0bceb489 awt.dll
RAX=0x0 is NULL
RBX=0x0000023b22addea0 points into unknown readable memory: 0x0000023b22c3e700 | 00 e7 c3 22 3b 02 00 00
RCX=0x0 is NULL
RDX=0x0 is NULL
RSP=0x000000a2fc4fe160 is pointing into the stack for thread: 0x0000023b226e7fb0
RBP=0x000000a2fc4fe268 is pointing into the stack for thread: 0x0000023b226e7fb0
RSI=0x000000a2fc4fe720 is pointing into the stack for thread: 0x0000023b226e7fb0
RDI=0x0 is NULL
R8 =0x0000000000000001 is an unknown value
R9 =0x00000000000000dd is an unknown value
R10=0x0000023b0f8ed5d2 is at code_begin+946 in an Interpreter codelet
method entry point (kind = native)  [0x0000023b0f8ed220, 0x0000023b0f8edba0]  2432 bytes
R11=0x000000008fd184c8 is an oop: java.lang.Class 
{0x000000008fd184c8} - klass: 'java/lang/Class'
 - ---- fields (total size 15 words):
 - private volatile transient 'classRedefinedCount' 'I' @12  0
 - private volatile transient 'cachedConstructor' 'Ljava/lang/reflect/Constructor;' @40  NULL (0)
 - private transient 'name' 'Ljava/lang/String;' @44  "sun.java2d.d3d.D3DGraphicsDevice"{0x000000008fd2d5c8} (8fd2d5c8)
 - private transient 'module' 'Ljava/lang/Module;' @48  a 'java/lang/Module'{0x000000008ffb52b8} (8ffb52b8)
 - private final 'classLoader' 'Ljava/lang/ClassLoader;' @52  NULL (0)
 - private transient 'classData' 'Ljava/lang/Object;' @56  NULL (0)
 - private transient 'packageName' 'Ljava/lang/String;' @60  "sun.java2d.d3d"{0x000000008ff41710} (8ff41710)
 - private final 'componentType' 'Ljava/lang/Class;' @64  NULL (0)
 - private volatile transient 'reflectionData' 'Ljava/lang/ref/SoftReference;' @68  NULL (0)
 - private volatile transient 'genericInfo' 'Lsun/reflect/generics/repository/ClassRepository;' @72  NULL (0)
 - private volatile transient 'enumConstants' '[Ljava/lang/Object;' @76  NULL (0)
 - private volatile transient 'enumConstantDirectory' 'Ljava/util/Map;' @80  NULL (0)
 - private volatile transient 'annotationData' 'Ljava/lang/Class$AnnotationData;' @84  NULL (0)
 - private volatile transient 'annotationType' 'Lsun/reflect/annotation/AnnotationType;' @88  NULL (0)
 - transient 'classValueMap' 'Ljava/lang/ClassValue$ClassValueMap;' @92  NULL (0)
 - signature: Lsun/java2d/d3d/D3DGraphicsDevice;
 - fake entry for mirror: 'sun/java2d/d3d/D3DGraphicsDevice'
 - fake entry for array: NULL
 - fake entry for oop_size: 15
 - fake entry for static_oop_field_count: 0
 - private static 'd3dAvailable' 'Z' @112  true
R12=0x0 is NULL
R13={method} {0x0000023b1e72bd98} 'getDeviceCapsNative' '(I)I' in 'sun/java2d/d3d/D3DGraphicsDevice'
R14=0x000000a2fc4fe288 is pointing into the stack for thread: 0x0000023b226e7fb0
R15=0x0000023b226e7fb0 is a thread


Top of Stack: (sp=0x000000a2fc4fe160)
0x000000a2fc4fe160:   00007ffd0bd4c848 0000023b226fb370
0x000000a2fc4fe170:   0000000000000000 fffffff400000000
0x000000a2fc4fe180:   0000000000000000 00007ffd0bc2f930
0x000000a2fc4fe190:   0000023b226fb370 0000023b22addea0
0x000000a2fc4fe1a0:   000000a2fc4fe700 0000000000000000
0x000000a2fc4fe1b0:   0000023b226fb370 00007ffd0bc2cd28
0x000000a2fc4fe1c0:   0000000000000000 0000000000000000
0x000000a2fc4fe1d0:   00007ffd0bd10638 00000000000000dd
0x000000a2fc4fe1e0:   0000023b226e7fb0 0000023b0f8ed601
0x000000a2fc4fe1f0:   0000023b1e72bd90 00007ffd5b16fd0f
0x000000a2fc4fe200:   0000000000000000 0000000000000000
0x000000a2fc4fe210:   0000023b031832a0 00000000ffffffec
0x000000a2fc4fe220:   000000a2fc4fe220 0000000000000000
0x000000a2fc4fe230:   000000a2fc4fe288 0000023b1e732790
0x000000a2fc4fe240:   0000000000000000 000000008fd184c8
0x000000a2fc4fe250:   0000023b1e72bd90 0000000000000000
0x000000a2fc4fe260:   000000a2fc4fe288 000000a2fc4fe2e0
0x000000a2fc4fe270:   0000023b0f8e9600 000000008fd184c8
0x000000a2fc4fe280:   0000023b0f8eaf56 0000000000000000
0x000000a2fc4fe290:   000000008f8e8f08 000000a2fc4fe298
0x000000a2fc4fe2a0:   0000023b1e71faf8 000000a2fc4fe2f0
0x000000a2fc4fe2b0:   0000023b1e71fba0 0000000000000000
0x000000a2fc4fe2c0:   000000008fd2bd38 0000023b1e71fb28
0x000000a2fc4fe2d0:   000000a2fc4fe288 000000a2fc4fe2f0
0x000000a2fc4fe2e0:   000000a2fc4fe4d0 0000023b0f8e1010
0x000000a2fc4fe2f0:   000000008f8e8f20 00007ffd5cbbb86b
0x000000a2fc4fe300:   00000000000f0009 00000000000000e5
0x000000a2fc4fe310:   0000023b25239830 00000000000002f7
0x000000a2fc4fe320:   00000000000e000a 0000000000000060
0x000000a2fc4fe330:   0000023b00000000 0000023b04c10d80
0x000000a2fc4fe340:   00000000001a000b 0000023b04c10000
0x000000a2fc4fe350:   0000023b04c102b0 00000000f50002f7 

Instructions: (pc=0x00007ffd0bceb489)
0x00007ffd0bceb389:   cc cc cc cc cc cc cc 48 89 5c 24 08 48 89 6c 24
0x00007ffd0bceb399:   10 48 89 74 24 18 57 48 83 ec 20 41 8b f8 0f b6
0x00007ffd0bceb3a9:   f2 48 8b e9 e8 ce d1 f4 ff 48 8b d8 48 89 44 24
0x00007ffd0bceb3b9:   48 41 b8 01 00 00 00 8b d7 48 8b c8 e8 36 d1 f4
0x00007ffd0bceb3c9:   ff 48 8b c8 44 0f b6 c6 48 8b d5 e8 97 fa ff ff
0x00007ffd0bceb3d9:   48 8b f8 48 8b cb e8 9c d2 f4 ff 90 48 8b c7 48
0x00007ffd0bceb3e9:   8b 5c 24 30 48 8b 6c 24 38 48 8b 74 24 40 48 83
0x00007ffd0bceb3f9:   c4 20 5f c3 cc cc cc 48 8b 49 28 e9 47 07 00 00
0x00007ffd0bceb409:   cc cc cc cc cc cc cc 48 89 5c 24 08 57 48 83 ec
0x00007ffd0bceb419:   20 8b f9 e8 5f d1 f4 ff 48 8b d8 48 89 44 24 38
0x00007ffd0bceb429:   41 b8 01 00 00 00 8b d7 48 8b c8 e8 c7 d0 f4 ff
0x00007ffd0bceb439:   48 8b 08 8b 39 48 8b cb e8 3a d2 f4 ff 90 8b c7
0x00007ffd0bceb449:   48 8b 5c 24 30 48 83 c4 20 5f c3 cc cc cc cc cc
0x00007ffd0bceb459:   cc cc cc cc cc cc cc 48 89 5c 24 08 57 48 83 ec
0x00007ffd0bceb469:   20 8b f9 e8 0f d1 f4 ff 48 8b d8 48 89 44 24 38
0x00007ffd0bceb479:   41 b8 01 00 00 00 8b d7 48 8b c8 e8 77 d0 f4 ff
0x00007ffd0bceb489:   48 8b 78 28 48 8b cb e8 eb d1 f4 ff 90 48 8b c7
0x00007ffd0bceb499:   48 8b 5c 24 30 48 83 c4 20 5f c3 cc cc cc cc cc
0x00007ffd0bceb4a9:   cc cc cc cc cc cc cc 48 89 5c 24 08 57 48 83 ec
0x00007ffd0bceb4b9:   20 8b f9 e8 bf d0 f4 ff 48 8b d8 48 89 44 24 38
0x00007ffd0bceb4c9:   41 b8 01 00 00 00 8b d7 48 8b c8 e8 27 d0 f4 ff
0x00007ffd0bceb4d9:   48 8b 78 30 48 8b cb e8 9b d1 f4 ff 90 48 8b c7
0x00007ffd0bceb4e9:   48 8b 5c 24 30 48 83 c4 20 5f c3 cc cc cc cc cc
0x00007ffd0bceb4f9:   cc cc cc cc cc cc cc 48 89 5c 24 08 57 48 83 ec
0x00007ffd0bceb509:   20 8b f9 e8 6f d0 f4 ff 48 8b d8 48 89 44 24 38
0x00007ffd0bceb519:   41 b8 01 00 00 00 8b d7 48 8b c8 e8 d7 cf f4 ff
0x00007ffd0bceb529:   48 8b 78 08 48 85 ff 74 07 48 8b bf 08 0c 00 00
0x00007ffd0bceb539:   48 8b cb e8 3f d1 f4 ff 90 48 8b c7 48 8b 5c 24
0x00007ffd0bceb549:   30 48 83 c4 20 5f c3 f3 0f 10 41 48 c3 cc cc cc
0x00007ffd0bceb559:   cc cc cc cc cc cc cc f3 0f 10 41 4c c3 cc cc cc
0x00007ffd0bceb569:   cc cc cc cc cc cc cc 48 89 5c 24 10 48 89 6c 24
0x00007ffd0bceb579:   18 48 89 74 24 20 57 48 81 ec 20 01 00 00 48 8b 


Stack slot to memory mapping:
stack at sp + 0 slots: 0x00007ffd0bd4c848 awt.dll
stack at sp + 1 slots: 0x0000023b226fb370 points into unknown readable memory: 0x0000000000000001 | 01 00 00 00 00 00 00 00
stack at sp + 2 slots: 0x0 is NULL
stack at sp + 3 slots: 0xfffffff400000000 is an unknown value
stack at sp + 4 slots: 0x0 is NULL
stack at sp + 5 slots: 0x00007ffd0bc2f930 awt.dll
stack at sp + 6 slots: 0x0000023b226fb370 points into unknown readable memory: 0x0000000000000001 | 01 00 00 00 00 00 00 00
stack at sp + 7 slots: 0x0000023b22addea0 points into unknown readable memory: 0x0000023b22c3e700 | 00 e7 c3 22 3b 02 00 00


---------------  P R O C E S S  ---------------

Threads class SMR info:
_java_thread_list=0x0000023b22b24240, length=18, elements={
0x0000023b1dfb27e0, 0x0000023b1dfb3e80, 0x0000023b1dfd11f0, 0x0000023b22121830,
0x0000023b22122100, 0x0000023b22114810, 0x0000023b22115020, 0x0000023b2211bd30,
0x0000023b1dfde0d0, 0x0000023b22287420, 0x0000023b2228ef90, 0x0000023b226ad060,
0x0000023b226e7ad0, 0x0000023b226e7fb0, 0x0000023b22a35450, 0x0000023b22a62e00,
0x0000023b22a614b0, 0x0000023b22a63820
}

Java Threads: ( => current thread )
  0x0000023b1dfb27e0 JavaThread "Reference Handler" daemon [_thread_blocked, id=13764, stack(0x000000a2fb500000,0x000000a2fb600000)]
  0x0000023b1dfb3e80 JavaThread "Finalizer" daemon [_thread_blocked, id=13804, stack(0x000000a2fb600000,0x000000a2fb700000)]
  0x0000023b1dfd11f0 JavaThread "Signal Dispatcher" daemon [_thread_blocked, id=9880, stack(0x000000a2fb800000,0x000000a2fb900000)]
  0x0000023b22121830 JavaThread "Attach Listener" daemon [_thread_blocked, id=600, stack(0x000000a2fb900000,0x000000a2fba00000)]
  0x0000023b22122100 JavaThread "Service Thread" daemon [_thread_blocked, id=3384, stack(0x000000a2fba00000,0x000000a2fbb00000)]
  0x0000023b22114810 JavaThread "Monitor Deflation Thread" daemon [_thread_blocked, id=4992, stack(0x000000a2fbb00000,0x000000a2fbc00000)]
  0x0000023b22115020 JavaThread "C2 CompilerThread0" daemon [_thread_blocked, id=460, stack(0x000000a2fbc00000,0x000000a2fbd00000)]
  0x0000023b2211bd30 JavaThread "C1 CompilerThread0" daemon [_thread_blocked, id=4132, stack(0x000000a2fbd00000,0x000000a2fbe00000)]
  0x0000023b1dfde0d0 JavaThread "Sweeper thread" daemon [_thread_blocked, id=13672, stack(0x000000a2fbe00000,0x000000a2fbf00000)]
  0x0000023b22287420 JavaThread "Notification Thread" daemon [_thread_blocked, id=12128, stack(0x000000a2fbf00000,0x000000a2fc000000)]
  0x0000023b2228ef90 JavaThread "Common-Cleaner" daemon [_thread_blocked, id=11688, stack(0x000000a2fc100000,0x000000a2fc200000)]
  0x0000023b226ad060 JavaThread "Java2D Disposer" daemon [_thread_blocked, id=13880, stack(0x000000a2fc200000,0x000000a2fc300000)]
  0x0000023b226e7ad0 JavaThread "AWT-Shutdown" [_thread_blocked, id=13728, stack(0x000000a2fc300000,0x000000a2fc400000)]
=>0x0000023b226e7fb0 JavaThread "AWT-Windows" daemon [_thread_in_native, id=7060, stack(0x000000a2fc400000,0x000000a2fc500000)]
  0x0000023b22a35450 JavaThread "AWT-EventQueue-0" [_thread_in_native, id=12764, stack(0x000000a2fce00000,0x000000a2fcf00000)]
  0x0000023b22a62e00 JavaThread "DestroyJavaVM" [_thread_blocked, id=7264, stack(0x000000a2fae00000,0x000000a2faf00000)]
  0x0000023b22a614b0 JavaThread "D3D Screen Updater" daemon [_thread_blocked, id=4612, stack(0x000000a2fd000000,0x000000a2fd100000)]
  0x0000023b22a63820 JavaThread "TimerQueue" daemon [_thread_blocked, id=4184, stack(0x000000a2fd100000,0x000000a2fd200000)]

Other Threads:
  0x0000023b1df32a30 VMThread "VM Thread" [stack: 0x000000a2fb400000,0x000000a2fb500000] [id=8256]
  0x0000023b2222ca50 WatcherThread [stack: 0x000000a2fc000000,0x000000a2fc100000] [id=8272]
  0x0000023b04d2c930 GCTaskThread "GC Thread#0" [stack: 0x000000a2faf00000,0x000000a2fb000000] [id=13076]
  0x0000023b04d3c780 ConcurrentGCThread "G1 Main Marker" [stack: 0x000000a2fb000000,0x000000a2fb100000] [id=13344]
  0x0000023b04d3f0b0 ConcurrentGCThread "G1 Conc#0" [stack: 0x000000a2fb100000,0x000000a2fb200000] [id=2100]
  0x0000023b1ddf0090 ConcurrentGCThread "G1 Refine#0" [stack: 0x000000a2fb200000,0x000000a2fb300000] [id=12756]
  0x0000023b1ddf09c0 ConcurrentGCThread "G1 Service" [stack: 0x000000a2fb300000,0x000000a2fb400000] [id=13096]

Threads with active compile tasks:

VM state: not at safepoint (normal execution)

VM Mutex/Monitor currently owned by a thread: None

Heap address: 0x0000000088800000, size: 1912 MB, Compressed Oops mode: 32-bit

CDS archive(s) not mapped
Compressed class space mapped at: 0x0000000100000000-0x0000000140000000, reserved size: 1073741824
Narrow klass base: 0x0000000000000000, Narrow klass shift: 3, Narrow klass range: 0x140000000

GC Precious Log:
 CPUs: 4 total, 4 available
 Memory: 7647M
 Large Page Support: Disabled
 NUMA Support: Disabled
 Compressed Oops: Enabled (32-bit)
 Heap Region Size: 1M
 Heap Min Capacity: 8M
 Heap Initial Capacity: 120M
 Heap Max Capacity: 1912M
 Pre-touch: Disabled
 Parallel Workers: 4
 Concurrent Workers: 1
 Concurrent Refinement Workers: 4
 Periodic GC: Disabled

Heap:
 garbage-first heap   total 122880K, used 10240K [0x0000000088800000, 0x0000000100000000)
  region size 1024K, 9 young (9216K), 0 survivors (0K)
 Metaspace       used 14919K, committed 15168K, reserved 1114112K
  class space    used 1535K, committed 1664K, reserved 1048576K

Heap Regions: E=young(eden), S=young(survivor), O=old, HS=humongous(starts), HC=humongous(continues), CS=collection set, F=free, OA=open archive, CA=closed archive, TAMS=top-at-mark-start (previous, next)
|   0|0x0000000088800000, 0x0000000088900000, 0x0000000088900000|100%|HS|  |TAMS 0x0000000088800000, 0x0000000088800000| Complete 
|   1|0x0000000088900000, 0x0000000088a00000, 0x0000000088a00000|100%|HC|  |TAMS 0x0000000088900000, 0x0000000088900000| Complete 
|   2|0x0000000088a00000, 0x0000000088a00000, 0x0000000088b00000|  0%| F|  |TAMS 0x0000000088a00000, 0x0000000088a00000| Untracked 
|   3|0x0000000088b00000, 0x0000000088b00000, 0x0000000088c00000|  0%| F|  |TAMS 0x0000000088b00000, 0x0000000088b00000| Untracked 
|   4|0x0000000088c00000, 0x0000000088c00000, 0x0000000088d00000|  0%| F|  |TAMS 0x0000000088c00000, 0x0000000088c00000| Untracked 
|   5|0x0000000088d00000, 0x0000000088d00000, 0x0000000088e00000|  0%| F|  |TAMS 0x0000000088d00000, 0x0000000088d00000| Untracked 
|   6|0x0000000088e00000, 0x0000000088e00000, 0x0000000088f00000|  0%| F|  |TAMS 0x0000000088e00000, 0x0000000088e00000| Untracked 
|   7|0x0000000088f00000, 0x0000000088f00000, 0x0000000089000000|  0%| F|  |TAMS 0x0000000088f00000, 0x0000000088f00000| Untracked 
|   8|0x0000000089000000, 0x0000000089000000, 0x0000000089100000|  0%| F|  |TAMS 0x0000000089000000, 0x0000000089000000| Untracked 
|   9|0x0000000089100000, 0x0000000089100000, 0x0000000089200000|  0%| F|  |TAMS 0x0000000089100000, 0x0000000089100000| Untracked 
|  10|0x0000000089200000, 0x0000000089200000, 0x0000000089300000|  0%| F|  |TAMS 0x0000000089200000, 0x0000000089200000| Untracked 
|  11|0x0000000089300000, 0x0000000089300000, 0x0000000089400000|  0%| F|  |TAMS 0x0000000089300000, 0x0000000089300000| Untracked 
|  12|0x0000000089400000, 0x0000000089400000, 0x0000000089500000|  0%| F|  |TAMS 0x0000000089400000, 0x0000000089400000| Untracked 
|  13|0x0000000089500000, 0x0000000089500000, 0x0000000089600000|  0%| F|  |TAMS 0x0000000089500000, 0x0000000089500000| Untracked 
|  14|0x0000000089600000, 0x0000000089600000, 0x0000000089700000|  0%| F|  |TAMS 0x0000000089600000, 0x0000000089600000| Untracked 
|  15|0x0000000089700000, 0x0000000089700000, 0x0000000089800000|  0%| F|  |TAMS 0x0000000089700000, 0x0000000089700000| Untracked 
|  16|0x0000000089800000, 0x0000000089800000, 0x0000000089900000|  0%| F|  |TAMS 0x0000000089800000, 0x0000000089800000| Untracked 
|  17|0x0000000089900000, 0x0000000089900000, 0x0000000089a00000|  0%| F|  |TAMS 0x0000000089900000, 0x0000000089900000| Untracked 
|  18|0x0000000089a00000, 0x0000000089a00000, 0x0000000089b00000|  0%| F|  |TAMS 0x0000000089a00000, 0x0000000089a00000| Untracked 
|  19|0x0000000089b00000, 0x0000000089b00000, 0x0000000089c00000|  0%| F|  |TAMS 0x0000000089b00000, 0x0000000089b00000| Untracked 
|  20|0x0000000089c00000, 0x0000000089c00000, 0x0000000089d00000|  0%| F|  |TAMS 0x0000000089c00000, 0x0000000089c00000| Untracked 
|  21|0x0000000089d00000, 0x0000000089d00000, 0x0000000089e00000|  0%| F|  |TAMS 0x0000000089d00000, 0x0000000089d00000| Untracked 
|  22|0x0000000089e00000, 0x0000000089e00000, 0x0000000089f00000|  0%| F|  |TAMS 0x0000000089e00000, 0x0000000089e00000| Untracked 
|  23|0x0000000089f00000, 0x0000000089f00000, 0x000000008a000000|  0%| F|  |TAMS 0x0000000089f00000, 0x0000000089f00000| Untracked 
|  24|0x000000008a000000, 0x000000008a000000, 0x000000008a100000|  0%| F|  |TAMS 0x000000008a000000, 0x000000008a000000| Untracked 
|  25|0x000000008a100000, 0x000000008a100000, 0x000000008a200000|  0%| F|  |TAMS 0x000000008a100000, 0x000000008a100000| Untracked 
|  26|0x000000008a200000, 0x000000008a200000, 0x000000008a300000|  0%| F|  |TAMS 0x000000008a200000, 0x000000008a200000| Untracked 
|  27|0x000000008a300000, 0x000000008a300000, 0x000000008a400000|  0%| F|  |TAMS 0x000000008a300000, 0x000000008a300000| Untracked 
|  28|0x000000008a400000, 0x000000008a400000, 0x000000008a500000|  0%| F|  |TAMS 0x000000008a400000, 0x000000008a400000| Untracked 
|  29|0x000000008a500000, 0x000000008a500000, 0x000000008a600000|  0%| F|  |TAMS 0x000000008a500000, 0x000000008a500000| Untracked 
|  30|0x000000008a600000, 0x000000008a600000, 0x000000008a700000|  0%| F|  |TAMS 0x000000008a600000, 0x000000008a600000| Untracked 
|  31|0x000000008a700000, 0x000000008a700000, 0x000000008a800000|  0%| F|  |TAMS 0x000000008a700000, 0x000000008a700000| Untracked 
|  32|0x000000008a800000, 0x000000008a800000, 0x000000008a900000|  0%| F|  |TAMS 0x000000008a800000, 0x000000008a800000| Untracked 
|  33|0x000000008a900000, 0x000000008a900000, 0x000000008aa00000|  0%| F|  |TAMS 0x000000008a900000, 0x000000008a900000| Untracked 
|  34|0x000000008aa00000, 0x000000008aa00000, 0x000000008ab00000|  0%| F|  |TAMS 0x000000008aa00000, 0x000000008aa00000| Untracked 
|  35|0x000000008ab00000, 0x000000008ab00000, 0x000000008ac00000|  0%| F|  |TAMS 0x000000008ab00000, 0x000000008ab00000| Untracked 
|  36|0x000000008ac00000, 0x000000008ac00000, 0x000000008ad00000|  0%| F|  |TAMS 0x000000008ac00000, 0x000000008ac00000| Untracked 
|  37|0x000000008ad00000, 0x000000008ad00000, 0x000000008ae00000|  0%| F|  |TAMS 0x000000008ad00000, 0x000000008ad00000| Untracked 
|  38|0x000000008ae00000, 0x000000008ae00000, 0x000000008af00000|  0%| F|  |TAMS 0x000000008ae00000, 0x000000008ae00000| Untracked 
|  39|0x000000008af00000, 0x000000008af00000, 0x000000008b000000|  0%| F|  |TAMS 0x000000008af00000, 0x000000008af00000| Untracked 
|  40|0x000000008b000000, 0x000000008b000000, 0x000000008b100000|  0%| F|  |TAMS 0x000000008b000000, 0x000000008b000000| Untracked 
|  41|0x000000008b100000, 0x000000008b100000, 0x000000008b200000|  0%| F|  |TAMS 0x000000008b100000, 0x000000008b100000| Untracked 
|  42|0x000000008b200000, 0x000000008b200000, 0x000000008b300000|  0%| F|  |TAMS 0x000000008b200000, 0x000000008b200000| Untracked 
|  43|0x000000008b300000, 0x000000008b300000, 0x000000008b400000|  0%| F|  |TAMS 0x000000008b300000, 0x000000008b300000| Untracked 
|  44|0x000000008b400000, 0x000000008b400000, 0x000000008b500000|  0%| F|  |TAMS 0x000000008b400000, 0x000000008b400000| Untracked 
|  45|0x000000008b500000, 0x000000008b500000, 0x000000008b600000|  0%| F|  |TAMS 0x000000008b500000, 0x000000008b500000| Untracked 
|  46|0x000000008b600000, 0x000000008b600000, 0x000000008b700000|  0%| F|  |TAMS 0x000000008b600000, 0x000000008b600000| Untracked 
|  47|0x000000008b700000, 0x000000008b700000, 0x000000008b800000|  0%| F|  |TAMS 0x000000008b700000, 0x000000008b700000| Untracked 
|  48|0x000000008b800000, 0x000000008b800000, 0x000000008b900000|  0%| F|  |TAMS 0x000000008b800000, 0x000000008b800000| Untracked 
|  49|0x000000008b900000, 0x000000008b900000, 0x000000008ba00000|  0%| F|  |TAMS 0x000000008b900000, 0x000000008b900000| Untracked 
|  50|0x000000008ba00000, 0x000000008ba00000, 0x000000008bb00000|  0%| F|  |TAMS 0x000000008ba00000, 0x000000008ba00000| Untracked 
|  51|0x000000008bb00000, 0x000000008bb00000, 0x000000008bc00000|  0%| F|  |TAMS 0x000000008bb00000, 0x000000008bb00000| Untracked 
|  52|0x000000008bc00000, 0x000000008bc00000, 0x000000008bd00000|  0%| F|  |TAMS 0x000000008bc00000, 0x000000008bc00000| Untracked 
|  53|0x000000008bd00000, 0x000000008bd00000, 0x000000008be00000|  0%| F|  |TAMS 0x000000008bd00000, 0x000000008bd00000| Untracked 
|  54|0x000000008be00000, 0x000000008be00000, 0x000000008bf00000|  0%| F|  |TAMS 0x000000008be00000, 0x000000008be00000| Untracked 
|  55|0x000000008bf00000, 0x000000008bf00000, 0x000000008c000000|  0%| F|  |TAMS 0x000000008bf00000, 0x000000008bf00000| Untracked 
|  56|0x000000008c000000, 0x000000008c000000, 0x000000008c100000|  0%| F|  |TAMS 0x000000008c000000, 0x000000008c000000| Untracked 
|  57|0x000000008c100000, 0x000000008c100000, 0x000000008c200000|  0%| F|  |TAMS 0x000000008c100000, 0x000000008c100000| Untracked 
|  58|0x000000008c200000, 0x000000008c200000, 0x000000008c300000|  0%| F|  |TAMS 0x000000008c200000, 0x000000008c200000| Untracked 
|  59|0x000000008c300000, 0x000000008c300000, 0x000000008c400000|  0%| F|  |TAMS 0x000000008c300000, 0x000000008c300000| Untracked 
|  60|0x000000008c400000, 0x000000008c400000, 0x000000008c500000|  0%| F|  |TAMS 0x000000008c400000, 0x000000008c400000| Untracked 
|  61|0x000000008c500000, 0x000000008c500000, 0x000000008c600000|  0%| F|  |TAMS 0x000000008c500000, 0x000000008c500000| Untracked 
|  62|0x000000008c600000, 0x000000008c600000, 0x000000008c700000|  0%| F|  |TAMS 0x000000008c600000, 0x000000008c600000| Untracked 
|  63|0x000000008c700000, 0x000000008c700000, 0x000000008c800000|  0%| F|  |TAMS 0x000000008c700000, 0x000000008c700000| Untracked 
|  64|0x000000008c800000, 0x000000008c800000, 0x000000008c900000|  0%| F|  |TAMS 0x000000008c800000, 0x000000008c800000| Untracked 
|  65|0x000000008c900000, 0x000000008c900000, 0x000000008ca00000|  0%| F|  |TAMS 0x000000008c900000, 0x000000008c900000| Untracked 
|  66|0x000000008ca00000, 0x000000008ca00000, 0x000000008cb00000|  0%| F|  |TAMS 0x000000008ca00000, 0x000000008ca00000| Untracked 
|  67|0x000000008cb00000, 0x000000008cb00000, 0x000000008cc00000|  0%| F|  |TAMS 0x000000008cb00000, 0x000000008cb00000| Untracked 
|  68|0x000000008cc00000, 0x000000008cc00000, 0x000000008cd00000|  0%| F|  |TAMS 0x000000008cc00000, 0x000000008cc00000| Untracked 
|  69|0x000000008cd00000, 0x000000008cd00000, 0x000000008ce00000|  0%| F|  |TAMS 0x000000008cd00000, 0x000000008cd00000| Untracked 
|  70|0x000000008ce00000, 0x000000008ce00000, 0x000000008cf00000|  0%| F|  |TAMS 0x000000008ce00000, 0x000000008ce00000| Untracked 
|  71|0x000000008cf00000, 0x000000008cf00000, 0x000000008d000000|  0%| F|  |TAMS 0x000000008cf00000, 0x000000008cf00000| Untracked 
|  72|0x000000008d000000, 0x000000008d000000, 0x000000008d100000|  0%| F|  |TAMS 0x000000008d000000, 0x000000008d000000| Untracked 
|  73|0x000000008d100000, 0x000000008d100000, 0x000000008d200000|  0%| F|  |TAMS 0x000000008d100000, 0x000000008d100000| Untracked 
|  74|0x000000008d200000, 0x000000008d200000, 0x000000008d300000|  0%| F|  |TAMS 0x000000008d200000, 0x000000008d200000| Untracked 
|  75|0x000000008d300000, 0x000000008d300000, 0x000000008d400000|  0%| F|  |TAMS 0x000000008d300000, 0x000000008d300000| Untracked 
|  76|0x000000008d400000, 0x000000008d400000, 0x000000008d500000|  0%| F|  |TAMS 0x000000008d400000, 0x000000008d400000| Untracked 
|  77|0x000000008d500000, 0x000000008d500000, 0x000000008d600000|  0%| F|  |TAMS 0x000000008d500000, 0x000000008d500000| Untracked 
|  78|0x000000008d600000, 0x000000008d600000, 0x000000008d700000|  0%| F|  |TAMS 0x000000008d600000, 0x000000008d600000| Untracked 
|  79|0x000000008d700000, 0x000000008d700000, 0x000000008d800000|  0%| F|  |TAMS 0x000000008d700000, 0x000000008d700000| Untracked 
|  80|0x000000008d800000, 0x000000008d800000, 0x000000008d900000|  0%| F|  |TAMS 0x000000008d800000, 0x000000008d800000| Untracked 
|  81|0x000000008d900000, 0x000000008d900000, 0x000000008da00000|  0%| F|  |TAMS 0x000000008d900000, 0x000000008d900000| Untracked 
|  82|0x000000008da00000, 0x000000008da00000, 0x000000008db00000|  0%| F|  |TAMS 0x000000008da00000, 0x000000008da00000| Untracked 
|  83|0x000000008db00000, 0x000000008db00000, 0x000000008dc00000|  0%| F|  |TAMS 0x000000008db00000, 0x000000008db00000| Untracked 
|  84|0x000000008dc00000, 0x000000008dc00000, 0x000000008dd00000|  0%| F|  |TAMS 0x000000008dc00000, 0x000000008dc00000| Untracked 
|  85|0x000000008dd00000, 0x000000008dd00000, 0x000000008de00000|  0%| F|  |TAMS 0x000000008dd00000, 0x000000008dd00000| Untracked 
|  86|0x000000008de00000, 0x000000008de00000, 0x000000008df00000|  0%| F|  |TAMS 0x000000008de00000, 0x000000008de00000| Untracked 
|  87|0x000000008df00000, 0x000000008df00000, 0x000000008e000000|  0%| F|  |TAMS 0x000000008df00000, 0x000000008df00000| Untracked 
|  88|0x000000008e000000, 0x000000008e000000, 0x000000008e100000|  0%| F|  |TAMS 0x000000008e000000, 0x000000008e000000| Untracked 
|  89|0x000000008e100000, 0x000000008e100000, 0x000000008e200000|  0%| F|  |TAMS 0x000000008e100000, 0x000000008e100000| Untracked 
|  90|0x000000008e200000, 0x000000008e200000, 0x000000008e300000|  0%| F|  |TAMS 0x000000008e200000, 0x000000008e200000| Untracked 
|  91|0x000000008e300000, 0x000000008e300000, 0x000000008e400000|  0%| F|  |TAMS 0x000000008e300000, 0x000000008e300000| Untracked 
|  92|0x000000008e400000, 0x000000008e400000, 0x000000008e500000|  0%| F|  |TAMS 0x000000008e400000, 0x000000008e400000| Untracked 
|  93|0x000000008e500000, 0x000000008e500000, 0x000000008e600000|  0%| F|  |TAMS 0x000000008e500000, 0x000000008e500000| Untracked 
|  94|0x000000008e600000, 0x000000008e600000, 0x000000008e700000|  0%| F|  |TAMS 0x000000008e600000, 0x000000008e600000| Untracked 
|  95|0x000000008e700000, 0x000000008e700000, 0x000000008e800000|  0%| F|  |TAMS 0x000000008e700000, 0x000000008e700000| Untracked 
|  96|0x000000008e800000, 0x000000008e800000, 0x000000008e900000|  0%| F|  |TAMS 0x000000008e800000, 0x000000008e800000| Untracked 
|  97|0x000000008e900000, 0x000000008e900000, 0x000000008ea00000|  0%| F|  |TAMS 0x000000008e900000, 0x000000008e900000| Untracked 
|  98|0x000000008ea00000, 0x000000008ea00000, 0x000000008eb00000|  0%| F|  |TAMS 0x000000008ea00000, 0x000000008ea00000| Untracked 
|  99|0x000000008eb00000, 0x000000008eb00000, 0x000000008ec00000|  0%| F|  |TAMS 0x000000008eb00000, 0x000000008eb00000| Untracked 
| 100|0x000000008ec00000, 0x000000008ec00000, 0x000000008ed00000|  0%| F|  |TAMS 0x000000008ec00000, 0x000000008ec00000| Untracked 
| 101|0x000000008ed00000, 0x000000008ed00000, 0x000000008ee00000|  0%| F|  |TAMS 0x000000008ed00000, 0x000000008ed00000| Untracked 
| 102|0x000000008ee00000, 0x000000008ee00000, 0x000000008ef00000|  0%| F|  |TAMS 0x000000008ee00000, 0x000000008ee00000| Untracked 
| 103|0x000000008ef00000, 0x000000008ef00000, 0x000000008f000000|  0%| F|  |TAMS 0x000000008ef00000, 0x000000008ef00000| Untracked 
| 104|0x000000008f000000, 0x000000008f000000, 0x000000008f100000|  0%| F|  |TAMS 0x000000008f000000, 0x000000008f000000| Untracked 
| 105|0x000000008f100000, 0x000000008f100000, 0x000000008f200000|  0%| F|  |TAMS 0x000000008f100000, 0x000000008f100000| Untracked 
| 106|0x000000008f200000, 0x000000008f200000, 0x000000008f300000|  0%| F|  |TAMS 0x000000008f200000, 0x000000008f200000| Untracked 
| 107|0x000000008f300000, 0x000000008f300000, 0x000000008f400000|  0%| F|  |TAMS 0x000000008f300000, 0x000000008f300000| Untracked 
| 108|0x000000008f400000, 0x000000008f400000, 0x000000008f500000|  0%| F|  |TAMS 0x000000008f400000, 0x000000008f400000| Untracked 
| 109|0x000000008f500000, 0x000000008f500000, 0x000000008f600000|  0%| F|  |TAMS 0x000000008f500000, 0x000000008f500000| Untracked 
| 110|0x000000008f600000, 0x000000008f600000, 0x000000008f700000|  0%| F|  |TAMS 0x000000008f600000, 0x000000008f600000| Untracked 
| 111|0x000000008f700000, 0x000000008f800000, 0x000000008f800000|100%| E|  |TAMS 0x000000008f700000, 0x000000008f700000| Complete 
| 112|0x000000008f800000, 0x000000008f900000, 0x000000008f900000|100%| E|CS|TAMS 0x000000008f800000, 0x000000008f800000| Complete 
| 113|0x000000008f900000, 0x000000008fa00000, 0x000000008fa00000|100%| E|CS|TAMS 0x000000008f900000, 0x000000008f900000| Complete 
| 114|0x000000008fa00000, 0x000000008fb00000, 0x000000008fb00000|100%| E|CS|TAMS 0x000000008fa00000, 0x000000008fa00000| Complete 
| 115|0x000000008fb00000, 0x000000008fc00000, 0x000000008fc00000|100%| E|CS|TAMS 0x000000008fb00000, 0x000000008fb00000| Complete 
| 116|0x000000008fc00000, 0x000000008fd00000, 0x000000008fd00000|100%| E|CS|TAMS 0x000000008fc00000, 0x000000008fc00000| Complete 
| 117|0x000000008fd00000, 0x000000008fe00000, 0x000000008fe00000|100%| E|CS|TAMS 0x000000008fd00000, 0x000000008fd00000| Complete 
| 118|0x000000008fe00000, 0x000000008ff00000, 0x000000008ff00000|100%| E|CS|TAMS 0x000000008fe00000, 0x000000008fe00000| Complete 
| 119|0x000000008ff00000, 0x0000000090000000, 0x0000000090000000|100%| E|CS|TAMS 0x000000008ff00000, 0x000000008ff00000| Complete 

Card table byte_map: [0x0000023b17770000,0x0000023b17b30000] _byte_map_base: 0x0000023b1732c000

Marking Bits (Prev, Next): (CMBitMap*) 0x0000023b04d2cf50, (CMBitMap*) 0x0000023b04d2cf90
 Prev Bits: [0x0000023b17ef0000, 0x0000023b19cd0000)
 Next Bits: [0x0000023b19cd0000, 0x0000023b1bab0000)

Polling page: 0x0000023b02b10000

Metaspace:

Usage:
  Non-class:     13.07 MB used.
      Class:      1.50 MB used.
       Both:     14.57 MB used.

Virtual space:
  Non-class space:       64.00 MB reserved,      13.19 MB ( 21%) committed,  1 nodes.
      Class space:        1.00 GB reserved,       1.62 MB ( <1%) committed,  1 nodes.
             Both:        1.06 GB reserved,      14.81 MB (  1%) committed. 

Chunk freelists:
   Non-Class:  2.50 MB
       Class:  14.25 MB
        Both:  16.75 MB

MaxMetaspaceSize: unlimited
CompressedClassSpaceSize: 1.00 GB
Initial GC threshold: 21.00 MB
Current GC threshold: 21.00 MB
CDS: off
MetaspaceReclaimPolicy: balanced
 - commit_granule_bytes: 65536.
 - commit_granule_words: 8192.
 - virtual_space_node_default_size: 8388608.
 - enlarge_chunks_in_place: 1.
 - new_chunks_are_fully_committed: 0.
 - uncommit_free_chunks: 1.
 - use_allocation_guard: 0.
 - handle_deallocations: 1.


Internal statistics:

num_allocs_failed_limit: 0.
num_arena_births: 122.
num_arena_deaths: 0.
num_vsnodes_births: 2.
num_vsnodes_deaths: 0.
num_space_committed: 237.
num_space_uncommitted: 0.
num_chunks_returned_to_freelist: 0.
num_chunks_taken_from_freelist: 207.
num_chunk_merges: 0.
num_chunk_splits: 100.
num_chunks_enlarged: 34.
num_inconsistent_stats: 0.

CodeHeap 'non-profiled nmethods': size=120000Kb used=248Kb max_used=248Kb free=119751Kb
 bounds [0x0000023b0fe80000, 0x0000023b100f0000, 0x0000023b173b0000]
CodeHeap 'profiled nmethods': size=120000Kb used=1399Kb max_used=1399Kb free=118600Kb
 bounds [0x0000023b083b0000, 0x0000023b08620000, 0x0000023b0f8e0000]
CodeHeap 'non-nmethods': size=5760Kb used=1287Kb max_used=1302Kb free=4472Kb
 bounds [0x0000023b0f8e0000, 0x0000023b0fb50000, 0x0000023b0fe80000]
 total_blobs=1577 nmethods=961 adapters=530
 compilation: enabled
              stopped_count=0, restarted_count=0
 full_count=0

Compilation events (20 events):
Event: 477.258 Thread 0x0000023b2211bd30  952       3       java.lang.Class::getComponentType (14 bytes)
Event: 477.259 Thread 0x0000023b2211bd30 nmethod 952 0x0000023b08504410 code [0x0000023b085045c0, 0x0000023b08504788]
Event: 482.424 Thread 0x0000023b22115020  953       4       java.util.Arrays::copyOf (40 bytes)
Event: 482.433 Thread 0x0000023b22115020 nmethod 953 0x0000023b0febc090 code [0x0000023b0febc220, 0x0000023b0febc6b8]
Event: 582.622 Thread 0x0000023b22115020  954       4       java.util.ArrayList::toArray (57 bytes)
Event: 582.630 Thread 0x0000023b22115020 nmethod 954 0x0000023b0febc910 code [0x0000023b0febcaa0, 0x0000023b0febcdf8]
Event: 586.208 Thread 0x0000023b22115020  955       4       sun.java2d.StateTrackableDelegate$1::isCurrent (17 bytes)
Event: 586.209 Thread 0x0000023b22115020 nmethod 955 0x0000023b0febcf90 code [0x0000023b0febd100, 0x0000023b0febd1b8]
Event: 586.536 Thread 0x0000023b22115020  956       4       sun.java2d.d3d.D3DSurfaceData$D3DWindowSurfaceData::isDirty (18 bytes)
Event: 586.537 Thread 0x0000023b22115020 nmethod 956 0x0000023b0febd290 code [0x0000023b0febd420, 0x0000023b0febd4f8]
Event: 596.692 Thread 0x0000023b22115020  957       4       java.util.ArrayList::toArray (57 bytes)
Event: 596.701 Thread 0x0000023b22115020 nmethod 957 0x0000023b0febd610 code [0x0000023b0febd7a0, 0x0000023b0febdc18]
Event: 3299.945 Thread 0x0000023b2211bd30  959       3       java.lang.invoke.ConstantCallSite::getTarget (20 bytes)
Event: 3299.945 Thread 0x0000023b2211bd30 nmethod 959 0x0000023b08504810 code [0x0000023b085049c0, 0x0000023b08504bc8]
Event: 3301.526 Thread 0x0000023b2211bd30  960       3       sun.java2d.pipe.BufferedContext::validateContext (26 bytes)
Event: 3301.526 Thread 0x0000023b2211bd30 nmethod 960 0x0000023b08504c90 code [0x0000023b08504e40, 0x0000023b08505078]
Event: 3301.526 Thread 0x0000023b2211bd30  961       3       sun.java2d.pipe.BufferedContext::validate (575 bytes)
Event: 3301.533 Thread 0x0000023b2211bd30 nmethod 961 0x0000023b08505190 code [0x0000023b08505740, 0x0000023b085090f8]
Event: 3302.086 Thread 0x0000023b2211bd30  962 % !   3       sun.java2d.d3d.D3DScreenUpdateManager::run @ 0 (267 bytes)
Event: 3302.092 Thread 0x0000023b2211bd30 nmethod 962% 0x0000023b0850a390 code [0x0000023b0850a7e0, 0x0000023b0850cee8]

GC Heap History (0 events):
No events

Dll operation events (10 events):
Event: 0.028 Loaded shared library C:\Users\ariza\.p2\pool\plugins\org.eclipse.justj.openjdk.hotspot.jre.full.win32.x86_64_17.0.9.v20231028-0858\jre\bin\java.dll
Event: 0.306 Loaded shared library C:\Users\ariza\.p2\pool\plugins\org.eclipse.justj.openjdk.hotspot.jre.full.win32.x86_64_17.0.9.v20231028-0858\jre\bin\verify.dll
Event: 0.353 Loaded shared library C:\Users\ariza\.p2\pool\plugins\org.eclipse.justj.openjdk.hotspot.jre.full.win32.x86_64_17.0.9.v20231028-0858\jre\bin\jimage.dll
Event: 0.378 Loaded shared library C:\Users\ariza\.p2\pool\plugins\org.eclipse.justj.openjdk.hotspot.jre.full.win32.x86_64_17.0.9.v20231028-0858\jre\bin\net.dll
Event: 0.382 Loaded shared library C:\Users\ariza\.p2\pool\plugins\org.eclipse.justj.openjdk.hotspot.jre.full.win32.x86_64_17.0.9.v20231028-0858\jre\bin\nio.dll
Event: 0.394 Loaded shared library C:\Users\ariza\.p2\pool\plugins\org.eclipse.justj.openjdk.hotspot.jre.full.win32.x86_64_17.0.9.v20231028-0858\jre\bin\zip.dll
Event: 0.470 Loaded shared library C:\Users\ariza\.p2\pool\plugins\org.eclipse.justj.openjdk.hotspot.jre.full.win32.x86_64_17.0.9.v20231028-0858\jre\bin\awt.dll
Event: 1.126 Loaded shared library C:\Users\ariza\.p2\pool\plugins\org.eclipse.justj.openjdk.hotspot.jre.full.win32.x86_64_17.0.9.v20231028-0858\jre\bin\javajpeg.dll
Event: 1.241 Loaded shared library C:\Users\ariza\.p2\pool\plugins\org.eclipse.justj.openjdk.hotspot.jre.full.win32.x86_64_17.0.9.v20231028-0858\jre\bin\freetype.dll
Event: 1.244 Loaded shared library C:\Users\ariza\.p2\pool\plugins\org.eclipse.justj.openjdk.hotspot.jre.full.win32.x86_64_17.0.9.v20231028-0858\jre\bin\fontmanager.dll

Deoptimization events (14 events):
Event: 1.311 Thread 0x0000023b02c1dfa0 DEOPT PACKING pc=0x0000023b083c6a67 sp=0x000000a2faefc970
Event: 1.311 Thread 0x0000023b02c1dfa0 DEOPT UNPACKING pc=0x0000023b0f937143 sp=0x000000a2faefbd90 mode 0
Event: 468.417 Thread 0x0000023b22a614b0 Uncommon trap: trap_request=0xffffffcc fr.pc=0x0000023b0febbc44 relative=0x0000000000000224
Event: 468.417 Thread 0x0000023b22a614b0 Uncommon trap: reason=intrinsic_or_type_checked_inlining action=make_not_entrant pc=0x0000023b0febbc44 method=java.util.Arrays.copyOf([Ljava/lang/Object;ILjava/lang/Class;)[Ljava/lang/Object; @ 35 c2
Event: 468.417 Thread 0x0000023b22a614b0 DEOPT PACKING pc=0x0000023b0febbc44 sp=0x000000a2fd0ff4d0
Event: 468.417 Thread 0x0000023b22a614b0 DEOPT UNPACKING pc=0x0000023b0f9369a3 sp=0x000000a2fd0ff460 mode 2
Event: 582.731 Thread 0x0000023b22a614b0 Uncommon trap: trap_request=0xffffffdc fr.pc=0x0000023b0febcc08 relative=0x0000000000000168
Event: 582.731 Thread 0x0000023b22a614b0 Uncommon trap: reason=class_check action=make_not_entrant pc=0x0000023b0febcc08 method=java.util.ArrayList.toArray([Ljava/lang/Object;)[Ljava/lang/Object; @ 21 c2
Event: 582.731 Thread 0x0000023b22a614b0 DEOPT PACKING pc=0x0000023b0febcc08 sp=0x000000a2fd0ff530
Event: 582.731 Thread 0x0000023b22a614b0 DEOPT UNPACKING pc=0x0000023b0f9369a3 sp=0x000000a2fd0ff4f0 mode 2
Event: 3299.504 Thread 0x0000023b22a614b0 Uncommon trap: trap_request=0xffffff45 fr.pc=0x0000023b0febd4a4 relative=0x0000000000000084
Event: 3299.504 Thread 0x0000023b22a614b0 Uncommon trap: reason=unstable_if action=reinterpret pc=0x0000023b0febd4a4 method=sun.java2d.StateTrackableDelegate$1.isCurrent()Z @ 8 c2
Event: 3299.504 Thread 0x0000023b22a614b0 DEOPT PACKING pc=0x0000023b0febd4a4 sp=0x000000a2fd0ff570
Event: 3299.504 Thread 0x0000023b22a614b0 DEOPT UNPACKING pc=0x0000023b0f9369a3 sp=0x000000a2fd0ff4a8 mode 2

Classes unloaded (0 events):
No events

Classes redefined (0 events):
No events

Internal exceptions (15 events):
Event: 0.442 Thread 0x0000023b02c1dfa0 Exception <a 'java/lang/ClassNotFoundException'{0x000000008fe42548}: sun/awt/resources/spi/awtProvider> (0x000000008fe42548) 
thrown [s\src\hotspot\share\classfile\systemDictionary.cpp, line 256]
Event: 0.515 Thread 0x0000023b02c1dfa0 Exception <a 'java/io/FileNotFoundException'{0x000000008fe9c570}> (0x000000008fe9c570) 
thrown [s\src\hotspot\share\prims\jni.cpp, line 516]
Event: 0.531 Thread 0x0000023b02c1dfa0 Exception <a 'java/io/FileNotFoundException'{0x000000008fec9c28}> (0x000000008fec9c28) 
thrown [s\src\hotspot\share\prims\jni.cpp, line 516]
Event: 0.640 Thread 0x0000023b02c1dfa0 Exception <a 'java/lang/NoSuchMethodError'{0x000000008fd1adc0}: 'java.lang.Object java.lang.invoke.DirectMethodHandle$Holder.invokeStaticInit(java.lang.Object)'> (0x000000008fd1adc0) 
thrown [s\src\hotspot\share\interpreter\linkResolver.cpp, line 759]
Event: 0.845 Thread 0x0000023b02c1dfa0 Exception <a 'java/lang/NoSuchMethodError'{0x000000008fda84e0}: 'void java.lang.invoke.DirectMethodHandle$Holder.invokeSpecial(java.lang.Object, java.lang.Object, java.lang.Object)'> (0x000000008fda84e0) 
thrown [s\src\hotspot\share\interpreter\linkResolver.cpp, line 759]
Event: 0.868 Thread 0x0000023b02c1dfa0 Exception <a 'java/lang/NoSuchMethodError'{0x000000008fdd28c0}: 'java.lang.Object java.lang.invoke.DirectMethodHandle$Holder.newInvokeSpecial(java.lang.Object, java.lang.Object, java.lang.Object, java.lang.Object, java.lang.Object)'> (0x000000008fdd28c0) 
thrown [s\src\hotspot\share\interpreter\linkResolver.cpp, line 759]
Event: 0.873 Thread 0x0000023b02c1dfa0 Exception <a 'java/lang/NoSuchMethodError'{0x000000008fdde288}: 'java.lang.Object java.lang.invoke.DirectMethodHandle$Holder.invokeStatic(java.lang.Object, int, java.lang.Object, java.lang.Object, java.lang.Object, java.lang.Object)'> (0x000000008fdde288) 
thrown [s\src\hotspot\share\interpreter\linkResolver.cpp, line 759]
Event: 0.893 Thread 0x0000023b02c1dfa0 Exception <a 'java/lang/NoSuchMethodError'{0x000000008fc03f08}: 'java.lang.Object java.lang.invoke.DirectMethodHandle$Holder.invokeStatic(java.lang.Object, int, java.lang.Object)'> (0x000000008fc03f08) 
thrown [s\src\hotspot\share\interpreter\linkResolver.cpp, line 759]
Event: 0.973 Thread 0x0000023b02c1dfa0 Exception <a 'java/lang/ClassNotFoundException'{0x000000008fcbbb48}: com/sun/swing/internal/plaf/metal/resources/spi/metalProvider> (0x000000008fcbbb48) 
thrown [s\src\hotspot\share\classfile\systemDictionary.cpp, line 256]
Event: 0.976 Thread 0x0000023b02c1dfa0 Exception <a 'java/lang/ClassNotFoundException'{0x000000008fcbfa20}: com/sun/swing/internal/plaf/basic/resources/spi/basicProvider> (0x000000008fcbfa20) 
thrown [s\src\hotspot\share\classfile\systemDictionary.cpp, line 256]
Event: 1.012 Thread 0x0000023b02c1dfa0 Exception <a 'java/lang/NoSuchMethodError'{0x000000008fcdab48}: 'void java.lang.invoke.DirectMethodHandle$Holder.invokeStatic(java.lang.Object, java.lang.Object, java.lang.Object)'> (0x000000008fcdab48) 
thrown [s\src\hotspot\share\interpreter\linkResolver.cpp, line 759]
Event: 1.014 Thread 0x0000023b02c1dfa0 Exception <a 'java/lang/NoSuchMethodError'{0x000000008fce0fe0}: 'void java.lang.invoke.DirectMethodHandle$Holder.invokeStatic(java.lang.Object, java.lang.Object)'> (0x000000008fce0fe0) 
thrown [s\src\hotspot\share\interpreter\linkResolver.cpp, line 759]
Event: 1.130 Thread 0x0000023b22a34800 Exception <a 'java/lang/NoSuchMethodError'{0x000000008fb4edb8}: 'java.lang.Object java.lang.invoke.DirectMethodHandle$Holder.newInvokeSpecial(java.lang.Object, java.lang.Object, java.lang.Object, int, int, int, int, int)'> (0x000000008fb4edb8) 
thrown [s\src\hotspot\share\interpreter\linkResolver.cpp, line 759]
Event: 1.228 Thread 0x0000023b02c1dfa0 Exception <a 'java/lang/NoSuchMethodError'{0x000000008f908468}: 'void java.lang.invoke.DirectMethodHandle$Holder.invokeStaticInit(java.lang.Object)'> (0x000000008f908468) 
thrown [s\src\hotspot\share\interpreter\linkResolver.cpp, line 759]
Event: 1.395 Thread 0x0000023b226e7fb0 Exception <a 'java/lang/NoSuchMethodError'{0x000000008fd53508}: 'void java.lang.invoke.DirectMethodHandle$Holder.invokeVirtual(java.lang.Object, java.lang.Object)'> (0x000000008fd53508) 
thrown [s\src\hotspot\share\interpreter\linkResolver.cpp, line 759]

VM Operations (20 events):
Event: 1.403 Executing VM operation: HandshakeAllThreads
Event: 1.403 Executing VM operation: HandshakeAllThreads done
Event: 2.412 Executing VM operation: Cleanup
Event: 2.412 Executing VM operation: Cleanup done
Event: 10.488 Executing VM operation: Cleanup
Event: 10.488 Executing VM operation: Cleanup done
Event: 16.547 Executing VM operation: Cleanup
Event: 16.547 Executing VM operation: Cleanup done
Event: 17.559 Executing VM operation: Cleanup
Event: 17.559 Executing VM operation: Cleanup done
Event: 18.565 Executing VM operation: Cleanup
Event: 18.565 Executing VM operation: Cleanup done
Event: 19.568 Executing VM operation: Cleanup
Event: 19.568 Executing VM operation: Cleanup done
Event: 20.575 Executing VM operation: Cleanup
Event: 20.576 Executing VM operation: Cleanup done
Event: 60.288 Executing VM operation: HandshakeAllThreads
Event: 60.288 Executing VM operation: HandshakeAllThreads done
Event: 586.960 Executing VM operation: Cleanup
Event: 586.960 Executing VM operation: Cleanup done

Events (20 events):
Event: 15.815 loading class java/awt/event/AWTEventListenerProxy
Event: 15.815 loading class java/awt/event/AWTEventListenerProxy done
Event: 15.815 loading class java/awt/Toolkit$SelectiveAWTEventListener
Event: 15.816 loading class java/awt/Toolkit$SelectiveAWTEventListener done
Event: 15.816 loading class java/awt/Toolkit$ToolkitEventMulticaster
Event: 15.816 loading class java/awt/Toolkit$ToolkitEventMulticaster done
Event: 15.816 loading class java/awt/event/MouseWheelEvent
Event: 15.817 loading class java/awt/event/MouseWheelEvent done
Event: 16.352 loading class java/awt/LightweightDispatcher$2
Event: 16.352 loading class java/awt/LightweightDispatcher$2 done
Event: 20.148 loading class java/awt/KeyboardFocusManager$2
Event: 20.148 loading class java/awt/KeyboardFocusManager$2 done
Event: 20.148 loading class sun/awt/SunToolkit$1
Event: 20.149 loading class sun/awt/SunToolkit$1 done
Event: 3299.947 loading class java/util/Collections$SynchronizedSet
Event: 3299.947 loading class java/util/Collections$SynchronizedSet done
Event: 3299.947 loading class java/util/WeakHashMap$KeyIterator
Event: 3299.947 loading class java/util/WeakHashMap$HashIterator
Event: 3299.948 loading class java/util/WeakHashMap$HashIterator done
Event: 3299.948 loading class java/util/WeakHashMap$KeyIterator done


Dynamic libraries:
0x00007ff6ac890000 - 0x00007ff6ac89e000 	C:\Users\ariza\.p2\pool\plugins\org.eclipse.justj.openjdk.hotspot.jre.full.win32.x86_64_17.0.9.v20231028-0858\jre\bin\javaw.exe
0x00007ffd5cb90000 - 0x00007ffd5cd88000 	C:\Windows\SYSTEM32\ntdll.dll
0x00007ffd5abf0000 - 0x00007ffd5acad000 	C:\Windows\System32\KERNEL32.DLL
0x00007ffd5a4f0000 - 0x00007ffd5a7e6000 	C:\Windows\System32\KERNELBASE.dll
0x00007ffd5a940000 - 0x00007ffd5aa40000 	C:\Windows\System32\ucrtbase.dll
0x00007ffd44260000 - 0x00007ffd44277000 	C:\Users\ariza\.p2\pool\plugins\org.eclipse.justj.openjdk.hotspot.jre.full.win32.x86_64_17.0.9.v20231028-0858\jre\bin\jli.dll
0x00007ffd5b160000 - 0x00007ffd5b2fe000 	C:\Windows\System32\USER32.dll
0x00007ffd5a910000 - 0x00007ffd5a932000 	C:\Windows\System32\win32u.dll
0x00007ffd5c100000 - 0x00007ffd5c12c000 	C:\Windows\System32\GDI32.dll
0x00007ffd5a270000 - 0x00007ffd5a38a000 	C:\Windows\System32\gdi32full.dll
0x00007ffd5a870000 - 0x00007ffd5a90d000 	C:\Windows\System32\msvcp_win.dll
0x00007ffd441c0000 - 0x00007ffd441db000 	C:\Users\ariza\.p2\pool\plugins\org.eclipse.justj.openjdk.hotspot.jre.full.win32.x86_64_17.0.9.v20231028-0858\jre\bin\VCRUNTIME140.dll
0x00007ffd49c80000 - 0x00007ffd49f1a000 	C:\Windows\WinSxS\amd64_microsoft.windows.common-controls_6595b64144ccf1df_6.0.19041.3636_none_60b6a03d71f818d5\COMCTL32.dll
0x00007ffd5b7d0000 - 0x00007ffd5b86e000 	C:\Windows\System32\msvcrt.dll
0x00007ffd5c030000 - 0x00007ffd5c060000 	C:\Windows\System32\IMM32.DLL
0x00007ffd51040000 - 0x00007ffd5104c000 	C:\Users\ariza\.p2\pool\plugins\org.eclipse.justj.openjdk.hotspot.jre.full.win32.x86_64_17.0.9.v20231028-0858\jre\bin\vcruntime140_1.dll
0x00007ffd0bda0000 - 0x00007ffd0be2d000 	C:\Users\ariza\.p2\pool\plugins\org.eclipse.justj.openjdk.hotspot.jre.full.win32.x86_64_17.0.9.v20231028-0858\jre\bin\msvcp140.dll
0x00007ffd21250000 - 0x00007ffd21eb1000 	C:\Users\ariza\.p2\pool\plugins\org.eclipse.justj.openjdk.hotspot.jre.full.win32.x86_64_17.0.9.v20231028-0858\jre\bin\server\jvm.dll
0x00007ffd5acb0000 - 0x00007ffd5ad5f000 	C:\Windows\System32\ADVAPI32.dll
0x00007ffd5c1f0000 - 0x00007ffd5c28c000 	C:\Windows\System32\sechost.dll
0x00007ffd5ae80000 - 0x00007ffd5afa6000 	C:\Windows\System32\RPCRT4.dll
0x00007ffd5a020000 - 0x00007ffd5a06b000 	C:\Windows\SYSTEM32\POWRPROF.dll
0x00007ffd34780000 - 0x00007ffd34789000 	C:\Windows\SYSTEM32\WSOCK32.dll
0x00007ffd5bfc0000 - 0x00007ffd5c02b000 	C:\Windows\System32\WS2_32.dll
0x00007ffd51f60000 - 0x00007ffd51f87000 	C:\Windows\SYSTEM32\WINMM.dll
0x00007ffd51f50000 - 0x00007ffd51f5a000 	C:\Windows\SYSTEM32\VERSION.dll
0x00007ffd5a000000 - 0x00007ffd5a012000 	C:\Windows\SYSTEM32\UMPDC.dll
0x00007ffd58130000 - 0x00007ffd58142000 	C:\Windows\SYSTEM32\kernel.appcore.dll
0x00007ffd243c0000 - 0x00007ffd243ca000 	C:\Users\ariza\.p2\pool\plugins\org.eclipse.justj.openjdk.hotspot.jre.full.win32.x86_64_17.0.9.v20231028-0858\jre\bin\jimage.dll
0x00007ffd45970000 - 0x00007ffd45b54000 	C:\Windows\SYSTEM32\DBGHELP.DLL
0x00007ffd45930000 - 0x00007ffd45964000 	C:\Windows\SYSTEM32\dbgcore.DLL
0x00007ffd5ab60000 - 0x00007ffd5abe2000 	C:\Windows\System32\bcryptPrimitives.dll
0x00007ffd22510000 - 0x00007ffd22535000 	C:\Users\ariza\.p2\pool\plugins\org.eclipse.justj.openjdk.hotspot.jre.full.win32.x86_64_17.0.9.v20231028-0858\jre\bin\java.dll
0x00007ffd224f0000 - 0x00007ffd22508000 	C:\Users\ariza\.p2\pool\plugins\org.eclipse.justj.openjdk.hotspot.jre.full.win32.x86_64_17.0.9.v20231028-0858\jre\bin\zip.dll
0x00007ffd5b870000 - 0x00007ffd5bfb5000 	C:\Windows\System32\SHELL32.dll
0x00007ffd58330000 - 0x00007ffd58acb000 	C:\Windows\SYSTEM32\windows.storage.dll
0x00007ffd5c480000 - 0x00007ffd5c7d4000 	C:\Windows\System32\combase.dll
0x00007ffd59c40000 - 0x00007ffd59c6d000 	C:\Windows\SYSTEM32\Wldp.dll
0x00007ffd5c290000 - 0x00007ffd5c33d000 	C:\Windows\System32\SHCORE.dll
0x00007ffd5c130000 - 0x00007ffd5c185000 	C:\Windows\System32\shlwapi.dll
0x00007ffd5a1a0000 - 0x00007ffd5a1c5000 	C:\Windows\SYSTEM32\profapi.dll
0x00007ffd57760000 - 0x00007ffd57770000 	C:\Users\ariza\.p2\pool\plugins\org.eclipse.justj.openjdk.hotspot.jre.full.win32.x86_64_17.0.9.v20231028-0858\jre\bin\verify.dll
0x00007ffd220a0000 - 0x00007ffd220b9000 	C:\Users\ariza\.p2\pool\plugins\org.eclipse.justj.openjdk.hotspot.jre.full.win32.x86_64_17.0.9.v20231028-0858\jre\bin\net.dll
0x00007ffd51c30000 - 0x00007ffd51d3a000 	C:\Windows\SYSTEM32\WINHTTP.dll
0x00007ffd59940000 - 0x00007ffd599aa000 	C:\Windows\system32\mswsock.dll
0x00007ffd22080000 - 0x00007ffd22096000 	C:\Users\ariza\.p2\pool\plugins\org.eclipse.justj.openjdk.hotspot.jre.full.win32.x86_64_17.0.9.v20231028-0858\jre\bin\nio.dll
0x00007ffd0bc10000 - 0x00007ffd0bda0000 	C:\Users\ariza\.p2\pool\plugins\org.eclipse.justj.openjdk.hotspot.jre.full.win32.x86_64_17.0.9.v20231028-0858\jre\bin\awt.dll
0x00007ffd5b090000 - 0x00007ffd5b15d000 	C:\Windows\System32\OLEAUT32.dll
0x00007ffd57a90000 - 0x00007ffd57b20000 	C:\Windows\SYSTEM32\apphelp.dll
0x00007ffd57e40000 - 0x00007ffd57e6f000 	C:\Windows\system32\DWMAPI.DLL
0x00007ffd57c60000 - 0x00007ffd57cfe000 	C:\Windows\system32\uxtheme.dll
0x00007ffd08970000 - 0x00007ffd08a95000 	C:\Windows\system32\opengl32.dll
0x00007ffd44080000 - 0x00007ffd440ac000 	C:\Windows\SYSTEM32\GLU32.dll
0x00007ffd5ad60000 - 0x00007ffd5ae74000 	C:\Windows\System32\MSCTF.dll
0x00007ffd5c350000 - 0x00007ffd5c47b000 	C:\Windows\System32\ole32.dll
0x00007ffd52180000 - 0x00007ffd521bb000 	C:\Windows\SYSTEM32\dxcore.dll
0x00007ffd5a7f0000 - 0x00007ffd5a83e000 	C:\Windows\System32\cfgmgr32.dll
0x00007ffd3dcb0000 - 0x00007ffd3dcdd000 	C:\Users\ariza\.p2\pool\plugins\org.eclipse.justj.openjdk.hotspot.jre.full.win32.x86_64_17.0.9.v20231028-0858\jre\bin\javajpeg.dll
0x00007ffd0bb80000 - 0x00007ffd0bc08000 	C:\Users\ariza\.p2\pool\plugins\org.eclipse.justj.openjdk.hotspot.jre.full.win32.x86_64_17.0.9.v20231028-0858\jre\bin\freetype.dll
0x00007ffd07a20000 - 0x00007ffd07af3000 	C:\Users\ariza\.p2\pool\plugins\org.eclipse.justj.openjdk.hotspot.jre.full.win32.x86_64_17.0.9.v20231028-0858\jre\bin\fontmanager.dll
0x00007ffd5ca20000 - 0x00007ffd5cac9000 	C:\Windows\System32\clbcatq.dll
0x00007ffd54ef0000 - 0x00007ffd550a4000 	C:\Windows\SYSTEM32\WindowsCodecs.dll
0x00007ffd5a840000 - 0x00007ffd5a867000 	C:\Windows\System32\bcrypt.dll
0x00007ffd3f560000 - 0x00007ffd3f59e000 	C:\Windows\system32\dataexchange.dll
0x00007ffd56e90000 - 0x00007ffd57073000 	C:\Windows\system32\dcomp.dll
0x00007ffd567c0000 - 0x00007ffd56a23000 	C:\Windows\system32\d3d11.dll
0x00007ffd58b30000 - 0x00007ffd58c23000 	C:\Windows\system32\dxgi.dll
0x00007ffd55330000 - 0x00007ffd55533000 	C:\Windows\system32\twinapi.appcore.dll
0x00007ffd4dd50000 - 0x00007ffd4de49000 	C:\Windows\SYSTEM32\textinputframework.dll
0x00007ffd57840000 - 0x00007ffd57932000 	C:\Windows\System32\CoreMessaging.dll
0x00007ffd57400000 - 0x00007ffd5775b000 	C:\Windows\System32\CoreUIComponents.dll
0x00007ffd593b0000 - 0x00007ffd593e3000 	C:\Windows\SYSTEM32\ntmarta.dll
0x00007ffd560a0000 - 0x00007ffd561f5000 	C:\Windows\SYSTEM32\wintypes.dll
0x00007ffd087a0000 - 0x00007ffd0896d000 	C:\Windows\system32\d3d9.dll
0x00007ffd51f90000 - 0x00007ffd5216b000 	C:\Windows\System32\DriverStore\FileRepository\u0360470.inf_amd64_35c64671e7fac064\B360357\aticfx64.dll
0x00007ffd0ed40000 - 0x00007ffd0ed73000 	C:\Windows\System32\DriverStore\FileRepository\u0360470.inf_amd64_35c64671e7fac064\B360357\atiu9p64.dll
0x00007ffd07b00000 - 0x00007ffd08796000 	C:\Windows\System32\DriverStore\FileRepository\u0360470.inf_amd64_35c64671e7fac064\B360357\atiumd64.dll
0x000000006d920000 - 0x000000006e799000 	C:\Windows\System32\DriverStore\FileRepository\u0360470.inf_amd64_35c64671e7fac064\B360357\atiumd6a.dll
0x00007ffd51e40000 - 0x00007ffd51e6f000 	C:\Windows\SYSTEM32\amdihk64.dll
0x00007ffd4af00000 - 0x00007ffd4afac000 	C:\Windows\SYSTEM32\TextShaping.dll

dbghelp: loaded successfully - version: 4.0.5 - missing functions: none
symbol engine: initialized successfully - sym options: 0x614 - pdb path: .;C:\Users\ariza\.p2\pool\plugins\org.eclipse.justj.openjdk.hotspot.jre.full.win32.x86_64_17.0.9.v20231028-0858\jre\bin;C:\Windows\SYSTEM32;C:\Windows\WinSxS\amd64_microsoft.windows.common-controls_6595b64144ccf1df_6.0.19041.3636_none_60b6a03d71f818d5;C:\Users\ariza\.p2\pool\plugins\org.eclipse.justj.openjdk.hotspot.jre.full.win32.x86_64_17.0.9.v20231028-0858\jre\bin\server;C:\Windows\System32\DriverStore\FileRepository\u0360470.inf_amd64_35c64671e7fac064\B360357

VM Arguments:
jvm_args: -Dfile.encoding=windows-1252 -Dstdout.encoding=windows-1252 -Dstderr.encoding=windows-1252 -XX:+ShowCodeDetailsInExceptionMessages 
java_command: LockerManagement.newLogIn
java_class_path (initial): C:\Users\ariza\OneDrive\Documents\GitHub\R1-Locker-Management\LockerManagementProject\LockerManagement\bin;C:\Users\ariza\OneDrive\Documents\GitHub\R1-Locker-Management\LockerManagementProject\LockerManagement\miglayout-src.zip;C:\Users\ariza\OneDrive\Documents\GitHub\R1-Locker-Management\LockerManagementProject\LockerManagement\miglayout15-swing.jar
Launcher Type: SUN_STANDARD

[Global flags]
     intx CICompilerCount                          = 3                                         {product} {ergonomic}
     uint ConcGCThreads                            = 1                                         {product} {ergonomic}
     uint G1ConcRefinementThreads                  = 4                                         {product} {ergonomic}
   size_t G1HeapRegionSize                         = 1048576                                   {product} {ergonomic}
    uintx GCDrainStackTargetSize                   = 64                                        {product} {ergonomic}
   size_t InitialHeapSize                          = 125829120                                 {product} {ergonomic}
   size_t MarkStackSize                            = 4194304                                   {product} {ergonomic}
   size_t MaxHeapSize                              = 2004877312                                {product} {ergonomic}
   size_t MaxNewSize                               = 1202716672                                {product} {ergonomic}
   size_t MinHeapDeltaBytes                        = 1048576                                   {product} {ergonomic}
   size_t MinHeapSize                              = 8388608                                   {product} {ergonomic}
    uintx NonNMethodCodeHeapSize                   = 5832780                                {pd product} {ergonomic}
    uintx NonProfiledCodeHeapSize                  = 122912730                              {pd product} {ergonomic}
    uintx ProfiledCodeHeapSize                     = 122912730                              {pd product} {ergonomic}
    uintx ReservedCodeCacheSize                    = 251658240                              {pd product} {ergonomic}
     bool SegmentedCodeCache                       = true                                      {product} {ergonomic}
     bool ShowCodeDetailsInExceptionMessages       = true                                   {manageable} {command line}
   size_t SoftMaxHeapSize                          = 2004877312                             {manageable} {ergonomic}
     bool UseCompressedClassPointers               = true                           {product lp64_product} {ergonomic}
     bool UseCompressedOops                        = true                           {product lp64_product} {ergonomic}
     bool UseG1GC                                  = true                                      {product} {ergonomic}
     bool UseLargePagesIndividualAllocation        = false                                  {pd product} {ergonomic}

Logging:
Log output configuration:
 #0: stdout all=warning uptime,level,tags
 #1: stderr all=off uptime,level,tags

Environment Variables:
PATH=C:/Users/ariza/.p2/pool/plugins/org.eclipse.justj.openjdk.hotspot.jre.full.win32.x86_64_17.0.9.v20231028-0858/jre/bin/server;C:/Users/ariza/.p2/pool/plugins/org.eclipse.justj.openjdk.hotspot.jre.full.win32.x86_64_17.0.9.v20231028-0858/jre/bin;C:\Windows\system32;C:\Windows;C:\Windows\System32\Wbem;C:\Windows\System32\WindowsPowerShell\v1.0\;C:\Windows\System32\OpenSSH\;C:\Program Files\Microsoft SQL Server\150\Tools\Binn\;C:\Program Files\Microsoft SQL Server\Client SDK\ODBC\170\Tools\Binn\;C:\Program Files\dotnet\;C:\Users\ariza\AppData\Local\Microsoft\WindowsApps;C:\Users\ariza\.dotnet\tools;C:\Users\ariza\AppData\Local\GitHubDesktop\bin;C:\Users\ariza\OneDrive\Desktop;
USERNAME=ariza
OS=Windows_NT
PROCESSOR_IDENTIFIER=AMD64 Family 21 Model 101 Stepping 1, AuthenticAMD
TMP=C:\Users\ariza\AppData\Local\Temp
TEMP=C:\Users\ariza\AppData\Local\Temp



Periodic native trim disabled


---------------  S Y S T E M  ---------------

OS:
 Windows 10 , 64 bit Build 19041 (10.0.19041.3636)
OS uptime: 0 days 1:48 hours

CPU: total 4 (initial active 4) (4 cores per cpu, 1 threads per core) family 21 model 101 stepping 1 microcode 0x0, cx8, cmov, fxsr, mmx, 3dnowpref, sse, sse2, sse3, ssse3, sse4a, sse4.1, sse4.2, popcnt, lzcnt, tsc, tscinvbit, avx, avx2, aes, clmul, bmi1, bmi2, fma, vzeroupper, clflush
Processor Information for all 4 processors :
  Max Mhz: 2500, Current Mhz: 2500, Mhz Limit: 2500

Memory: 4k page, system-wide physical 7647M (1088M free)
TotalPageFile size 22909M (AvailPageFile size 190M)
current process WorkingSet (physical memory assigned to process): 84M, peak: 86M
current process commit charge ("private bytes"): 228M, peak: 229M

vm_info: OpenJDK 64-Bit Server VM (17.0.9+9) for windows-amd64 JRE (17.0.9+9), built on Oct 26 2023 14:01:42 by "admin" with MS VC++ 16.10 / 16.11 (VS2019)

END.
