#
# There is insufficient memory for the Java Runtime Environment to continue.
# Native memory allocation (mmap) failed to map 125829120 bytes for G1 virtual space
# Possible reasons:
#   The system is out of physical RAM or swap space
#   The process is running with CompressedOops enabled, and the Java Heap may be blocking the growth of the native heap
# Possible solutions:
#   Reduce memory load on the system
#   Increase physical memory or swap space
#   Check if swap backing store is full
#   Decrease Java heap size (-Xmx/-Xms)
#   Decrease number of Java threads
#   Decrease Java thread stack sizes (-Xss)
#   Set larger code cache with -XX:ReservedCodeCacheSize=
#   JVM is running with Unscaled Compressed Oops mode in which the Java heap is
#     placed in the first 4GB address space. The Java Heap base address is the
#     maximum limit for the native heap growth. Please use -XX:HeapBaseMinAddress
#     to set the Java Heap base and to place the Java Heap above 4GB virtual address.
# This output file may be truncated or incomplete.
#
#  Out of Memory Error (os_windows.cpp:3613), pid=21464, tid=17952
#
# JRE version:  (17.0.9+9) (build )
# Java VM: OpenJDK 64-Bit Server VM (17.0.9+9, mixed mode, sharing, tiered, compressed oops, compressed class ptrs, g1 gc, windows-amd64)
# No core dump will be written. Minidumps are not enabled by default on client versions of Windows
#

---------------  S U M M A R Y ------------

Command Line: -Dfile.encoding=windows-1252 -Dstdout.encoding=windows-1252 -Dstderr.encoding=windows-1252 -XX:+ShowCodeDetailsInExceptionMessages LockerManagement.newMainMenu

Host: AMD A12-9700P RADEON R7, 10 COMPUTE CORES 4C+6G, 4 cores, 7G,  Windows 10 , 64 bit Build 19041 (10.0.19041.3636)
Time: Mon Dec 25 00:58:53 2023 Pakistan Standard Time elapsed time: 0.024676 seconds (0d 0h 0m 0s)

---------------  T H R E A D  ---------------

Current thread (0x00000194baf479a0):  JavaThread "Unknown thread" [_thread_in_vm, id=17952, stack(0x0000000f32b00000,0x0000000f32c00000)]

Stack: [0x0000000f32b00000,0x0000000f32c00000]
Native frames: (J=compiled Java code, j=interpreted, Vv=VM code, C=native code)
V  [jvm.dll+0x67cf49]
V  [jvm.dll+0x83478a]
V  [jvm.dll+0x83624e]
V  [jvm.dll+0x8368b3]
V  [jvm.dll+0x247f1f]
V  [jvm.dll+0x679d69]
V  [jvm.dll+0x66e6ba]
V  [jvm.dll+0x307e5b]
V  [jvm.dll+0x30f306]
V  [jvm.dll+0x35f0ce]
V  [jvm.dll+0x35f2ff]
V  [jvm.dll+0x2dea58]
V  [jvm.dll+0x2df9c4]
V  [jvm.dll+0x806031]
V  [jvm.dll+0x36cf31]
V  [jvm.dll+0x7e4aac]
V  [jvm.dll+0x3f07af]
V  [jvm.dll+0x3f23e1]
C  [jli.dll+0x528f]
C  [ucrtbase.dll+0x21bb2]
C  [KERNEL32.DLL+0x17344]
C  [ntdll.dll+0x526b1]


---------------  P R O C E S S  ---------------

Threads class SMR info:
_java_thread_list=0x00007ffd21d7ee98, length=0, elements={
}

Java Threads: ( => current thread )

Other Threads:
  0x00000194baf9e3d0 GCTaskThread "GC Thread#0" [stack: 0x0000000f32c00000,0x0000000f32d00000] [id=16020]
  0x00000194bafae140 ConcurrentGCThread "G1 Main Marker" [stack: 0x0000000f32d00000,0x0000000f32e00000] [id=19900]
  0x00000194bafaea70 ConcurrentGCThread "G1 Conc#0" [stack: 0x0000000f32e00000,0x0000000f32f00000] [id=200]

[error occurred during error reporting (printing all threads), id 0xc0000005, EXCEPTION_ACCESS_VIOLATION (0xc0000005) at pc=0x00007ffd2153f497]

VM state: not at safepoint (not fully initialized)

VM Mutex/Monitor currently owned by a thread:  ([mutex/lock_event])
[0x00000194baf41320] Heap_lock - owner thread: 0x00000194baf479a0

Heap address: 0x0000000088800000, size: 1912 MB, Compressed Oops mode: 32-bit

CDS archive(s) mapped at: [0x0000000000000000-0x0000000000000000-0x0000000000000000), size 0, SharedBaseAddress: 0x0000000800000000, ArchiveRelocationMode: 1.
Narrow klass base: 0x0000000000000000, Narrow klass shift: 0, Narrow klass range: 0x0

GC Precious Log:
<Empty>

Heap:
 garbage-first heap   total 0K, used 0K [0x0000000088800000, 0x0000000100000000)
  region size 1024K, 0 young (0K), 0 survivors (0K)

[error occurred during error reporting (printing heap information), id 0xc0000005, EXCEPTION_ACCESS_VIOLATION (0xc0000005) at pc=0x00007ffd21926c79]

GC Heap History (0 events):
No events

Dll operation events (1 events):
Event: 0.015 Loaded shared library C:\Users\ariza\.p2\pool\plugins\org.eclipse.justj.openjdk.hotspot.jre.full.win32.x86_64_17.0.9.v20231028-0858\jre\bin\java.dll

Deoptimization events (0 events):
No events

Classes unloaded (0 events):
No events

Classes redefined (0 events):
No events

Internal exceptions (0 events):
No events

VM Operations (0 events):
No events

Events (0 events):
No events


Dynamic libraries:
0x00007ff6ac890000 - 0x00007ff6ac89e000 	C:\Users\ariza\.p2\pool\plugins\org.eclipse.justj.openjdk.hotspot.jre.full.win32.x86_64_17.0.9.v20231028-0858\jre\bin\javaw.exe
0x00007ffd5cb90000 - 0x00007ffd5cd88000 	C:\Windows\SYSTEM32\ntdll.dll
0x00007ffd5abf0000 - 0x00007ffd5acad000 	C:\Windows\System32\KERNEL32.DLL
0x00007ffd5a4f0000 - 0x00007ffd5a7e6000 	C:\Windows\System32\KERNELBASE.dll
0x00007ffd5a940000 - 0x00007ffd5aa40000 	C:\Windows\System32\ucrtbase.dll
0x00007ffd441c0000 - 0x00007ffd441db000 	C:\Users\ariza\.p2\pool\plugins\org.eclipse.justj.openjdk.hotspot.jre.full.win32.x86_64_17.0.9.v20231028-0858\jre\bin\VCRUNTIME140.dll
0x00007ffd44260000 - 0x00007ffd44277000 	C:\Users\ariza\.p2\pool\plugins\org.eclipse.justj.openjdk.hotspot.jre.full.win32.x86_64_17.0.9.v20231028-0858\jre\bin\jli.dll
0x00007ffd5b160000 - 0x00007ffd5b2fe000 	C:\Windows\System32\USER32.dll
0x00007ffd5a910000 - 0x00007ffd5a932000 	C:\Windows\System32\win32u.dll
0x00007ffd5c100000 - 0x00007ffd5c12c000 	C:\Windows\System32\GDI32.dll
0x00007ffd5a270000 - 0x00007ffd5a38a000 	C:\Windows\System32\gdi32full.dll
0x00007ffd5a870000 - 0x00007ffd5a90d000 	C:\Windows\System32\msvcp_win.dll
0x00007ffd49c80000 - 0x00007ffd49f1a000 	C:\Windows\WinSxS\amd64_microsoft.windows.common-controls_6595b64144ccf1df_6.0.19041.3636_none_60b6a03d71f818d5\COMCTL32.dll
0x00007ffd5b7d0000 - 0x00007ffd5b86e000 	C:\Windows\System32\msvcrt.dll
0x00007ffd5c030000 - 0x00007ffd5c060000 	C:\Windows\System32\IMM32.DLL
0x00007ffd51040000 - 0x00007ffd5104c000 	C:\Users\ariza\.p2\pool\plugins\org.eclipse.justj.openjdk.hotspot.jre.full.win32.x86_64_17.0.9.v20231028-0858\jre\bin\vcruntime140_1.dll
0x00007ffd0bda0000 - 0x00007ffd0be2d000 	C:\Users\ariza\.p2\pool\plugins\org.eclipse.justj.openjdk.hotspot.jre.full.win32.x86_64_17.0.9.v20231028-0858\jre\bin\msvcp140.dll
0x00007ffd21250000 - 0x00007ffd21eb1000 	C:\Users\ariza\.p2\pool\plugins\org.eclipse.justj.openjdk.hotspot.jre.full.win32.x86_64_17.0.9.v20231028-0858\jre\bin\server\jvm.dll
0x00007ffd5acb0000 - 0x00007ffd5ad5f000 	C:\Windows\System32\ADVAPI32.dll
0x00007ffd5c1f0000 - 0x00007ffd5c28c000 	C:\Windows\System32\sechost.dll
0x00007ffd5ae80000 - 0x00007ffd5afa6000 	C:\Windows\System32\RPCRT4.dll
0x00007ffd5a020000 - 0x00007ffd5a06b000 	C:\Windows\SYSTEM32\POWRPROF.dll
0x00007ffd34780000 - 0x00007ffd34789000 	C:\Windows\SYSTEM32\WSOCK32.dll
0x00007ffd5bfc0000 - 0x00007ffd5c02b000 	C:\Windows\System32\WS2_32.dll
0x00007ffd51f60000 - 0x00007ffd51f87000 	C:\Windows\SYSTEM32\WINMM.dll
0x00007ffd51f50000 - 0x00007ffd51f5a000 	C:\Windows\SYSTEM32\VERSION.dll
0x00007ffd5a000000 - 0x00007ffd5a012000 	C:\Windows\SYSTEM32\UMPDC.dll
0x00007ffd58130000 - 0x00007ffd58142000 	C:\Windows\SYSTEM32\kernel.appcore.dll
0x00007ffd243c0000 - 0x00007ffd243ca000 	C:\Users\ariza\.p2\pool\plugins\org.eclipse.justj.openjdk.hotspot.jre.full.win32.x86_64_17.0.9.v20231028-0858\jre\bin\jimage.dll
0x00007ffd45970000 - 0x00007ffd45b54000 	C:\Windows\SYSTEM32\DBGHELP.DLL
0x00007ffd45930000 - 0x00007ffd45964000 	C:\Windows\SYSTEM32\dbgcore.DLL
0x00007ffd5ab60000 - 0x00007ffd5abe2000 	C:\Windows\System32\bcryptPrimitives.dll
0x00007ffd22510000 - 0x00007ffd22535000 	C:\Users\ariza\.p2\pool\plugins\org.eclipse.justj.openjdk.hotspot.jre.full.win32.x86_64_17.0.9.v20231028-0858\jre\bin\java.dll

dbghelp: loaded successfully - version: 4.0.5 - missing functions: none
symbol engine: initialized successfully - sym options: 0x614 - pdb path: .;C:\Users\ariza\.p2\pool\plugins\org.eclipse.justj.openjdk.hotspot.jre.full.win32.x86_64_17.0.9.v20231028-0858\jre\bin;C:\Windows\SYSTEM32;C:\Windows\WinSxS\amd64_microsoft.windows.common-controls_6595b64144ccf1df_6.0.19041.3636_none_60b6a03d71f818d5;C:\Users\ariza\.p2\pool\plugins\org.eclipse.justj.openjdk.hotspot.jre.full.win32.x86_64_17.0.9.v20231028-0858\jre\bin\server

VM Arguments:
jvm_args: -Dfile.encoding=windows-1252 -Dstdout.encoding=windows-1252 -Dstderr.encoding=windows-1252 -XX:+ShowCodeDetailsInExceptionMessages 
java_command: LockerManagement.newMainMenu
java_class_path (initial): C:\Users\ariza\OneDrive\Documents\GitHub\R1-Locker-Management\LockerManagementProject\LockerManagement\bin;C:\Users\ariza\OneDrive\Documents\GitHub\R1-Locker-Management\LockerManagementProject\LockerManagement\miglayout-src.zip;C:\Users\ariza\OneDrive\Documents\GitHub\R1-Locker-Management\LockerManagementProject\LockerManagement\miglayout15-swing.jar
Launcher Type: SUN_STANDARD

[Global flags]
     intx CICompilerCount                          = 3                                         {product} {ergonomic}
     uint ConcGCThreads                            = 1                                         {product} {ergonomic}
     uint G1ConcRefinementThreads                  = 4                                         {product} {ergonomic}
   size_t G1HeapRegionSize                         = 1048576                                   {product} {ergonomic}
    uintx GCDrainStackTargetSize                   = 64                                        {product} {ergonomic}
   size_t InitialHeapSize                          = 125829120                                 {product} {ergonomic}
   size_t MarkStackSize                            = 4194304                                   {product} {ergonomic}
   size_t MaxHeapSize                              = 2004877312                                {product} {ergonomic}
   size_t MinHeapDeltaBytes                        = 1048576                                   {product} {ergonomic}
   size_t MinHeapSize                              = 8388608                                   {product} {ergonomic}
    uintx NonNMethodCodeHeapSize                   = 5832780                                {pd product} {ergonomic}
    uintx NonProfiledCodeHeapSize                  = 122912730                              {pd product} {ergonomic}
    uintx ProfiledCodeHeapSize                     = 122912730                              {pd product} {ergonomic}
    uintx ReservedCodeCacheSize                    = 251658240                              {pd product} {ergonomic}
     bool SegmentedCodeCache                       = true                                      {product} {ergonomic}
     bool ShowCodeDetailsInExceptionMessages       = true                                   {manageable} {command line}
   size_t SoftMaxHeapSize                          = 2004877312                             {manageable} {ergonomic}
     bool UseCompressedClassPointers               = true                           {product lp64_product} {ergonomic}
     bool UseCompressedOops                        = true                           {product lp64_product} {ergonomic}
     bool UseG1GC                                  = true                                      {product} {ergonomic}
     bool UseLargePagesIndividualAllocation        = false                                  {pd product} {ergonomic}

Logging:
Log output configuration:
 #0: stdout all=warning uptime,level,tags
 #1: stderr all=off uptime,level,tags

Environment Variables:
PATH=C:/Users/ariza/.p2/pool/plugins/org.eclipse.justj.openjdk.hotspot.jre.full.win32.x86_64_17.0.9.v20231028-0858/jre/bin/server;C:/Users/ariza/.p2/pool/plugins/org.eclipse.justj.openjdk.hotspot.jre.full.win32.x86_64_17.0.9.v20231028-0858/jre/bin;C:\Windows\system32;C:\Windows;C:\Windows\System32\Wbem;C:\Windows\System32\WindowsPowerShell\v1.0\;C:\Windows\System32\OpenSSH\;C:\Program Files\Microsoft SQL Server\150\Tools\Binn\;C:\Program Files\Microsoft SQL Server\Client SDK\ODBC\170\Tools\Binn\;C:\Program Files\dotnet\;C:\Users\ariza\AppData\Local\Microsoft\WindowsApps;C:\Users\ariza\.dotnet\tools;C:\Users\ariza\AppData\Local\GitHubDesktop\bin;C:\Users\ariza\OneDrive\Desktop;
USERNAME=ariza
OS=Windows_NT
PROCESSOR_IDENTIFIER=AMD64 Family 21 Model 101 Stepping 1, AuthenticAMD
TMP=C:\Users\ariza\AppData\Local\Temp
TEMP=C:\Users\ariza\AppData\Local\Temp



Periodic native trim disabled


---------------  S Y S T E M  ---------------

OS:
 Windows 10 , 64 bit Build 19041 (10.0.19041.3636)
OS uptime: 0 days 2:26 hours

CPU: total 4 (initial active 4) (4 cores per cpu, 1 threads per core) family 21 model 101 stepping 1 microcode 0x0, cx8, cmov, fxsr, mmx, 3dnowpref, sse, sse2, sse3, ssse3, sse4a, sse4.1, sse4.2, popcnt, lzcnt, tsc, tscinvbit, avx, avx2, aes, clmul, bmi1, bmi2, fma, vzeroupper, clflush
Processor Information for all 4 processors :
  Max Mhz: 2500, Current Mhz: 2500, Mhz Limit: 2500

Memory: 4k page, system-wide physical 7647M (1148M free)
TotalPageFile size 22909M (AvailPageFile size 82M)
current process WorkingSet (physical memory assigned to process): 10M, peak: 10M
current process commit charge ("private bytes"): 52M, peak: 171M

vm_info: OpenJDK 64-Bit Server VM (17.0.9+9) for windows-amd64 JRE (17.0.9+9), built on Oct 26 2023 14:01:42 by "admin" with MS VC++ 16.10 / 16.11 (VS2019)

END.
