#
# There is insufficient memory for the Java Runtime Environment to continue.
# Native memory allocation (mmap) failed to map 264241152 bytes for G1 virtual space
# Possible reasons:
#   The system is out of physical RAM or swap space
#   The process is running with CompressedOops enabled, and the Java Heap may be blocking the growth of the native heap
# Possible solutions:
#   Reduce memory load on the system
#   Increase physical memory or swap space
#   Check if swap backing store is full
#   Decrease Java heap size (-Xmx/-Xms)
#   Decrease number of Java threads
#   Decrease Java thread stack sizes (-Xss)
#   Set larger code cache with -XX:ReservedCodeCacheSize=
#   JVM is running with Zero Based Compressed Oops mode in which the Java heap is
#     placed in the first 32GB address space. The Java Heap base address is the
#     maximum limit for the native heap growth. Please use -XX:HeapBaseMinAddress
#     to set the Java Heap base and to place the Java Heap above 32GB virtual address.
# This output file may be truncated or incomplete.
#
#  Out of Memory Error (os_windows.cpp:3530), pid=45908, tid=11948
#
# JRE version:  (18.0.2.1+1) (build )
# Java VM: Java HotSpot(TM) 64-Bit Server VM (18.0.2.1+1-1, mixed mode, sharing, tiered, compressed oops, compressed class ptrs, g1 gc, windows-amd64)
# No core dump will be written. Minidumps are not enabled by default on client versions of Windows
#

---------------  S U M M A R Y ------------

Command Line: -Dfile.encoding=UTF-8 -Dstdout.encoding=UTF-8 -Dstderr.encoding=UTF-8 -XX:+ShowCodeDetailsInExceptionMessages LockerManagement.lockerIssuance

Host: 13th Gen Intel(R) Core(TM) i7-13700, 24 cores, 15G,  Windows 11 , 64 bit Build 22621 (10.0.22621.2506)
Time: Tue Dec 26 17:21:37 2023 Pakistan Standard Time elapsed time: 0.167277 seconds (0d 0h 0m 0s)

---------------  T H R E A D  ---------------

Current thread (0x000002b53b73d440):  JavaThread "Unknown thread" [_thread_in_vm, id=11948, stack(0x000000cf3cd00000,0x000000cf3ce00000)]

Stack: [0x000000cf3cd00000,0x000000cf3ce00000]
Native frames: (J=compiled Java code, j=interpreted, Vv=VM code, C=native code)
V  [jvm.dll+0x6993aa]
V  [jvm.dll+0x7f46dd]
V  [jvm.dll+0x7f5fee]
V  [jvm.dll+0x7f66a3]
V  [jvm.dll+0x25cf1f]
V  [jvm.dll+0x6962f9]
V  [jvm.dll+0x68ae2a]
V  [jvm.dll+0x32255b]
V  [jvm.dll+0x329f36]
V  [jvm.dll+0x37eade]
V  [jvm.dll+0x37ed0f]
V  [jvm.dll+0x2fa2da]
V  [jvm.dll+0x2fb33d]
V  [jvm.dll+0x7c3310]
V  [jvm.dll+0x38be61]
V  [jvm.dll+0x7a2023]
V  [jvm.dll+0x40dc3f]
V  [jvm.dll+0x40f611]
C  [jli.dll+0x526b]
C  [ucrtbase.dll+0x29363]
C  [KERNEL32.DLL+0x1257d]
C  [ntdll.dll+0x5aa58]


---------------  P R O C E S S  ---------------

Threads class SMR info:
_java_thread_list=0x00007ffe1e62e550, length=0, elements={
}

Java Threads: ( => current thread )

Other Threads:
  0x000002b53b7b0300 WorkerThread "GC Thread#0" [stack: 0x000000cf3ce00000,0x000000cf3cf00000] [id=18852]
  0x000002b53b7c25d0 ConcurrentGCThread "G1 Main Marker" [stack: 0x000000cf3cf00000,0x000000cf3d000000] [id=45696]
  0x000002b53b7c2fd0 WorkerThread "G1 Conc#0" [stack: 0x000000cf3d000000,0x000000cf3d100000] [id=8872]

[error occurred during error reporting (printing all threads), id 0xc0000005, EXCEPTION_ACCESS_VIOLATION (0xc0000005) at pc=0x00007ffe1de5a877]

VM state: not at safepoint (not fully initialized)

VM Mutex/Monitor currently owned by a thread:  ([mutex/lock_event])
[0x000002b53b738ee0] Heap_lock - owner thread: 0x000002b53b73d440

Heap address: 0x0000000704c00000, size: 4020 MB, Compressed Oops mode: Zero based, Oop shift amount: 3

CDS archive(s) mapped at: [0x0000000000000000-0x0000000000000000-0x0000000000000000), size 0, SharedBaseAddress: 0x0000000800000000, ArchiveRelocationMode: 0.
Narrow klass base: 0x0000000000000000, Narrow klass shift: 0, Narrow klass range: 0x0

GC Precious Log:
 CardTable entry size: 512
 Card Set container configuration: InlinePtr #cards 4 size 8 Array Of Cards #cards 16 size 48 Howl #buckets 8 coarsen threshold 3686 Howl Bitmap #cards 512 size 80 coarsen threshold 460 Card regions per heap region 1 cards per card region 4096

Heap:
 garbage-first heap   total 0K, used 0K [0x0000000704c00000, 0x0000000800000000)
  region size 2048K, 0 young (0K), 0 survivors (0K)

[error occurred during error reporting (printing heap information), id 0xc0000005, EXCEPTION_ACCESS_VIOLATION (0xc0000005) at pc=0x00007ffe1e241839]

GC Heap History (0 events):
No events

Deoptimization events (0 events):
No events

Classes loaded (0 events):
No events

Classes unloaded (0 events):
No events

Classes redefined (0 events):
No events

Internal exceptions (0 events):
No events

VM Operations (0 events):
No events

Events (1 events):
Event: 0.004 Loaded shared library C:\Program Files\Java\jdk-18.0.2.1\bin\java.dll


Dynamic libraries:
0x00007ff7988a0000 - 0x00007ff7988b0000 	C:\Program Files\Java\jdk-18.0.2.1\bin\javaw.exe
0x00007ffe9f7f0000 - 0x00007ffe9fa07000 	C:\WINDOWS\SYSTEM32\ntdll.dll
0x00007ffe9e950000 - 0x00007ffe9ea14000 	C:\WINDOWS\System32\KERNEL32.DLL
0x00007ffe9cee0000 - 0x00007ffe9d286000 	C:\WINDOWS\System32\KERNELBASE.dll
0x00007ffe9d290000 - 0x00007ffe9d3a1000 	C:\WINDOWS\System32\ucrtbase.dll
0x00007ffe57db0000 - 0x00007ffe57dca000 	C:\Program Files\Java\jdk-18.0.2.1\bin\VCRUNTIME140.dll
0x00007ffe57d90000 - 0x00007ffe57da8000 	C:\Program Files\Java\jdk-18.0.2.1\bin\jli.dll
0x00007ffe9e0d0000 - 0x00007ffe9e181000 	C:\WINDOWS\System32\ADVAPI32.dll
0x00007ffe9dfa0000 - 0x00007ffe9e047000 	C:\WINDOWS\System32\msvcrt.dll
0x00007ffe9dad0000 - 0x00007ffe9db75000 	C:\WINDOWS\System32\sechost.dll
0x00007ffe9f550000 - 0x00007ffe9f667000 	C:\WINDOWS\System32\RPCRT4.dll
0x00007ffe9f3a0000 - 0x00007ffe9f54e000 	C:\WINDOWS\System32\USER32.dll
0x00007ffe9cca0000 - 0x00007ffe9ccc6000 	C:\WINDOWS\System32\win32u.dll
0x00007ffe5c7c0000 - 0x00007ffe5ca53000 	C:\WINDOWS\WinSxS\amd64_microsoft.windows.common-controls_6595b64144ccf1df_6.0.22621.2506_none_270c5ae97388e100\COMCTL32.dll
0x00007ffe9df20000 - 0x00007ffe9df49000 	C:\WINDOWS\System32\GDI32.dll
0x00007ffe9ccd0000 - 0x00007ffe9cde8000 	C:\WINDOWS\System32\gdi32full.dll
0x00007ffe9d3b0000 - 0x00007ffe9d44a000 	C:\WINDOWS\System32\msvcp_win.dll
0x00007ffe94ea0000 - 0x00007ffe94eaa000 	C:\WINDOWS\SYSTEM32\VERSION.dll
0x00007ffe9df50000 - 0x00007ffe9df81000 	C:\WINDOWS\System32\IMM32.DLL
0x00007ffe93fe0000 - 0x00007ffe93fec000 	C:\Program Files\Java\jdk-18.0.2.1\bin\vcruntime140_1.dll
0x00007ffe56b50000 - 0x00007ffe56bdd000 	C:\Program Files\Java\jdk-18.0.2.1\bin\msvcp140.dll
0x00007ffe1db50000 - 0x00007ffe1e761000 	C:\Program Files\Java\jdk-18.0.2.1\bin\server\jvm.dll
0x00007ffe9dd50000 - 0x00007ffe9dd58000 	C:\WINDOWS\System32\PSAPI.DLL
0x00007ffe7adb0000 - 0x00007ffe7ade4000 	C:\WINDOWS\SYSTEM32\WINMM.dll
0x00007ffe93f30000 - 0x00007ffe93f39000 	C:\WINDOWS\SYSTEM32\WSOCK32.dll
0x00007ffe9db80000 - 0x00007ffe9dbf1000 	C:\WINDOWS\System32\WS2_32.dll
0x00007ffe9bc20000 - 0x00007ffe9bc38000 	C:\WINDOWS\SYSTEM32\kernel.appcore.dll
0x00007ffe612b0000 - 0x00007ffe612ba000 	C:\Program Files\Java\jdk-18.0.2.1\bin\jimage.dll
0x00007ffe99d10000 - 0x00007ffe99f43000 	C:\WINDOWS\SYSTEM32\DBGHELP.DLL
0x00007ffe9e2a0000 - 0x00007ffe9e629000 	C:\WINDOWS\System32\combase.dll
0x00007ffe9d990000 - 0x00007ffe9da67000 	C:\WINDOWS\System32\OLEAUT32.dll
0x00007ffe95520000 - 0x00007ffe95552000 	C:\WINDOWS\SYSTEM32\dbgcore.DLL
0x00007ffe9cdf0000 - 0x00007ffe9ce6a000 	C:\WINDOWS\System32\bcryptPrimitives.dll
0x00007ffe4d4b0000 - 0x00007ffe4d4d5000 	C:\Program Files\Java\jdk-18.0.2.1\bin\java.dll

dbghelp: loaded successfully - version: 4.0.5 - missing functions: none
symbol engine: initialized successfully - sym options: 0x614 - pdb path: .;C:\Program Files\Java\jdk-18.0.2.1\bin;C:\WINDOWS\SYSTEM32;C:\WINDOWS\WinSxS\amd64_microsoft.windows.common-controls_6595b64144ccf1df_6.0.22621.2506_none_270c5ae97388e100;C:\Program Files\Java\jdk-18.0.2.1\bin\server

VM Arguments:
jvm_args: -Dfile.encoding=UTF-8 -Dstdout.encoding=UTF-8 -Dstderr.encoding=UTF-8 -XX:+ShowCodeDetailsInExceptionMessages 
java_command: LockerManagement.lockerIssuance
java_class_path (initial): C:\Users\wAhmed.27389\Desktop\Locker Management\Test-R1\LockerManagement\bin;D:\db2java.zip
Launcher Type: SUN_STANDARD

[Global flags]
     intx CICompilerCount                          = 12                                        {product} {ergonomic}
     uint ConcGCThreads                            = 5                                         {product} {ergonomic}
     uint G1ConcRefinementThreads                  = 18                                        {product} {ergonomic}
   size_t G1HeapRegionSize                         = 2097152                                   {product} {ergonomic}
    uintx GCDrainStackTargetSize                   = 64                                        {product} {ergonomic}
   size_t InitialHeapSize                          = 264241152                                 {product} {ergonomic}
   size_t MarkStackSize                            = 4194304                                   {product} {ergonomic}
   size_t MaxHeapSize                              = 4215275520                                {product} {ergonomic}
   size_t MinHeapDeltaBytes                        = 2097152                                   {product} {ergonomic}
   size_t MinHeapSize                              = 8388608                                   {product} {ergonomic}
    uintx NonNMethodCodeHeapSize                   = 7602480                                {pd product} {ergonomic}
    uintx NonProfiledCodeHeapSize                  = 122027880                              {pd product} {ergonomic}
    uintx ProfiledCodeHeapSize                     = 122027880                              {pd product} {ergonomic}
    uintx ReservedCodeCacheSize                    = 251658240                              {pd product} {ergonomic}
     bool SegmentedCodeCache                       = true                                      {product} {ergonomic}
     bool ShowCodeDetailsInExceptionMessages       = true                                   {manageable} {command line}
   size_t SoftMaxHeapSize                          = 4215275520                             {manageable} {ergonomic}
     bool UseCompressedClassPointers               = true                           {product lp64_product} {ergonomic}
     bool UseCompressedOops                        = true                           {product lp64_product} {ergonomic}
     bool UseG1GC                                  = true                                      {product} {ergonomic}
     bool UseLargePagesIndividualAllocation        = false                                  {pd product} {ergonomic}

Logging:
Log output configuration:
 #0: stdout all=warning uptime,level,tags foldmultilines=false
 #1: stderr all=off uptime,level,tags foldmultilines=false

Environment Variables:
CLASSPATH=.;C:\PROGRA~1\IBM\SQLLIB\java\db2java.zip;C:\PROGRA~1\IBM\SQLLIB\java\db2jcc.jar;C:\PROGRA~1\IBM\SQLLIB\java\sqlj.zip;C:\PROGRA~1\IBM\SQLLIB\java\DB2JCC~1.JAR;C:\PROGRA~1\IBM\SQLLIB\BIN;C:\PROGRA~1\IBM\SQLLIB\java\Common.jar
PATH=C:\Program Files\Common Files\Oracle\Java\javapath;C:\Windows\system32;C:\Windows;C:\Windows\System32\Wbem;C:\Windows\System32\WindowsPowerShell\v1.0\;C:\Windows\System32\OpenSSH\;C:\PROGRA~1\IBM\SQLLIB\BIN;C:\PROGRA~1\IBM\SQLLIB\FUNCTION;C:\PROGRA~1\IBM\SQLLIB\SAMPLES\REPL;C:\Program Files\Microsoft SQL Server\Client SDK\ODBC\170\Tools\Binn\;C:\Program Files\dotnet\;C:\Program Files (x86)\Microsoft SQL Server\130\Tools\Binn\;C:\Program Files\Microsoft SQL Server\130\Tools\Binn\;C:\Program Files\Microsoft SQL Server\Client SDK\ODBC\130\Tools\Binn\;C:\Program Files\Microsoft SQL Server\130\DTS\Binn\;C:\WINDOWS\system32;C:\WINDOWS;C:\WINDOWS\System32\Wbem;C:\WINDOWS\System32\WindowsPowerShell\v1.0\;C:\WINDOWS\System32\OpenSSH\;C:\Program Files (x86)\Microsoft SQL Server\150\DTS\Binn\;C:\Program Files\Git\cmd;D:\new\apache-maven-3.9.5-bin\apache-maven-3.9.5\bin;C:\Program Files\nodejs\;C:\Users\wAhmed.27389\AppData\Local\Microsoft\WindowsApps;C:\Users\wAhmed.27389\AppData\Local\Programs\Microsoft VS Code\bin;C:\Users\wAhmed.27389\AppData\Roaming\npm;C:\Users\wAhmed.27389\AppData\Local\GitHubDesktop\bin
USERNAME=WAhmed.27389
OS=Windows_NT
PROCESSOR_IDENTIFIER=Intel64 Family 6 Model 183 Stepping 1, GenuineIntel



---------------  S Y S T E M  ---------------

OS:
 Windows 11 , 64 bit Build 22621 (10.0.22621.2506)
OS uptime: 11 days 20:19 hours

CPU: total 24 (initial active 24) (12 cores per cpu, 2 threads per core) family 6 model 183 stepping 1 microcode 0x10f, cx8, cmov, fxsr, ht, mmx, 3dnowpref, sse, sse2, sse3, ssse3, sse4.1, sse4.2, popcnt, lzcnt, tsc, tscinvbit, avx, avx2, aes, erms, clmul, bmi1, bmi2, adx, sha, fma, vzeroupper, clflush, clflushopt, clwb, serialize

Memory: 4k page, system-wide physical 16072M (4480M free)
TotalPageFile size 41762M (AvailPageFile size 5M)
current process WorkingSet (physical memory assigned to process): 11M, peak: 11M
current process commit charge ("private bytes"): 81M, peak: 333M

vm_info: Java HotSpot(TM) 64-Bit Server VM (18.0.2.1+1-1) for windows-amd64 JRE (18.0.2.1+1-1), built on Aug 16 2022 01:46:33 by "mach5one" with MS VC++ 16.8 / 16.9 (VS2019)

END.
