#
# A fatal error has been detected by the Java Runtime Environment:
#
#  EXCEPTION_ACCESS_VIOLATION (0xc0000005) at pc=0x00007ffd0bceb489, pid=8224, tid=7268
#
# JRE version: OpenJDK Runtime Environment Temurin-17.0.9+9 (17.0.9+9) (build 17.0.9+9)
# Java VM: OpenJDK 64-Bit Server VM Temurin-17.0.9+9 (17.0.9+9, mixed mode, tiered, compressed oops, compressed class ptrs, g1 gc, windows-amd64)
# Problematic frame:
# C  [awt.dll+0xdb489]
#
# No core dump will be written. Minidumps are not enabled by default on client versions of Windows
#
# If you would like to submit a bug report, please visit:
#   https://github.com/adoptium/adoptium-support/issues
# The crash happened outside the Java Virtual Machine in native code.
# See problematic frame for where to report the bug.
#

---------------  S U M M A R Y ------------

Command Line: -Dfile.encoding=windows-1252 -Dstdout.encoding=windows-1252 -Dstderr.encoding=windows-1252 -XX:+ShowCodeDetailsInExceptionMessages LockerManagement.LogoFadeIn

Host: AMD A12-9700P RADEON R7, 10 COMPUTE CORES 4C+6G, 4 cores, 7G,  Windows 10 , 64 bit Build 19041 (10.0.19041.3636)
Time: Mon Dec 25 00:20:52 2023 Pakistan Standard Time elapsed time: 6041.627833 seconds (0d 1h 40m 41s)

---------------  T H R E A D  ---------------

Current thread (0x000001ccfe0a3740):  JavaThread "AWT-Windows" daemon [_thread_in_native, id=7268, stack(0x000000c942e00000,0x000000c942f00000)]

Stack: [0x000000c942e00000,0x000000c942f00000],  sp=0x000000c942efe770,  free space=1017k
Native frames: (J=compiled Java code, j=interpreted, Vv=VM code, C=native code)
C  [awt.dll+0xdb489]

Java frames: (J=compiled Java code, j=interpreted, Vv=VM code)
j  sun.java2d.d3d.D3DGraphicsDevice.getDeviceCapsNative(I)I+0 java.desktop@17.0.9
j  sun.java2d.d3d.D3DGraphicsDevice$1.run()V+8 java.desktop@17.0.9
v  ~StubRoutines::call_stub
j  sun.awt.windows.WToolkit.eventLoop()V+0 java.desktop@17.0.9
j  sun.awt.windows.WToolkit.run()V+50 java.desktop@17.0.9
j  java.lang.Thread.run()V+11 java.base@17.0.9
v  ~StubRoutines::call_stub

siginfo: EXCEPTION_ACCESS_VIOLATION (0xc0000005), reading address 0x0000000000000028


Registers:
RAX=0x0000000000000000, RBX=0x000001ccfe78b910, RCX=0x0000000000000000, RDX=0x0000000000000000
RSP=0x000000c942efe770, RBP=0x000000c942efe878, RSI=0x000000c942efed30, RDI=0x0000000000000000
R8 =0x0000000000000001, R9 =0x00000000000000dd, R10=0x000001cc8753d5d2, R11=0x000000008a06f3f8
R12=0x0000000000000000, R13=0x000001ccfa716b78, R14=0x000000c942efe898, R15=0x000001ccfe0a3740
RIP=0x00007ffd0bceb489, EFLAGS=0x0000000000010246


Register to memory mapping:

RIP=0x00007ffd0bceb489 awt.dll
RAX=0x0 is NULL
RBX=0x000001ccfe78b910 points into unknown readable memory: 0x000001cc932b0be0 | e0 0b 2b 93 cc 01 00 00
RCX=0x0 is NULL
RDX=0x0 is NULL
RSP=0x000000c942efe770 is pointing into the stack for thread: 0x000001ccfe0a3740
RBP=0x000000c942efe878 is pointing into the stack for thread: 0x000001ccfe0a3740
RSI=0x000000c942efed30 is pointing into the stack for thread: 0x000001ccfe0a3740
RDI=0x0 is NULL
R8 =0x0000000000000001 is an unknown value
R9 =0x00000000000000dd is an unknown value
R10=0x000001cc8753d5d2 is at code_begin+946 in an Interpreter codelet
method entry point (kind = native)  [0x000001cc8753d220, 0x000001cc8753dba0]  2432 bytes
R11=0x000000008a06f3f8 is an oop: java.lang.Class 
{0x000000008a06f3f8} - klass: 'java/lang/Class'
 - ---- fields (total size 15 words):
 - private volatile transient 'classRedefinedCount' 'I' @12  0
 - private volatile transient 'cachedConstructor' 'Ljava/lang/reflect/Constructor;' @40  NULL (0)
 - private transient 'name' 'Ljava/lang/String;' @44  "sun.java2d.d3d.D3DGraphicsDevice"{0x000000008a06e3a0} (8a06e3a0)
 - private transient 'module' 'Ljava/lang/Module;' @48  a 'java/lang/Module'{0x0000000089f04bc0} (89f04bc0)
 - private final 'classLoader' 'Ljava/lang/ClassLoader;' @52  NULL (0)
 - private transient 'classData' 'Ljava/lang/Object;' @56  NULL (0)
 - private transient 'packageName' 'Ljava/lang/String;' @60  "sun.java2d.d3d"{0x0000000089f3d870} (89f3d870)
 - private final 'componentType' 'Ljava/lang/Class;' @64  NULL (0)
 - private volatile transient 'reflectionData' 'Ljava/lang/ref/SoftReference;' @68  NULL (0)
 - private volatile transient 'genericInfo' 'Lsun/reflect/generics/repository/ClassRepository;' @72  NULL (0)
 - private volatile transient 'enumConstants' '[Ljava/lang/Object;' @76  NULL (0)
 - private volatile transient 'enumConstantDirectory' 'Ljava/util/Map;' @80  NULL (0)
 - private volatile transient 'annotationData' 'Ljava/lang/Class$AnnotationData;' @84  NULL (0)
 - private volatile transient 'annotationType' 'Lsun/reflect/annotation/AnnotationType;' @88  NULL (0)
 - transient 'classValueMap' 'Ljava/lang/ClassValue$ClassValueMap;' @92  NULL (0)
 - signature: Lsun/java2d/d3d/D3DGraphicsDevice;
 - fake entry for mirror: 'sun/java2d/d3d/D3DGraphicsDevice'
 - fake entry for array: NULL
 - fake entry for oop_size: 15
 - fake entry for static_oop_field_count: 0
 - private static 'd3dAvailable' 'Z' @112  true
R12=0x0 is NULL
R13={method} {0x000001ccfa716b80} 'getDeviceCapsNative' '(I)I' in 'sun/java2d/d3d/D3DGraphicsDevice'
R14=0x000000c942efe898 is pointing into the stack for thread: 0x000001ccfe0a3740
R15=0x000001ccfe0a3740 is a thread


Top of Stack: (sp=0x000000c942efe770)
0x000000c942efe770:   00007ffd0bd4c848 000001ccef5c7030
0x000000c942efe780:   0000000000000000 fffffff400000000
0x000000c942efe790:   0000000000000000 00007ffd0bc2f930
0x000000c942efe7a0:   000001ccef5c7030 000001ccfe78b910
0x000000c942efe7b0:   000000c942efed10 0000000000000000
0x000000c942efe7c0:   000001ccef5c7030 00007ffd0bc2cd28
0x000000c942efe7d0:   0000000000000000 0000000000000000
0x000000c942efe7e0:   00007ffd0bd10638 00000000000000dd
0x000000c942efe7f0:   000001ccfe0a3740 000001cc8753d601
0x000000c942efe800:   000001ccfa716b78 00007ffd5b16fd0f
0x000000c942efe810:   0000000000000000 0000000000000000
0x000000c942efe820:   000001cced94db60 00000000ffffffec
0x000000c942efe830:   000000c942efe830 0000000000000000
0x000000c942efe840:   000000c942efe898 000001ccfa71d578
0x000000c942efe850:   0000000000000000 000000008a06f3f8
0x000000c942efe860:   000001ccfa716b78 0000000000000000
0x000000c942efe870:   000000c942efe898 000000c942efe8f0
0x000000c942efe880:   000001cc87539600 000000008a06f3f8
0x000000c942efe890:   000001cc8753af56 0000000000000000
0x000000c942efe8a0:   000000008e1ba598 000000c942efe8a8
0x000000c942efe8b0:   000001ccfa800de0 000000c942efe900
0x000000c942efe8c0:   000001ccfa800e88 0000000000000000
0x000000c942efe8d0:   000000008a06ffc0 000001ccfa800e10
0x000000c942efe8e0:   000000c942efe898 000000c942efe900
0x000000c942efe8f0:   000000c942efeae0 000001cc87531010
0x000000c942efe900:   000000008e1ba5b0 0000001100000011
0x000000c942efe910:   0000001600000016 00000000fffffff4
0x000000c942efe920:   0000000000000000 0100000000000190
0x000000c942efe930:   0065005300000000 00200065006f0067
0x000000c942efe940:   0000000000490055 0000000000000000
0x000000c942efe950:   0000000000000000 0000000000000000
0x000000c942efe960:   0000000000000000 00007ffd5b16c9bb 

Instructions: (pc=0x00007ffd0bceb489)
0x00007ffd0bceb389:   cc cc cc cc cc cc cc 48 89 5c 24 08 48 89 6c 24
0x00007ffd0bceb399:   10 48 89 74 24 18 57 48 83 ec 20 41 8b f8 0f b6
0x00007ffd0bceb3a9:   f2 48 8b e9 e8 ce d1 f4 ff 48 8b d8 48 89 44 24
0x00007ffd0bceb3b9:   48 41 b8 01 00 00 00 8b d7 48 8b c8 e8 36 d1 f4
0x00007ffd0bceb3c9:   ff 48 8b c8 44 0f b6 c6 48 8b d5 e8 97 fa ff ff
0x00007ffd0bceb3d9:   48 8b f8 48 8b cb e8 9c d2 f4 ff 90 48 8b c7 48
0x00007ffd0bceb3e9:   8b 5c 24 30 48 8b 6c 24 38 48 8b 74 24 40 48 83
0x00007ffd0bceb3f9:   c4 20 5f c3 cc cc cc 48 8b 49 28 e9 47 07 00 00
0x00007ffd0bceb409:   cc cc cc cc cc cc cc 48 89 5c 24 08 57 48 83 ec
0x00007ffd0bceb419:   20 8b f9 e8 5f d1 f4 ff 48 8b d8 48 89 44 24 38
0x00007ffd0bceb429:   41 b8 01 00 00 00 8b d7 48 8b c8 e8 c7 d0 f4 ff
0x00007ffd0bceb439:   48 8b 08 8b 39 48 8b cb e8 3a d2 f4 ff 90 8b c7
0x00007ffd0bceb449:   48 8b 5c 24 30 48 83 c4 20 5f c3 cc cc cc cc cc
0x00007ffd0bceb459:   cc cc cc cc cc cc cc 48 89 5c 24 08 57 48 83 ec
0x00007ffd0bceb469:   20 8b f9 e8 0f d1 f4 ff 48 8b d8 48 89 44 24 38
0x00007ffd0bceb479:   41 b8 01 00 00 00 8b d7 48 8b c8 e8 77 d0 f4 ff
0x00007ffd0bceb489:   48 8b 78 28 48 8b cb e8 eb d1 f4 ff 90 48 8b c7
0x00007ffd0bceb499:   48 8b 5c 24 30 48 83 c4 20 5f c3 cc cc cc cc cc
0x00007ffd0bceb4a9:   cc cc cc cc cc cc cc 48 89 5c 24 08 57 48 83 ec
0x00007ffd0bceb4b9:   20 8b f9 e8 bf d0 f4 ff 48 8b d8 48 89 44 24 38
0x00007ffd0bceb4c9:   41 b8 01 00 00 00 8b d7 48 8b c8 e8 27 d0 f4 ff
0x00007ffd0bceb4d9:   48 8b 78 30 48 8b cb e8 9b d1 f4 ff 90 48 8b c7
0x00007ffd0bceb4e9:   48 8b 5c 24 30 48 83 c4 20 5f c3 cc cc cc cc cc
0x00007ffd0bceb4f9:   cc cc cc cc cc cc cc 48 89 5c 24 08 57 48 83 ec
0x00007ffd0bceb509:   20 8b f9 e8 6f d0 f4 ff 48 8b d8 48 89 44 24 38
0x00007ffd0bceb519:   41 b8 01 00 00 00 8b d7 48 8b c8 e8 d7 cf f4 ff
0x00007ffd0bceb529:   48 8b 78 08 48 85 ff 74 07 48 8b bf 08 0c 00 00
0x00007ffd0bceb539:   48 8b cb e8 3f d1 f4 ff 90 48 8b c7 48 8b 5c 24
0x00007ffd0bceb549:   30 48 83 c4 20 5f c3 f3 0f 10 41 48 c3 cc cc cc
0x00007ffd0bceb559:   cc cc cc cc cc cc cc f3 0f 10 41 4c c3 cc cc cc
0x00007ffd0bceb569:   cc cc cc cc cc cc cc 48 89 5c 24 10 48 89 6c 24
0x00007ffd0bceb579:   18 48 89 74 24 20 57 48 81 ec 20 01 00 00 48 8b 


Stack slot to memory mapping:
stack at sp + 0 slots: 0x00007ffd0bd4c848 awt.dll
stack at sp + 1 slots: 0x000001ccef5c7030 points into unknown readable memory: 0x646a002a00000001 | 01 00 00 00 2a 00 6a 64
stack at sp + 2 slots: 0x0 is NULL
stack at sp + 3 slots: 0xfffffff400000000 is an unknown value
stack at sp + 4 slots: 0x0 is NULL
stack at sp + 5 slots: 0x00007ffd0bc2f930 awt.dll
stack at sp + 6 slots: 0x000001ccef5c7030 points into unknown readable memory: 0x646a002a00000001 | 01 00 00 00 2a 00 6a 64
stack at sp + 7 slots: 0x000001ccfe78b910 points into unknown readable memory: 0x000001cc932b0be0 | e0 0b 2b 93 cc 01 00 00


---------------  P R O C E S S  ---------------

Threads class SMR info:
_java_thread_list=0x000001ccfe7b9f90, length=18, elements={
0x000001ccf97e27e0, 0x000001ccf97e35f0, 0x000001ccf992d640, 0x000001ccf992e320,
0x000001ccf9922a30, 0x000001ccf9925ac0, 0x000001ccf9933e80, 0x000001ccf9972640,
0x000001ccf980e8a0, 0x000001ccf9a940a0, 0x000001ccf9a95030, 0x000001ccfe09ea10,
0x000001ccfe0a0f00, 0x000001ccfe0a3740, 0x000001ccfe0a8440, 0x000001cced33e000,
0x000001ccfe3fd710, 0x000001ccfe411fd0
}

Java Threads: ( => current thread )
  0x000001ccf97e27e0 JavaThread "Reference Handler" daemon [_thread_blocked, id=8384, stack(0x000000c942000000,0x000000c942100000)]
  0x000001ccf97e35f0 JavaThread "Finalizer" daemon [_thread_blocked, id=6408, stack(0x000000c942100000,0x000000c942200000)]
  0x000001ccf992d640 JavaThread "Signal Dispatcher" daemon [_thread_blocked, id=5876, stack(0x000000c942200000,0x000000c942300000)]
  0x000001ccf992e320 JavaThread "Attach Listener" daemon [_thread_blocked, id=6676, stack(0x000000c942300000,0x000000c942400000)]
  0x000001ccf9922a30 JavaThread "Service Thread" daemon [_thread_blocked, id=9024, stack(0x000000c942400000,0x000000c942500000)]
  0x000001ccf9925ac0 JavaThread "Monitor Deflation Thread" daemon [_thread_blocked, id=2384, stack(0x000000c942500000,0x000000c942600000)]
  0x000001ccf9933e80 JavaThread "C2 CompilerThread0" daemon [_thread_blocked, id=6284, stack(0x000000c942600000,0x000000c942700000)]
  0x000001ccf9972640 JavaThread "C1 CompilerThread0" daemon [_thread_blocked, id=4648, stack(0x000000c942700000,0x000000c942800000)]
  0x000001ccf980e8a0 JavaThread "Sweeper thread" daemon [_thread_blocked, id=9912, stack(0x000000c942800000,0x000000c942900000)]
  0x000001ccf9a940a0 JavaThread "Notification Thread" daemon [_thread_blocked, id=5036, stack(0x000000c942900000,0x000000c942a00000)]
  0x000001ccf9a95030 JavaThread "Common-Cleaner" daemon [_thread_blocked, id=3920, stack(0x000000c942b00000,0x000000c942c00000)]
  0x000001ccfe09ea10 JavaThread "Java2D Disposer" daemon [_thread_blocked, id=5560, stack(0x000000c942c00000,0x000000c942d00000)]
  0x000001ccfe0a0f00 JavaThread "AWT-Shutdown" [_thread_blocked, id=3476, stack(0x000000c942d00000,0x000000c942e00000)]
=>0x000001ccfe0a3740 JavaThread "AWT-Windows" daemon [_thread_in_native, id=7268, stack(0x000000c942e00000,0x000000c942f00000)]
  0x000001ccfe0a8440 JavaThread "AWT-EventQueue-0" [_thread_in_native, id=4608, stack(0x000000c942f00000,0x000000c943000000)]
  0x000001cced33e000 JavaThread "DestroyJavaVM" [_thread_blocked, id=5596, stack(0x000000c941900000,0x000000c941a00000)]
  0x000001ccfe3fd710 JavaThread "TimerQueue" daemon [_thread_blocked, id=10224, stack(0x000000c943900000,0x000000c943a00000)]
  0x000001ccfe411fd0 JavaThread "D3D Screen Updater" daemon [_thread_blocked, id=7440, stack(0x000000c943b00000,0x000000c943c00000)]

Other Threads:
  0x000001ccf9762a20 VMThread "VM Thread" [stack: 0x000000c941f00000,0x000000c942000000] [id=6956]
  0x000001ccf9a94d90 WatcherThread [stack: 0x000000c942a00000,0x000000c942b00000] [id=4232]
  0x000001ccef55c8a0 GCTaskThread "GC Thread#0" [stack: 0x000000c941a00000,0x000000c941b00000] [id=5860]
  0x000001ccfe76b260 GCTaskThread "GC Thread#1" [stack: 0x000000c943c00000,0x000000c943d00000] [id=9992]
  0x000001ccfe76b520 GCTaskThread "GC Thread#2" [stack: 0x000000c943d00000,0x000000c943e00000] [id=5484]
  0x000001ccfe721910 GCTaskThread "GC Thread#3" [stack: 0x000000c943e00000,0x000000c943f00000] [id=4336]
  0x000001ccef56c6f0 ConcurrentGCThread "G1 Main Marker" [stack: 0x000000c941b00000,0x000000c941c00000] [id=808]
  0x000001ccef56f900 ConcurrentGCThread "G1 Conc#0" [stack: 0x000000c941c00000,0x000000c941d00000] [id=6768]
  0x000001ccf9620090 ConcurrentGCThread "G1 Refine#0" [stack: 0x000000c941d00000,0x000000c941e00000] [id=7648]
  0x000001ccf96212a0 ConcurrentGCThread "G1 Service" [stack: 0x000000c941e00000,0x000000c941f00000] [id=4428]

Threads with active compile tasks:

VM state: not at safepoint (normal execution)

VM Mutex/Monitor currently owned by a thread: None

Heap address: 0x0000000088800000, size: 1912 MB, Compressed Oops mode: 32-bit

CDS archive(s) not mapped
Compressed class space mapped at: 0x0000000100000000-0x0000000140000000, reserved size: 1073741824
Narrow klass base: 0x0000000000000000, Narrow klass shift: 3, Narrow klass range: 0x140000000

GC Precious Log:
 CPUs: 4 total, 4 available
 Memory: 7647M
 Large Page Support: Disabled
 NUMA Support: Disabled
 Compressed Oops: Enabled (32-bit)
 Heap Region Size: 1M
 Heap Min Capacity: 8M
 Heap Initial Capacity: 120M
 Heap Max Capacity: 1912M
 Pre-touch: Disabled
 Parallel Workers: 4
 Concurrent Workers: 1
 Concurrent Refinement Workers: 4
 Periodic GC: Disabled

Heap:
 garbage-first heap   total 122880K, used 81022K [0x0000000088800000, 0x0000000100000000)
  region size 1024K, 33 young (33792K), 1 survivors (1024K)
 Metaspace       used 14998K, committed 15232K, reserved 1114112K
  class space    used 1546K, committed 1664K, reserved 1048576K

Heap Regions: E=young(eden), S=young(survivor), O=old, HS=humongous(starts), HC=humongous(continues), CS=collection set, F=free, OA=open archive, CA=closed archive, TAMS=top-at-mark-start (previous, next)
|   0|0x0000000088800000, 0x0000000088900000, 0x0000000088900000|100%|HS|  |TAMS 0x0000000088800000, 0x0000000088800000| Complete 
|   1|0x0000000088900000, 0x0000000088a00000, 0x0000000088a00000|100%|HS|  |TAMS 0x0000000088900000, 0x0000000088900000| Complete 
|   2|0x0000000088a00000, 0x0000000088b00000, 0x0000000088b00000|100%|HS|  |TAMS 0x0000000088a00000, 0x0000000088a00000| Complete 
|   3|0x0000000088b00000, 0x0000000088c00000, 0x0000000088c00000|100%|HS|  |TAMS 0x0000000088b00000, 0x0000000088b00000| Complete 
|   4|0x0000000088c00000, 0x0000000088d00000, 0x0000000088d00000|100%|HS|  |TAMS 0x0000000088c00000, 0x0000000088c00000| Complete 
|   5|0x0000000088d00000, 0x0000000088e00000, 0x0000000088e00000|100%|HS|  |TAMS 0x0000000088d00000, 0x0000000088d00000| Complete 
|   6|0x0000000088e00000, 0x0000000088f00000, 0x0000000088f00000|100%|HS|  |TAMS 0x0000000088e00000, 0x0000000088e00000| Complete 
|   7|0x0000000088f00000, 0x0000000089000000, 0x0000000089000000|100%|HS|  |TAMS 0x0000000088f00000, 0x0000000088f00000| Complete 
|   8|0x0000000089000000, 0x0000000089100000, 0x0000000089100000|100%|HS|  |TAMS 0x0000000089000000, 0x0000000089000000| Complete 
|   9|0x0000000089100000, 0x0000000089200000, 0x0000000089200000|100%|HS|  |TAMS 0x0000000089100000, 0x0000000089100000| Complete 
|  10|0x0000000089200000, 0x0000000089300000, 0x0000000089300000|100%|HS|  |TAMS 0x0000000089200000, 0x0000000089200000| Complete 
|  11|0x0000000089300000, 0x0000000089400000, 0x0000000089400000|100%|HS|  |TAMS 0x0000000089300000, 0x0000000089300000| Complete 
|  12|0x0000000089400000, 0x0000000089500000, 0x0000000089500000|100%|HS|  |TAMS 0x0000000089400000, 0x0000000089400000| Complete 
|  13|0x0000000089500000, 0x0000000089600000, 0x0000000089600000|100%|HS|  |TAMS 0x0000000089500000, 0x0000000089500000| Complete 
|  14|0x0000000089600000, 0x0000000089700000, 0x0000000089700000|100%|HS|  |TAMS 0x0000000089600000, 0x0000000089600000| Complete 
|  15|0x0000000089700000, 0x0000000089800000, 0x0000000089800000|100%|HS|  |TAMS 0x0000000089700000, 0x0000000089700000| Complete 
|  16|0x0000000089800000, 0x0000000089900000, 0x0000000089900000|100%|HS|  |TAMS 0x0000000089800000, 0x0000000089800000| Complete 
|  17|0x0000000089900000, 0x0000000089a00000, 0x0000000089a00000|100%|HS|  |TAMS 0x0000000089900000, 0x0000000089900000| Complete 
|  18|0x0000000089a00000, 0x0000000089b00000, 0x0000000089b00000|100%|HS|  |TAMS 0x0000000089a00000, 0x0000000089a00000| Complete 
|  19|0x0000000089b00000, 0x0000000089c00000, 0x0000000089c00000|100%|HS|  |TAMS 0x0000000089b00000, 0x0000000089b00000| Complete 
|  20|0x0000000089c00000, 0x0000000089d00000, 0x0000000089d00000|100%|HS|  |TAMS 0x0000000089c00000, 0x0000000089c00000| Complete 
|  21|0x0000000089d00000, 0x0000000089e00000, 0x0000000089e00000|100%|HS|  |TAMS 0x0000000089d00000, 0x0000000089d00000| Complete 
|  22|0x0000000089e00000, 0x0000000089f00000, 0x0000000089f00000|100%|HS|  |TAMS 0x0000000089e00000, 0x0000000089e00000| Complete 
|  23|0x0000000089f00000, 0x000000008a000000, 0x000000008a000000|100%| O|  |TAMS 0x0000000089f00000, 0x0000000089f00000| Untracked 
|  24|0x000000008a000000, 0x000000008a0d0e00, 0x000000008a100000| 81%| O|  |TAMS 0x000000008a000000, 0x000000008a000000| Untracked 
|  25|0x000000008a100000, 0x000000008a200000, 0x000000008a200000|100%|HS|  |TAMS 0x000000008a100000, 0x000000008a100000| Complete 
|  26|0x000000008a200000, 0x000000008a300000, 0x000000008a300000|100%|HS|  |TAMS 0x000000008a200000, 0x000000008a200000| Complete 
|  27|0x000000008a300000, 0x000000008a400000, 0x000000008a400000|100%|HS|  |TAMS 0x000000008a300000, 0x000000008a300000| Complete 
|  28|0x000000008a400000, 0x000000008a500000, 0x000000008a500000|100%|HS|  |TAMS 0x000000008a400000, 0x000000008a400000| Complete 
|  29|0x000000008a500000, 0x000000008a600000, 0x000000008a600000|100%|HS|  |TAMS 0x000000008a500000, 0x000000008a500000| Complete 
|  30|0x000000008a600000, 0x000000008a700000, 0x000000008a700000|100%|HS|  |TAMS 0x000000008a600000, 0x000000008a600000| Complete 
|  31|0x000000008a700000, 0x000000008a800000, 0x000000008a800000|100%|HS|  |TAMS 0x000000008a700000, 0x000000008a700000| Complete 
|  32|0x000000008a800000, 0x000000008a900000, 0x000000008a900000|100%|HS|  |TAMS 0x000000008a800000, 0x000000008a800000| Complete 
|  33|0x000000008a900000, 0x000000008aa00000, 0x000000008aa00000|100%|HS|  |TAMS 0x000000008a900000, 0x000000008a900000| Complete 
|  34|0x000000008aa00000, 0x000000008ab00000, 0x000000008ab00000|100%|HS|  |TAMS 0x000000008aa00000, 0x000000008aa00000| Complete 
|  35|0x000000008ab00000, 0x000000008ac00000, 0x000000008ac00000|100%|HS|  |TAMS 0x000000008ab00000, 0x000000008ab00000| Complete 
|  36|0x000000008ac00000, 0x000000008ad00000, 0x000000008ad00000|100%|HS|  |TAMS 0x000000008ac00000, 0x000000008ac00000| Complete 
|  37|0x000000008ad00000, 0x000000008ae00000, 0x000000008ae00000|100%|HS|  |TAMS 0x000000008ad00000, 0x000000008ad00000| Complete 
|  38|0x000000008ae00000, 0x000000008af00000, 0x000000008af00000|100%|HS|  |TAMS 0x000000008ae00000, 0x000000008ae00000| Complete 
|  39|0x000000008af00000, 0x000000008b000000, 0x000000008b000000|100%|HS|  |TAMS 0x000000008af00000, 0x000000008af00000| Complete 
|  40|0x000000008b000000, 0x000000008b100000, 0x000000008b100000|100%|HS|  |TAMS 0x000000008b000000, 0x000000008b000000| Complete 
|  41|0x000000008b100000, 0x000000008b200000, 0x000000008b200000|100%|HS|  |TAMS 0x000000008b100000, 0x000000008b100000| Complete 
|  42|0x000000008b200000, 0x000000008b300000, 0x000000008b300000|100%|HS|  |TAMS 0x000000008b200000, 0x000000008b200000| Complete 
|  43|0x000000008b300000, 0x000000008b400000, 0x000000008b400000|100%|HS|  |TAMS 0x000000008b300000, 0x000000008b300000| Complete 
|  44|0x000000008b400000, 0x000000008b500000, 0x000000008b500000|100%|HS|  |TAMS 0x000000008b400000, 0x000000008b400000| Complete 
|  45|0x000000008b500000, 0x000000008b600000, 0x000000008b600000|100%|HS|  |TAMS 0x000000008b500000, 0x000000008b500000| Complete 
|  46|0x000000008b600000, 0x000000008b700000, 0x000000008b700000|100%|HS|  |TAMS 0x000000008b600000, 0x000000008b600000| Complete 
|  47|0x000000008b700000, 0x000000008b800000, 0x000000008b800000|100%|HS|  |TAMS 0x000000008b700000, 0x000000008b700000| Complete 
|  48|0x000000008b800000, 0x000000008b800000, 0x000000008b900000|  0%| F|  |TAMS 0x000000008b800000, 0x000000008b800000| Untracked 
|  49|0x000000008b900000, 0x000000008b900000, 0x000000008ba00000|  0%| F|  |TAMS 0x000000008b900000, 0x000000008b900000| Untracked 
|  50|0x000000008ba00000, 0x000000008ba00000, 0x000000008bb00000|  0%| F|  |TAMS 0x000000008ba00000, 0x000000008ba00000| Untracked 
|  51|0x000000008bb00000, 0x000000008bb00000, 0x000000008bc00000|  0%| F|  |TAMS 0x000000008bb00000, 0x000000008bb00000| Untracked 
|  52|0x000000008bc00000, 0x000000008bc00000, 0x000000008bd00000|  0%| F|  |TAMS 0x000000008bc00000, 0x000000008bc00000| Untracked 
|  53|0x000000008bd00000, 0x000000008bd00000, 0x000000008be00000|  0%| F|  |TAMS 0x000000008bd00000, 0x000000008bd00000| Untracked 
|  54|0x000000008be00000, 0x000000008be00000, 0x000000008bf00000|  0%| F|  |TAMS 0x000000008be00000, 0x000000008be00000| Untracked 
|  55|0x000000008bf00000, 0x000000008bf00000, 0x000000008c000000|  0%| F|  |TAMS 0x000000008bf00000, 0x000000008bf00000| Untracked 
|  56|0x000000008c000000, 0x000000008c000000, 0x000000008c100000|  0%| F|  |TAMS 0x000000008c000000, 0x000000008c000000| Untracked 
|  57|0x000000008c100000, 0x000000008c100000, 0x000000008c200000|  0%| F|  |TAMS 0x000000008c100000, 0x000000008c100000| Untracked 
|  58|0x000000008c200000, 0x000000008c200000, 0x000000008c300000|  0%| F|  |TAMS 0x000000008c200000, 0x000000008c200000| Untracked 
|  59|0x000000008c300000, 0x000000008c300000, 0x000000008c400000|  0%| F|  |TAMS 0x000000008c300000, 0x000000008c300000| Untracked 
|  60|0x000000008c400000, 0x000000008c400000, 0x000000008c500000|  0%| F|  |TAMS 0x000000008c400000, 0x000000008c400000| Untracked 
|  61|0x000000008c500000, 0x000000008c500000, 0x000000008c600000|  0%| F|  |TAMS 0x000000008c500000, 0x000000008c500000| Untracked 
|  62|0x000000008c600000, 0x000000008c600000, 0x000000008c700000|  0%| F|  |TAMS 0x000000008c600000, 0x000000008c600000| Untracked 
|  63|0x000000008c700000, 0x000000008c700000, 0x000000008c800000|  0%| F|  |TAMS 0x000000008c700000, 0x000000008c700000| Untracked 
|  64|0x000000008c800000, 0x000000008c800000, 0x000000008c900000|  0%| F|  |TAMS 0x000000008c800000, 0x000000008c800000| Untracked 
|  65|0x000000008c900000, 0x000000008c900000, 0x000000008ca00000|  0%| F|  |TAMS 0x000000008c900000, 0x000000008c900000| Untracked 
|  66|0x000000008ca00000, 0x000000008ca00000, 0x000000008cb00000|  0%| F|  |TAMS 0x000000008ca00000, 0x000000008ca00000| Untracked 
|  67|0x000000008cb00000, 0x000000008cb00000, 0x000000008cc00000|  0%| F|  |TAMS 0x000000008cb00000, 0x000000008cb00000| Untracked 
|  68|0x000000008cc00000, 0x000000008cc00000, 0x000000008cd00000|  0%| F|  |TAMS 0x000000008cc00000, 0x000000008cc00000| Untracked 
|  69|0x000000008cd00000, 0x000000008cd00000, 0x000000008ce00000|  0%| F|  |TAMS 0x000000008cd00000, 0x000000008cd00000| Untracked 
|  70|0x000000008ce00000, 0x000000008ce00000, 0x000000008cf00000|  0%| F|  |TAMS 0x000000008ce00000, 0x000000008ce00000| Untracked 
|  71|0x000000008cf00000, 0x000000008cf00000, 0x000000008d000000|  0%| F|  |TAMS 0x000000008cf00000, 0x000000008cf00000| Untracked 
|  72|0x000000008d000000, 0x000000008d000000, 0x000000008d100000|  0%| F|  |TAMS 0x000000008d000000, 0x000000008d000000| Untracked 
|  73|0x000000008d100000, 0x000000008d100000, 0x000000008d200000|  0%| F|  |TAMS 0x000000008d100000, 0x000000008d100000| Untracked 
|  74|0x000000008d200000, 0x000000008d200000, 0x000000008d300000|  0%| F|  |TAMS 0x000000008d200000, 0x000000008d200000| Untracked 
|  75|0x000000008d300000, 0x000000008d300000, 0x000000008d400000|  0%| F|  |TAMS 0x000000008d300000, 0x000000008d300000| Untracked 
|  76|0x000000008d400000, 0x000000008d400000, 0x000000008d500000|  0%| F|  |TAMS 0x000000008d400000, 0x000000008d400000| Untracked 
|  77|0x000000008d500000, 0x000000008d500000, 0x000000008d600000|  0%| F|  |TAMS 0x000000008d500000, 0x000000008d500000| Untracked 
|  78|0x000000008d600000, 0x000000008d600000, 0x000000008d700000|  0%| F|  |TAMS 0x000000008d600000, 0x000000008d600000| Untracked 
|  79|0x000000008d700000, 0x000000008d700000, 0x000000008d800000|  0%| F|  |TAMS 0x000000008d700000, 0x000000008d700000| Untracked 
|  80|0x000000008d800000, 0x000000008d800000, 0x000000008d900000|  0%| F|  |TAMS 0x000000008d800000, 0x000000008d800000| Untracked 
|  81|0x000000008d900000, 0x000000008d900000, 0x000000008da00000|  0%| F|  |TAMS 0x000000008d900000, 0x000000008d900000| Untracked 
|  82|0x000000008da00000, 0x000000008da00000, 0x000000008db00000|  0%| F|  |TAMS 0x000000008da00000, 0x000000008da00000| Untracked 
|  83|0x000000008db00000, 0x000000008db00000, 0x000000008dc00000|  0%| F|  |TAMS 0x000000008db00000, 0x000000008db00000| Untracked 
|  84|0x000000008dc00000, 0x000000008dc00000, 0x000000008dd00000|  0%| F|  |TAMS 0x000000008dc00000, 0x000000008dc00000| Untracked 
|  85|0x000000008dd00000, 0x000000008dd00000, 0x000000008de00000|  0%| F|  |TAMS 0x000000008dd00000, 0x000000008dd00000| Untracked 
|  86|0x000000008de00000, 0x000000008de00000, 0x000000008df00000|  0%| F|  |TAMS 0x000000008de00000, 0x000000008de00000| Untracked 
|  87|0x000000008df00000, 0x000000008dfecd38, 0x000000008e000000| 92%| E|  |TAMS 0x000000008df00000, 0x000000008df00000| Complete 
|  88|0x000000008e000000, 0x000000008e100000, 0x000000008e100000|100%| E|CS|TAMS 0x000000008e000000, 0x000000008e000000| Complete 
|  89|0x000000008e100000, 0x000000008e200000, 0x000000008e200000|100%| E|CS|TAMS 0x000000008e100000, 0x000000008e100000| Complete 
|  90|0x000000008e200000, 0x000000008e300000, 0x000000008e300000|100%| E|CS|TAMS 0x000000008e200000, 0x000000008e200000| Complete 
|  91|0x000000008e300000, 0x000000008e400000, 0x000000008e400000|100%| E|CS|TAMS 0x000000008e300000, 0x000000008e300000| Complete 
|  92|0x000000008e400000, 0x000000008e500000, 0x000000008e500000|100%| E|CS|TAMS 0x000000008e400000, 0x000000008e400000| Complete 
|  93|0x000000008e500000, 0x000000008e600000, 0x000000008e600000|100%| E|CS|TAMS 0x000000008e500000, 0x000000008e500000| Complete 
|  94|0x000000008e600000, 0x000000008e700000, 0x000000008e700000|100%| E|CS|TAMS 0x000000008e600000, 0x000000008e600000| Complete 
|  95|0x000000008e700000, 0x000000008e800000, 0x000000008e800000|100%| E|CS|TAMS 0x000000008e700000, 0x000000008e700000| Complete 
|  96|0x000000008e800000, 0x000000008e900000, 0x000000008e900000|100%| E|CS|TAMS 0x000000008e800000, 0x000000008e800000| Complete 
|  97|0x000000008e900000, 0x000000008ea00000, 0x000000008ea00000|100%| E|CS|TAMS 0x000000008e900000, 0x000000008e900000| Complete 
|  98|0x000000008ea00000, 0x000000008eb00000, 0x000000008eb00000|100%| E|CS|TAMS 0x000000008ea00000, 0x000000008ea00000| Complete 
|  99|0x000000008eb00000, 0x000000008ec00000, 0x000000008ec00000|100%| E|CS|TAMS 0x000000008eb00000, 0x000000008eb00000| Complete 
| 100|0x000000008ec00000, 0x000000008ec4eb00, 0x000000008ed00000| 30%| S|CS|TAMS 0x000000008ec00000, 0x000000008ec00000| Complete 
| 101|0x000000008ed00000, 0x000000008ee00000, 0x000000008ee00000|100%| E|CS|TAMS 0x000000008ed00000, 0x000000008ed00000| Complete 
| 102|0x000000008ee00000, 0x000000008ef00000, 0x000000008ef00000|100%| E|CS|TAMS 0x000000008ee00000, 0x000000008ee00000| Complete 
| 103|0x000000008ef00000, 0x000000008f000000, 0x000000008f000000|100%| E|CS|TAMS 0x000000008ef00000, 0x000000008ef00000| Complete 
| 104|0x000000008f000000, 0x000000008f100000, 0x000000008f100000|100%| E|CS|TAMS 0x000000008f000000, 0x000000008f000000| Complete 
| 105|0x000000008f100000, 0x000000008f200000, 0x000000008f200000|100%| E|CS|TAMS 0x000000008f100000, 0x000000008f100000| Complete 
| 106|0x000000008f200000, 0x000000008f300000, 0x000000008f300000|100%| E|CS|TAMS 0x000000008f200000, 0x000000008f200000| Complete 
| 107|0x000000008f300000, 0x000000008f400000, 0x000000008f400000|100%| E|CS|TAMS 0x000000008f300000, 0x000000008f300000| Complete 
| 108|0x000000008f400000, 0x000000008f500000, 0x000000008f500000|100%| E|CS|TAMS 0x000000008f400000, 0x000000008f400000| Complete 
| 109|0x000000008f500000, 0x000000008f600000, 0x000000008f600000|100%| E|CS|TAMS 0x000000008f500000, 0x000000008f500000| Complete 
| 110|0x000000008f600000, 0x000000008f700000, 0x000000008f700000|100%| E|CS|TAMS 0x000000008f600000, 0x000000008f600000| Complete 
| 111|0x000000008f700000, 0x000000008f800000, 0x000000008f800000|100%| E|CS|TAMS 0x000000008f700000, 0x000000008f700000| Complete 
| 112|0x000000008f800000, 0x000000008f900000, 0x000000008f900000|100%| E|CS|TAMS 0x000000008f800000, 0x000000008f800000| Complete 
| 113|0x000000008f900000, 0x000000008fa00000, 0x000000008fa00000|100%| E|CS|TAMS 0x000000008f900000, 0x000000008f900000| Complete 
| 114|0x000000008fa00000, 0x000000008fb00000, 0x000000008fb00000|100%| E|CS|TAMS 0x000000008fa00000, 0x000000008fa00000| Complete 
| 115|0x000000008fb00000, 0x000000008fc00000, 0x000000008fc00000|100%| E|CS|TAMS 0x000000008fb00000, 0x000000008fb00000| Complete 
| 116|0x000000008fc00000, 0x000000008fd00000, 0x000000008fd00000|100%| E|CS|TAMS 0x000000008fc00000, 0x000000008fc00000| Complete 
| 117|0x000000008fd00000, 0x000000008fe00000, 0x000000008fe00000|100%| E|CS|TAMS 0x000000008fd00000, 0x000000008fd00000| Complete 
| 118|0x000000008fe00000, 0x000000008ff00000, 0x000000008ff00000|100%| E|CS|TAMS 0x000000008fe00000, 0x000000008fe00000| Complete 
| 119|0x000000008ff00000, 0x0000000090000000, 0x0000000090000000|100%| E|CS|TAMS 0x000000008ff00000, 0x000000008ff00000| Complete 

Card table byte_map: [0x000001ccf2fa0000,0x000001ccf3360000] _byte_map_base: 0x000001ccf2b5c000

Marking Bits (Prev, Next): (CMBitMap*) 0x000001ccef55cec0, (CMBitMap*) 0x000001ccef55cf00
 Prev Bits: [0x000001ccf3720000, 0x000001ccf5500000)
 Next Bits: [0x000001ccf5500000, 0x000001ccf72e0000)

Polling page: 0x000001cced450000

Metaspace:

Usage:
  Non-class:     13.14 MB used.
      Class:      1.51 MB used.
       Both:     14.65 MB used.

Virtual space:
  Non-class space:       64.00 MB reserved,      13.25 MB ( 21%) committed,  1 nodes.
      Class space:        1.00 GB reserved,       1.62 MB ( <1%) committed,  1 nodes.
             Both:        1.06 GB reserved,      14.88 MB (  1%) committed. 

Chunk freelists:
   Non-Class:  2.48 MB
       Class:  14.25 MB
        Both:  16.73 MB

MaxMetaspaceSize: unlimited
CompressedClassSpaceSize: 1.00 GB
Initial GC threshold: 21.00 MB
Current GC threshold: 21.00 MB
CDS: off
MetaspaceReclaimPolicy: balanced
 - commit_granule_bytes: 65536.
 - commit_granule_words: 8192.
 - virtual_space_node_default_size: 8388608.
 - enlarge_chunks_in_place: 1.
 - new_chunks_are_fully_committed: 0.
 - uncommit_free_chunks: 1.
 - use_allocation_guard: 0.
 - handle_deallocations: 1.


Internal statistics:

num_allocs_failed_limit: 0.
num_arena_births: 122.
num_arena_deaths: 0.
num_vsnodes_births: 2.
num_vsnodes_deaths: 0.
num_space_committed: 238.
num_space_uncommitted: 0.
num_chunks_returned_to_freelist: 0.
num_chunks_taken_from_freelist: 194.
num_chunk_merges: 0.
num_chunk_splits: 102.
num_chunks_enlarged: 49.
num_inconsistent_stats: 0.

CodeHeap 'non-profiled nmethods': size=120000Kb used=392Kb max_used=392Kb free=119607Kb
 bounds [0x000001cc87ad0000, 0x000001cc87d40000, 0x000001cc8f000000]
CodeHeap 'profiled nmethods': size=120000Kb used=1609Kb max_used=1609Kb free=118390Kb
 bounds [0x000001cc80000000, 0x000001cc80270000, 0x000001cc87530000]
CodeHeap 'non-nmethods': size=5760Kb used=1286Kb max_used=1303Kb free=4473Kb
 bounds [0x000001cc87530000, 0x000001cc877a0000, 0x000001cc87ad0000]
 total_blobs=1670 nmethods=1054 adapters=530
 compilation: enabled
              stopped_count=0, restarted_count=0
 full_count=0

Compilation events (20 events):
Event: 585.659 Thread 0x000001ccf9933e80 1046       4       sun.java2d.d3d.D3DSurfaceData$D3DWindowSurfaceData::isDirty (18 bytes)
Event: 585.661 Thread 0x000001ccf9933e80 nmethod 1046 0x000001cc87b30190 code [0x000001cc87b30320, 0x000001cc87b303f8]
Event: 594.873 Thread 0x000001ccf9933e80 1047       4       java.util.ArrayList::toArray (57 bytes)
Event: 594.881 Thread 0x000001ccf9933e80 nmethod 1047 0x000001cc87b30510 code [0x000001cc87b306a0, 0x000001cc87b30b18]
Event: 2882.849 Thread 0x000001ccf9972640 1048   !   3       java.lang.ref.ReferenceQueue::remove (125 bytes)
Event: 2882.856 Thread 0x000001ccf9972640 nmethod 1048 0x000001cc80185890 code [0x000001cc80185aa0, 0x000001cc80186258]
Event: 3307.134 Thread 0x000001ccf9972640 1049 % !   3       sun.java2d.d3d.D3DScreenUpdateManager::run @ 105 (267 bytes)
Event: 3307.176 Thread 0x000001ccf9972640 nmethod 1049% 0x000001cc80186590 code [0x000001cc801869e0, 0x000001cc80189168]
Event: 3363.407 Thread 0x000001ccf9972640 1050 % !   3       sun.java2d.d3d.D3DScreenUpdateManager::run @ 0 (267 bytes)
Event: 3363.412 Thread 0x000001ccf9972640 nmethod 1050% 0x000001cc8018a190 code [0x000001cc8018a5e0, 0x000001cc8018cce8]
Event: 3419.390 Thread 0x000001ccf9972640 1051   !   3       sun.java2d.d3d.D3DScreenUpdateManager::run (267 bytes)
Event: 3419.395 Thread 0x000001ccf9972640 nmethod 1051 0x000001cc8018dc90 code [0x000001cc8018e0e0, 0x000001cc80190768]
Event: 4383.073 Thread 0x000001ccf9972640 1052   !   3       jdk.internal.ref.PhantomCleanable::isListEmpty (34 bytes)
Event: 4383.079 Thread 0x000001ccf9972640 nmethod 1052 0x000001cc80191710 code [0x000001cc801918a0, 0x000001cc80191af8]
Event: 4383.079 Thread 0x000001ccf9972640 1053       3       jdk.internal.misc.InnocuousThread::eraseThreadLocals (23 bytes)
Event: 4383.082 Thread 0x000001ccf9972640 nmethod 1053 0x000001cc80191c10 code [0x000001cc80191da0, 0x000001cc80191f98]
Event: 5546.520 Thread 0x000001ccf9933e80 1054 % !   4       sun.java2d.d3d.D3DScreenUpdateManager::run @ 0 (267 bytes)
Event: 5546.543 Thread 0x000001ccf9933e80 nmethod 1054% 0x000001cc87b30c90 code [0x000001cc87b30e60, 0x000001cc87b31bb8]
Event: 6040.687 Thread 0x000001ccf9972640 1055       3       java.lang.invoke.ConstantCallSite::getTarget (20 bytes)
Event: 6040.689 Thread 0x000001ccf9972640 nmethod 1055 0x000001cc80192010 code [0x000001cc801921c0, 0x000001cc801923c8]

GC Heap History (4 events):
Event: 2.010 GC heap before
{Heap before GC invocations=0 (full 0):
 garbage-first heap   total 122880K, used 20480K [0x0000000088800000, 0x0000000100000000)
  region size 1024K, 13 young (13312K), 0 survivors (0K)
 Metaspace       used 13282K, committed 13504K, reserved 1114112K
  class space    used 1305K, committed 1408K, reserved 1048576K
}
Event: 2.016 GC heap after
{Heap after GC invocations=1 (full 0):
 garbage-first heap   total 122880K, used 9140K [0x0000000088800000, 0x0000000100000000)
  region size 1024K, 2 young (2048K), 2 survivors (2048K)
 Metaspace       used 13282K, committed 13504K, reserved 1114112K
  class space    used 1305K, committed 1408K, reserved 1048576K
}
Event: 2.511 GC heap before
{Heap before GC invocations=1 (full 0):
 garbage-first heap   total 122880K, used 42932K [0x0000000088800000, 0x0000000100000000)
  region size 1024K, 19 young (19456K), 2 survivors (2048K)
 Metaspace       used 13312K, committed 13504K, reserved 1114112K
  class space    used 1305K, committed 1408K, reserved 1048576K
}
Event: 2.516 GC heap after
{Heap after GC invocations=2 (full 0):
 garbage-first heap   total 122880K, used 20606K [0x0000000088800000, 0x0000000100000000)
  region size 1024K, 1 young (1024K), 1 survivors (1024K)
 Metaspace       used 13312K, committed 13504K, reserved 1114112K
  class space    used 1305K, committed 1408K, reserved 1048576K
}

Dll operation events (9 events):
Event: 0.022 Loaded shared library C:\Users\ariza\.p2\pool\plugins\org.eclipse.justj.openjdk.hotspot.jre.full.win32.x86_64_17.0.9.v20231028-0858\jre\bin\java.dll
Event: 0.441 Loaded shared library C:\Users\ariza\.p2\pool\plugins\org.eclipse.justj.openjdk.hotspot.jre.full.win32.x86_64_17.0.9.v20231028-0858\jre\bin\verify.dll
Event: 0.480 Loaded shared library C:\Users\ariza\.p2\pool\plugins\org.eclipse.justj.openjdk.hotspot.jre.full.win32.x86_64_17.0.9.v20231028-0858\jre\bin\jimage.dll
Event: 0.510 Loaded shared library C:\Users\ariza\.p2\pool\plugins\org.eclipse.justj.openjdk.hotspot.jre.full.win32.x86_64_17.0.9.v20231028-0858\jre\bin\net.dll
Event: 0.518 Loaded shared library C:\Users\ariza\.p2\pool\plugins\org.eclipse.justj.openjdk.hotspot.jre.full.win32.x86_64_17.0.9.v20231028-0858\jre\bin\nio.dll
Event: 0.531 Loaded shared library C:\Users\ariza\.p2\pool\plugins\org.eclipse.justj.openjdk.hotspot.jre.full.win32.x86_64_17.0.9.v20231028-0858\jre\bin\zip.dll
Event: 0.609 Loaded shared library C:\Users\ariza\.p2\pool\plugins\org.eclipse.justj.openjdk.hotspot.jre.full.win32.x86_64_17.0.9.v20231028-0858\jre\bin\awt.dll
Event: 1.256 Loaded shared library C:\Users\ariza\.p2\pool\plugins\org.eclipse.justj.openjdk.hotspot.jre.full.win32.x86_64_17.0.9.v20231028-0858\jre\bin\freetype.dll
Event: 1.259 Loaded shared library C:\Users\ariza\.p2\pool\plugins\org.eclipse.justj.openjdk.hotspot.jre.full.win32.x86_64_17.0.9.v20231028-0858\jre\bin\fontmanager.dll

Deoptimization events (20 events):
Event: 2.071 Thread 0x000001ccfe3b0050 DEOPT PACKING pc=0x000001cc8010daab sp=0x000000c9438fe9a0
Event: 2.071 Thread 0x000001ccfe3b0050 DEOPT UNPACKING pc=0x000001cc87587143 sp=0x000000c9438fde40 mode 0
Event: 2.075 Thread 0x000001ccfe3b0050 DEOPT PACKING pc=0x000001cc8010daab sp=0x000000c9438fe9a0
Event: 2.075 Thread 0x000001ccfe3b0050 DEOPT UNPACKING pc=0x000001cc87587143 sp=0x000000c9438fde40 mode 0
Event: 2.079 Thread 0x000001ccfe3b0050 DEOPT PACKING pc=0x000001cc8010daab sp=0x000000c9438fe9a0
Event: 2.079 Thread 0x000001ccfe3b0050 DEOPT UNPACKING pc=0x000001cc87587143 sp=0x000000c9438fde40 mode 0
Event: 466.393 Thread 0x000001ccfe411fd0 Uncommon trap: trap_request=0xffffffcc fr.pc=0x000001cc87b2eb44 relative=0x0000000000000224
Event: 466.393 Thread 0x000001ccfe411fd0 Uncommon trap: reason=intrinsic_or_type_checked_inlining action=make_not_entrant pc=0x000001cc87b2eb44 method=java.util.Arrays.copyOf([Ljava/lang/Object;ILjava/lang/Class;)[Ljava/lang/Object; @ 35 c2
Event: 466.393 Thread 0x000001ccfe411fd0 DEOPT PACKING pc=0x000001cc87b2eb44 sp=0x000000c943bff260
Event: 466.393 Thread 0x000001ccfe411fd0 DEOPT UNPACKING pc=0x000001cc875869a3 sp=0x000000c943bff1f0 mode 2
Event: 580.814 Thread 0x000001ccfe411fd0 Uncommon trap: trap_request=0xffffffdc fr.pc=0x000001cc87b2fe08 relative=0x0000000000000168
Event: 580.814 Thread 0x000001ccfe411fd0 Uncommon trap: reason=class_check action=make_not_entrant pc=0x000001cc87b2fe08 method=java.util.ArrayList.toArray([Ljava/lang/Object;)[Ljava/lang/Object; @ 21 c2
Event: 580.814 Thread 0x000001ccfe411fd0 DEOPT PACKING pc=0x000001cc87b2fe08 sp=0x000000c943bff2c0
Event: 580.814 Thread 0x000001ccfe411fd0 DEOPT UNPACKING pc=0x000001cc875869a3 sp=0x000000c943bff280 mode 2
Event: 5992.747 Thread 0x000001ccfe411fd0 DEOPT PACKING pc=0x000001cc8018ca5b sp=0x000000c943bff280
Event: 5992.754 Thread 0x000001ccfe411fd0 DEOPT UNPACKING pc=0x000001cc87587143 sp=0x000000c943bfe810 mode 0
Event: 6037.542 Thread 0x000001ccfe411fd0 Uncommon trap: trap_request=0xffffff45 fr.pc=0x000001cc87b303a4 relative=0x0000000000000084
Event: 6037.542 Thread 0x000001ccfe411fd0 Uncommon trap: reason=unstable_if action=reinterpret pc=0x000001cc87b303a4 method=sun.java2d.StateTrackableDelegate$1.isCurrent()Z @ 8 c2
Event: 6037.542 Thread 0x000001ccfe411fd0 DEOPT PACKING pc=0x000001cc87b303a4 sp=0x000000c943bff300
Event: 6037.542 Thread 0x000001ccfe411fd0 DEOPT UNPACKING pc=0x000001cc875869a3 sp=0x000000c943bff238 mode 2

Classes unloaded (0 events):
No events

Classes redefined (0 events):
No events

Internal exceptions (16 events):
Event: 0.582 Thread 0x000001cced33e000 Exception <a 'java/lang/ClassNotFoundException'{0x000000008fe40aa0}: sun/awt/resources/spi/awtProvider> (0x000000008fe40aa0) 
thrown [s\src\hotspot\share\classfile\systemDictionary.cpp, line 256]
Event: 0.650 Thread 0x000001cced33e000 Exception <a 'java/io/FileNotFoundException'{0x000000008fe9aa18}> (0x000000008fe9aa18) 
thrown [s\src\hotspot\share\prims\jni.cpp, line 516]
Event: 0.666 Thread 0x000001cced33e000 Exception <a 'java/io/FileNotFoundException'{0x000000008fec7990}> (0x000000008fec7990) 
thrown [s\src\hotspot\share\prims\jni.cpp, line 516]
Event: 0.762 Thread 0x000001cced33e000 Exception <a 'java/lang/NoSuchMethodError'{0x000000008fefdff0}: 'java.lang.Object java.lang.invoke.DirectMethodHandle$Holder.invokeStaticInit(java.lang.Object)'> (0x000000008fefdff0) 
thrown [s\src\hotspot\share\interpreter\linkResolver.cpp, line 759]
Event: 0.981 Thread 0x000001ccfe0a8440 Exception <a 'java/lang/NoSuchMethodError'{0x000000008fc12ac8}: 'void java.lang.invoke.DirectMethodHandle$Holder.invokeSpecial(java.lang.Object, java.lang.Object, java.lang.Object)'> (0x000000008fc12ac8) 
thrown [s\src\hotspot\share\interpreter\linkResolver.cpp, line 759]
Event: 1.000 Thread 0x000001ccfe0a8440 Exception <a 'java/lang/NoSuchMethodError'{0x000000008fc3cd50}: 'java.lang.Object java.lang.invoke.DirectMethodHandle$Holder.newInvokeSpecial(java.lang.Object, java.lang.Object, java.lang.Object, java.lang.Object, java.lang.Object)'> (0x000000008fc3cd50) 
thrown [s\src\hotspot\share\interpreter\linkResolver.cpp, line 759]
Event: 1.005 Thread 0x000001ccfe0a8440 Exception <a 'java/lang/NoSuchMethodError'{0x000000008fc489a8}: 'java.lang.Object java.lang.invoke.DirectMethodHandle$Holder.invokeStatic(java.lang.Object, int, java.lang.Object, java.lang.Object, java.lang.Object, java.lang.Object)'> (0x000000008fc489a8) 
thrown [s\src\hotspot\share\interpreter\linkResolver.cpp, line 759]
Event: 1.016 Thread 0x000001ccfe0a8440 Exception <a 'java/lang/NoSuchMethodError'{0x000000008fc6e168}: 'java.lang.Object java.lang.invoke.DirectMethodHandle$Holder.invokeStatic(java.lang.Object, int, java.lang.Object)'> (0x000000008fc6e168) 
thrown [s\src\hotspot\share\interpreter\linkResolver.cpp, line 759]
Event: 1.086 Thread 0x000001ccfe0a8440 Exception <a 'java/lang/ClassNotFoundException'{0x000000008fb26710}: com/sun/swing/internal/plaf/metal/resources/spi/metalProvider> (0x000000008fb26710) 
thrown [s\src\hotspot\share\classfile\systemDictionary.cpp, line 256]
Event: 1.088 Thread 0x000001ccfe0a8440 Exception <a 'java/lang/ClassNotFoundException'{0x000000008fb2a5e8}: com/sun/swing/internal/plaf/basic/resources/spi/basicProvider> (0x000000008fb2a5e8) 
thrown [s\src\hotspot\share\classfile\systemDictionary.cpp, line 256]
Event: 1.130 Thread 0x000001ccfe3b0050 Exception <a 'java/lang/NoSuchMethodError'{0x000000008fb968c0}: 'java.lang.Object java.lang.invoke.DirectMethodHandle$Holder.newInvokeSpecial(java.lang.Object, java.lang.Object, java.lang.Object, int, int, int, int, int)'> (0x000000008fb968c0) 
thrown [s\src\hotspot\share\interpreter\linkResolver.cpp, line 759]
Event: 1.245 Thread 0x000001ccfe0a8440 Exception <a 'java/lang/NoSuchMethodError'{0x000000008fb72fb0}: 'void java.lang.invoke.DirectMethodHandle$Holder.invokeStaticInit(java.lang.Object)'> (0x000000008fb72fb0) 
thrown [s\src\hotspot\share\interpreter\linkResolver.cpp, line 759]
Event: 1.373 Thread 0x000001ccfe0a3740 Exception <a 'java/lang/NoSuchMethodError'{0x000000008fd52cd0}: 'void java.lang.invoke.DirectMethodHandle$Holder.invokeVirtual(java.lang.Object, java.lang.Object)'> (0x000000008fd52cd0) 
thrown [s\src\hotspot\share\interpreter\linkResolver.cpp, line 759]
Event: 1.801 Thread 0x000001ccfe3b0050 Implicit null exception at 0x000001cc87b03dfd to 0x000001cc87b042b8
Event: 3.703 Thread 0x000001ccfe0a8440 Exception <a 'java/lang/NoSuchMethodError'{0x000000008ffaadf8}: 'void java.lang.invoke.DirectMethodHandle$Holder.invokeStatic(java.lang.Object, java.lang.Object, java.lang.Object)'> (0x000000008ffaadf8) 
thrown [s\src\hotspot\share\interpreter\linkResolver.cpp, line 759]
Event: 3.710 Thread 0x000001ccfe0a8440 Exception <a 'java/lang/NoSuchMethodError'{0x000000008ffb15b8}: 'void java.lang.invoke.DirectMethodHandle$Holder.invokeStatic(java.lang.Object, java.lang.Object)'> (0x000000008ffb15b8) 
thrown [s\src\hotspot\share\interpreter\linkResolver.cpp, line 759]

VM Operations (20 events):
Event: 3.528 Executing VM operation: Cleanup
Event: 3.528 Executing VM operation: Cleanup done
Event: 3.741 Executing VM operation: HandshakeAllThreads
Event: 3.742 Executing VM operation: HandshakeAllThreads done
Event: 3.748 Executing VM operation: HandshakeAllThreads
Event: 3.748 Executing VM operation: HandshakeAllThreads done
Event: 3.765 Executing VM operation: HandshakeAllThreads
Event: 3.765 Executing VM operation: HandshakeAllThreads done
Event: 4.772 Executing VM operation: Cleanup
Event: 4.772 Executing VM operation: Cleanup done
Event: 5.784 Executing VM operation: Cleanup
Event: 5.784 Executing VM operation: Cleanup done
Event: 6.793 Executing VM operation: Cleanup
Event: 6.793 Executing VM operation: Cleanup done
Event: 7.799 Executing VM operation: Cleanup
Event: 7.799 Executing VM operation: Cleanup done
Event: 60.231 Executing VM operation: HandshakeAllThreads
Event: 60.231 Executing VM operation: HandshakeAllThreads done
Event: 580.581 Executing VM operation: Cleanup
Event: 580.581 Executing VM operation: Cleanup done

Events (20 events):
Event: 7.527 loading class java/awt/event/MouseEvent$1 done
Event: 7.529 loading class java/awt/Cursor$CursorDisposer
Event: 7.529 loading class java/awt/Cursor$CursorDisposer done
Event: 7.530 loading class java/awt/Container$MouseEventTargetFilter
Event: 7.530 loading class java/awt/Container$EventTargetFilter
Event: 7.530 loading class java/awt/Container$EventTargetFilter done
Event: 7.530 loading class java/awt/Container$MouseEventTargetFilter done
Event: 7.530 loading class java/awt/LightweightDispatcher$1
Event: 7.530 loading class java/awt/LightweightDispatcher$1 done
Event: 7.530 loading class java/awt/Toolkit$SelectiveAWTEventListener
Event: 7.531 loading class java/awt/Toolkit$SelectiveAWTEventListener done
Event: 7.531 loading class java/awt/event/MouseWheelEvent
Event: 7.531 loading class java/awt/event/MouseWheelEvent done
Event: 8.708 Thread 0x000001ccfe3b0050 Thread exited: 0x000001ccfe3b0050
Event: 6040.710 loading class java/util/Collections$SynchronizedSet
Event: 6040.725 loading class java/util/Collections$SynchronizedSet done
Event: 6040.726 loading class java/util/WeakHashMap$KeyIterator
Event: 6040.728 loading class java/util/WeakHashMap$HashIterator
Event: 6040.730 loading class java/util/WeakHashMap$HashIterator done
Event: 6040.731 loading class java/util/WeakHashMap$KeyIterator done


Dynamic libraries:
0x00007ff6ac890000 - 0x00007ff6ac89e000 	C:\Users\ariza\.p2\pool\plugins\org.eclipse.justj.openjdk.hotspot.jre.full.win32.x86_64_17.0.9.v20231028-0858\jre\bin\javaw.exe
0x00007ffd5cb90000 - 0x00007ffd5cd88000 	C:\Windows\SYSTEM32\ntdll.dll
0x00007ffd5abf0000 - 0x00007ffd5acad000 	C:\Windows\System32\KERNEL32.DLL
0x00007ffd5a4f0000 - 0x00007ffd5a7e6000 	C:\Windows\System32\KERNELBASE.dll
0x00007ffd5a940000 - 0x00007ffd5aa40000 	C:\Windows\System32\ucrtbase.dll
0x00007ffd44260000 - 0x00007ffd44277000 	C:\Users\ariza\.p2\pool\plugins\org.eclipse.justj.openjdk.hotspot.jre.full.win32.x86_64_17.0.9.v20231028-0858\jre\bin\jli.dll
0x00007ffd5b160000 - 0x00007ffd5b2fe000 	C:\Windows\System32\USER32.dll
0x00007ffd5a910000 - 0x00007ffd5a932000 	C:\Windows\System32\win32u.dll
0x00007ffd5c100000 - 0x00007ffd5c12c000 	C:\Windows\System32\GDI32.dll
0x00007ffd5a270000 - 0x00007ffd5a38a000 	C:\Windows\System32\gdi32full.dll
0x00007ffd5a870000 - 0x00007ffd5a90d000 	C:\Windows\System32\msvcp_win.dll
0x00007ffd441c0000 - 0x00007ffd441db000 	C:\Users\ariza\.p2\pool\plugins\org.eclipse.justj.openjdk.hotspot.jre.full.win32.x86_64_17.0.9.v20231028-0858\jre\bin\VCRUNTIME140.dll
0x00007ffd49c80000 - 0x00007ffd49f1a000 	C:\Windows\WinSxS\amd64_microsoft.windows.common-controls_6595b64144ccf1df_6.0.19041.3636_none_60b6a03d71f818d5\COMCTL32.dll
0x00007ffd5b7d0000 - 0x00007ffd5b86e000 	C:\Windows\System32\msvcrt.dll
0x00007ffd5c030000 - 0x00007ffd5c060000 	C:\Windows\System32\IMM32.DLL
0x00007ffd51040000 - 0x00007ffd5104c000 	C:\Users\ariza\.p2\pool\plugins\org.eclipse.justj.openjdk.hotspot.jre.full.win32.x86_64_17.0.9.v20231028-0858\jre\bin\vcruntime140_1.dll
0x00007ffd0bda0000 - 0x00007ffd0be2d000 	C:\Users\ariza\.p2\pool\plugins\org.eclipse.justj.openjdk.hotspot.jre.full.win32.x86_64_17.0.9.v20231028-0858\jre\bin\msvcp140.dll
0x00007ffd21250000 - 0x00007ffd21eb1000 	C:\Users\ariza\.p2\pool\plugins\org.eclipse.justj.openjdk.hotspot.jre.full.win32.x86_64_17.0.9.v20231028-0858\jre\bin\server\jvm.dll
0x00007ffd5acb0000 - 0x00007ffd5ad5f000 	C:\Windows\System32\ADVAPI32.dll
0x00007ffd5c1f0000 - 0x00007ffd5c28c000 	C:\Windows\System32\sechost.dll
0x00007ffd5ae80000 - 0x00007ffd5afa6000 	C:\Windows\System32\RPCRT4.dll
0x00007ffd5a020000 - 0x00007ffd5a06b000 	C:\Windows\SYSTEM32\POWRPROF.dll
0x00007ffd34780000 - 0x00007ffd34789000 	C:\Windows\SYSTEM32\WSOCK32.dll
0x00007ffd5bfc0000 - 0x00007ffd5c02b000 	C:\Windows\System32\WS2_32.dll
0x00007ffd51f60000 - 0x00007ffd51f87000 	C:\Windows\SYSTEM32\WINMM.dll
0x00007ffd51f50000 - 0x00007ffd51f5a000 	C:\Windows\SYSTEM32\VERSION.dll
0x00007ffd5a000000 - 0x00007ffd5a012000 	C:\Windows\SYSTEM32\UMPDC.dll
0x00007ffd58130000 - 0x00007ffd58142000 	C:\Windows\SYSTEM32\kernel.appcore.dll
0x00007ffd243c0000 - 0x00007ffd243ca000 	C:\Users\ariza\.p2\pool\plugins\org.eclipse.justj.openjdk.hotspot.jre.full.win32.x86_64_17.0.9.v20231028-0858\jre\bin\jimage.dll
0x00007ffd45970000 - 0x00007ffd45b54000 	C:\Windows\SYSTEM32\DBGHELP.DLL
0x00007ffd45930000 - 0x00007ffd45964000 	C:\Windows\SYSTEM32\dbgcore.DLL
0x00007ffd5ab60000 - 0x00007ffd5abe2000 	C:\Windows\System32\bcryptPrimitives.dll
0x00007ffd22510000 - 0x00007ffd22535000 	C:\Users\ariza\.p2\pool\plugins\org.eclipse.justj.openjdk.hotspot.jre.full.win32.x86_64_17.0.9.v20231028-0858\jre\bin\java.dll
0x00007ffd224f0000 - 0x00007ffd22508000 	C:\Users\ariza\.p2\pool\plugins\org.eclipse.justj.openjdk.hotspot.jre.full.win32.x86_64_17.0.9.v20231028-0858\jre\bin\zip.dll
0x00007ffd5b870000 - 0x00007ffd5bfb5000 	C:\Windows\System32\SHELL32.dll
0x00007ffd58330000 - 0x00007ffd58acb000 	C:\Windows\SYSTEM32\windows.storage.dll
0x00007ffd5c480000 - 0x00007ffd5c7d4000 	C:\Windows\System32\combase.dll
0x00007ffd59c40000 - 0x00007ffd59c6d000 	C:\Windows\SYSTEM32\Wldp.dll
0x00007ffd5c290000 - 0x00007ffd5c33d000 	C:\Windows\System32\SHCORE.dll
0x00007ffd5c130000 - 0x00007ffd5c185000 	C:\Windows\System32\shlwapi.dll
0x00007ffd5a1a0000 - 0x00007ffd5a1c5000 	C:\Windows\SYSTEM32\profapi.dll
0x00007ffd57760000 - 0x00007ffd57770000 	C:\Users\ariza\.p2\pool\plugins\org.eclipse.justj.openjdk.hotspot.jre.full.win32.x86_64_17.0.9.v20231028-0858\jre\bin\verify.dll
0x00007ffd220a0000 - 0x00007ffd220b9000 	C:\Users\ariza\.p2\pool\plugins\org.eclipse.justj.openjdk.hotspot.jre.full.win32.x86_64_17.0.9.v20231028-0858\jre\bin\net.dll
0x00007ffd51c30000 - 0x00007ffd51d3a000 	C:\Windows\SYSTEM32\WINHTTP.dll
0x00007ffd59940000 - 0x00007ffd599aa000 	C:\Windows\system32\mswsock.dll
0x00007ffd22080000 - 0x00007ffd22096000 	C:\Users\ariza\.p2\pool\plugins\org.eclipse.justj.openjdk.hotspot.jre.full.win32.x86_64_17.0.9.v20231028-0858\jre\bin\nio.dll
0x00007ffd0bc10000 - 0x00007ffd0bda0000 	C:\Users\ariza\.p2\pool\plugins\org.eclipse.justj.openjdk.hotspot.jre.full.win32.x86_64_17.0.9.v20231028-0858\jre\bin\awt.dll
0x00007ffd5b090000 - 0x00007ffd5b15d000 	C:\Windows\System32\OLEAUT32.dll
0x00007ffd57a90000 - 0x00007ffd57b20000 	C:\Windows\SYSTEM32\apphelp.dll
0x00007ffd57c60000 - 0x00007ffd57cfe000 	C:\Windows\system32\uxtheme.dll
0x00007ffd5ad60000 - 0x00007ffd5ae74000 	C:\Windows\System32\MSCTF.dll
0x00007ffd5c350000 - 0x00007ffd5c47b000 	C:\Windows\System32\ole32.dll
0x00007ffd57e40000 - 0x00007ffd57e6f000 	C:\Windows\system32\DWMAPI.DLL
0x00007ffd08970000 - 0x00007ffd08a95000 	C:\Windows\system32\opengl32.dll
0x00007ffd44080000 - 0x00007ffd440ac000 	C:\Windows\SYSTEM32\GLU32.dll
0x00007ffd52180000 - 0x00007ffd521bb000 	C:\Windows\SYSTEM32\dxcore.dll
0x00007ffd5a7f0000 - 0x00007ffd5a83e000 	C:\Windows\System32\cfgmgr32.dll
0x00007ffd0bb80000 - 0x00007ffd0bc08000 	C:\Users\ariza\.p2\pool\plugins\org.eclipse.justj.openjdk.hotspot.jre.full.win32.x86_64_17.0.9.v20231028-0858\jre\bin\freetype.dll
0x00007ffd07a20000 - 0x00007ffd07af3000 	C:\Users\ariza\.p2\pool\plugins\org.eclipse.justj.openjdk.hotspot.jre.full.win32.x86_64_17.0.9.v20231028-0858\jre\bin\fontmanager.dll
0x00007ffd4dd50000 - 0x00007ffd4de49000 	C:\Windows\SYSTEM32\textinputframework.dll
0x00007ffd57840000 - 0x00007ffd57932000 	C:\Windows\System32\CoreMessaging.dll
0x00007ffd57400000 - 0x00007ffd5775b000 	C:\Windows\System32\CoreUIComponents.dll
0x00007ffd560a0000 - 0x00007ffd561f5000 	C:\Windows\SYSTEM32\wintypes.dll
0x00007ffd593b0000 - 0x00007ffd593e3000 	C:\Windows\SYSTEM32\ntmarta.dll
0x00007ffd5ca20000 - 0x00007ffd5cac9000 	C:\Windows\System32\clbcatq.dll
0x00007ffd54ef0000 - 0x00007ffd550a4000 	C:\Windows\SYSTEM32\WindowsCodecs.dll
0x00007ffd5a840000 - 0x00007ffd5a867000 	C:\Windows\System32\bcrypt.dll
0x00007ffd3f560000 - 0x00007ffd3f59e000 	C:\Windows\system32\dataexchange.dll
0x00007ffd567c0000 - 0x00007ffd56a23000 	C:\Windows\system32\d3d11.dll
0x00007ffd56e90000 - 0x00007ffd57073000 	C:\Windows\system32\dcomp.dll
0x00007ffd58b30000 - 0x00007ffd58c23000 	C:\Windows\system32\dxgi.dll
0x00007ffd55330000 - 0x00007ffd55533000 	C:\Windows\system32\twinapi.appcore.dll
0x00007ffd087a0000 - 0x00007ffd0896d000 	C:\Windows\system32\d3d9.dll
0x00007ffd51f90000 - 0x00007ffd5216b000 	C:\Windows\System32\DriverStore\FileRepository\u0360470.inf_amd64_35c64671e7fac064\B360357\aticfx64.dll
0x00007ffd0ed40000 - 0x00007ffd0ed73000 	C:\Windows\System32\DriverStore\FileRepository\u0360470.inf_amd64_35c64671e7fac064\B360357\atiu9p64.dll
0x00007ffd07b00000 - 0x00007ffd08796000 	C:\Windows\System32\DriverStore\FileRepository\u0360470.inf_amd64_35c64671e7fac064\B360357\atiumd64.dll
0x000000006d920000 - 0x000000006e799000 	C:\Windows\System32\DriverStore\FileRepository\u0360470.inf_amd64_35c64671e7fac064\B360357\atiumd6a.dll
0x00007ffd51e40000 - 0x00007ffd51e6f000 	C:\Windows\SYSTEM32\amdihk64.dll

dbghelp: loaded successfully - version: 4.0.5 - missing functions: none
symbol engine: initialized successfully - sym options: 0x614 - pdb path: .;C:\Users\ariza\.p2\pool\plugins\org.eclipse.justj.openjdk.hotspot.jre.full.win32.x86_64_17.0.9.v20231028-0858\jre\bin;C:\Windows\SYSTEM32;C:\Windows\WinSxS\amd64_microsoft.windows.common-controls_6595b64144ccf1df_6.0.19041.3636_none_60b6a03d71f818d5;C:\Users\ariza\.p2\pool\plugins\org.eclipse.justj.openjdk.hotspot.jre.full.win32.x86_64_17.0.9.v20231028-0858\jre\bin\server;C:\Windows\System32\DriverStore\FileRepository\u0360470.inf_amd64_35c64671e7fac064\B360357

VM Arguments:
jvm_args: -Dfile.encoding=windows-1252 -Dstdout.encoding=windows-1252 -Dstderr.encoding=windows-1252 -XX:+ShowCodeDetailsInExceptionMessages 
java_command: LockerManagement.LogoFadeIn
java_class_path (initial): C:\Users\ariza\OneDrive\Documents\GitHub\R1-Locker-Management\LockerManagementProject\LockerManagement\bin;C:\Users\ariza\OneDrive\Documents\GitHub\R1-Locker-Management\LockerManagementProject\LockerManagement\miglayout-src.zip;C:\Users\ariza\OneDrive\Documents\GitHub\R1-Locker-Management\LockerManagementProject\LockerManagement\miglayout15-swing.jar
Launcher Type: SUN_STANDARD

[Global flags]
     intx CICompilerCount                          = 3                                         {product} {ergonomic}
     uint ConcGCThreads                            = 1                                         {product} {ergonomic}
     uint G1ConcRefinementThreads                  = 4                                         {product} {ergonomic}
   size_t G1HeapRegionSize                         = 1048576                                   {product} {ergonomic}
    uintx GCDrainStackTargetSize                   = 64                                        {product} {ergonomic}
   size_t InitialHeapSize                          = 125829120                                 {product} {ergonomic}
   size_t MarkStackSize                            = 4194304                                   {product} {ergonomic}
   size_t MaxHeapSize                              = 2004877312                                {product} {ergonomic}
   size_t MaxNewSize                               = 1202716672                                {product} {ergonomic}
   size_t MinHeapDeltaBytes                        = 1048576                                   {product} {ergonomic}
   size_t MinHeapSize                              = 8388608                                   {product} {ergonomic}
    uintx NonNMethodCodeHeapSize                   = 5832780                                {pd product} {ergonomic}
    uintx NonProfiledCodeHeapSize                  = 122912730                              {pd product} {ergonomic}
    uintx ProfiledCodeHeapSize                     = 122912730                              {pd product} {ergonomic}
    uintx ReservedCodeCacheSize                    = 251658240                              {pd product} {ergonomic}
     bool SegmentedCodeCache                       = true                                      {product} {ergonomic}
     bool ShowCodeDetailsInExceptionMessages       = true                                   {manageable} {command line}
   size_t SoftMaxHeapSize                          = 2004877312                             {manageable} {ergonomic}
     bool UseCompressedClassPointers               = true                           {product lp64_product} {ergonomic}
     bool UseCompressedOops                        = true                           {product lp64_product} {ergonomic}
     bool UseG1GC                                  = true                                      {product} {ergonomic}
     bool UseLargePagesIndividualAllocation        = false                                  {pd product} {ergonomic}

Logging:
Log output configuration:
 #0: stdout all=warning uptime,level,tags
 #1: stderr all=off uptime,level,tags

Environment Variables:
PATH=C:/Users/ariza/.p2/pool/plugins/org.eclipse.justj.openjdk.hotspot.jre.full.win32.x86_64_17.0.9.v20231028-0858/jre/bin/server;C:/Users/ariza/.p2/pool/plugins/org.eclipse.justj.openjdk.hotspot.jre.full.win32.x86_64_17.0.9.v20231028-0858/jre/bin;C:\Windows\system32;C:\Windows;C:\Windows\System32\Wbem;C:\Windows\System32\WindowsPowerShell\v1.0\;C:\Windows\System32\OpenSSH\;C:\Program Files\Microsoft SQL Server\150\Tools\Binn\;C:\Program Files\Microsoft SQL Server\Client SDK\ODBC\170\Tools\Binn\;C:\Program Files\dotnet\;C:\Users\ariza\AppData\Local\Microsoft\WindowsApps;C:\Users\ariza\.dotnet\tools;C:\Users\ariza\AppData\Local\GitHubDesktop\bin;C:\Users\ariza\OneDrive\Desktop;
USERNAME=ariza
OS=Windows_NT
PROCESSOR_IDENTIFIER=AMD64 Family 21 Model 101 Stepping 1, AuthenticAMD
TMP=C:\Users\ariza\AppData\Local\Temp
TEMP=C:\Users\ariza\AppData\Local\Temp



Periodic native trim disabled


---------------  S Y S T E M  ---------------

OS:
 Windows 10 , 64 bit Build 19041 (10.0.19041.3636)
OS uptime: 0 days 1:48 hours

CPU: total 4 (initial active 4) (4 cores per cpu, 1 threads per core) family 21 model 101 stepping 1 microcode 0x0, cx8, cmov, fxsr, mmx, 3dnowpref, sse, sse2, sse3, ssse3, sse4a, sse4.1, sse4.2, popcnt, lzcnt, tsc, tscinvbit, avx, avx2, aes, clmul, bmi1, bmi2, fma, vzeroupper, clflush
Processor Information for all 4 processors :
  Max Mhz: 2500, Current Mhz: 2500, Mhz Limit: 2500

Memory: 4k page, system-wide physical 7647M (1208M free)
TotalPageFile size 22909M (AvailPageFile size 1361M)
current process WorkingSet (physical memory assigned to process): 59M, peak: 168M
current process commit charge ("private bytes"): 244M, peak: 249M

vm_info: OpenJDK 64-Bit Server VM (17.0.9+9) for windows-amd64 JRE (17.0.9+9), built on Oct 26 2023 14:01:42 by "admin" with MS VC++ 16.10 / 16.11 (VS2019)

END.
